[2026-02-08T09:50:12.192+0000] {manager.py:469} INFO - Processing files using up to 2 processes at a time 
[2026-02-08T09:50:12.194+0000] {manager.py:470} INFO - Process each file at most once every 30 seconds
[2026-02-08T09:50:12.194+0000] {manager.py:471} INFO - Checking for new files in /opt/airflow/dags every 300 seconds
[2026-02-08T09:50:12.195+0000] {manager.py:738} INFO - Searching for files in /opt/airflow/dags
[2026-02-08T09:50:12.250+0000] {manager.py:741} INFO - There are 3 files in /opt/airflow/dags
[2026-02-08T09:50:12.344+0000] {manager.py:879} INFO - 
================================================================================
DAG File Processing Stats

File Path                                PID  Runtime      # DAGs    # Errors  Last Runtime    Last Run
-------------------------------------  -----  ---------  --------  ----------  --------------  ----------
/opt/airflow/dags/load_full.py           175  0.05s             0           0
/opt/airflow/dags/load_incremental.py    178  0.04s             0           0
/opt/airflow/dags/transform.py                                  0           0
================================================================================
[2026-02-08T09:50:42.416+0000] {manager.py:879} INFO - 
================================================================================
DAG File Processing Stats

File Path                              PID    Runtime      # DAGs    # Errors  Last Runtime    Last Run
-------------------------------------  -----  ---------  --------  ----------  --------------  -------------------
/opt/airflow/dags/load_incremental.py                           1           0  0.62s           2026-02-08T09:50:12
/opt/airflow/dags/load_full.py                                  1           0  0.62s           2026-02-08T09:50:12
/opt/airflow/dags/transform.py                                  1           0  0.31s           2026-02-08T09:50:13
================================================================================
[2026-02-08T09:51:12.866+0000] {manager.py:879} INFO - 
================================================================================
DAG File Processing Stats

File Path                              PID    Runtime      # DAGs    # Errors  Last Runtime    Last Run
-------------------------------------  -----  ---------  --------  ----------  --------------  -------------------
/opt/airflow/dags/load_incremental.py                           1           0  0.52s           2026-02-08T09:50:43
/opt/airflow/dags/load_full.py                                  1           0  0.52s           2026-02-08T09:50:43
/opt/airflow/dags/transform.py                                  1           0  0.34s           2026-02-08T09:50:44
================================================================================
[2026-02-08T09:51:30.973+0000] {manager.py:451} INFO - Exiting gracefully upon receiving signal 15
[2026-02-08T16:21:09.619+0000] {manager.py:469} INFO - Processing files using up to 2 processes at a time 
[2026-02-08T16:21:09.620+0000] {manager.py:470} INFO - Process each file at most once every 30 seconds
[2026-02-08T16:21:09.620+0000] {manager.py:471} INFO - Checking for new files in /opt/airflow/dags every 300 seconds
[2026-02-08T16:21:09.621+0000] {manager.py:738} INFO - Searching for files in /opt/airflow/dags
[2026-02-08T16:21:09.626+0000] {manager.py:741} INFO - There are 3 files in /opt/airflow/dags
[2026-02-08T16:21:09.750+0000] {manager.py:879} INFO - 
================================================================================
DAG File Processing Stats

File Path                                PID  Runtime      # DAGs    # Errors  Last Runtime    Last Run
-------------------------------------  -----  ---------  --------  ----------  --------------  ----------
/opt/airflow/dags/load_full.py           166  0.06s             0           0
/opt/airflow/dags/transform.py                                  0           0
/opt/airflow/dags/load_incremental.py    170  0.05s             0           0
================================================================================
[2026-02-08T16:21:39.795+0000] {manager.py:879} INFO - 
================================================================================
DAG File Processing Stats

File Path                              PID    Runtime      # DAGs    # Errors  Last Runtime    Last Run
-------------------------------------  -----  ---------  --------  ----------  --------------  -------------------
/opt/airflow/dags/load_incremental.py                           1           0  1.94s           2026-02-08T16:21:11
/opt/airflow/dags/load_full.py                                  1           0  1.94s           2026-02-08T16:21:11
/opt/airflow/dags/transform.py                                  1           0  0.46s           2026-02-08T16:21:12
================================================================================
[2026-02-08T16:22:10.412+0000] {manager.py:879} INFO - 
================================================================================
DAG File Processing Stats

File Path                              PID    Runtime      # DAGs    # Errors  Last Runtime    Last Run
-------------------------------------  -----  ---------  --------  ----------  --------------  -------------------
/opt/airflow/dags/load_full.py                                  1           0  0.36s           2026-02-08T16:21:42
/opt/airflow/dags/load_incremental.py                           1           0  0.35s           2026-02-08T16:21:42
/opt/airflow/dags/transform.py                                  1           0  0.33s           2026-02-08T16:21:42
================================================================================
[2026-02-08T16:22:41.010+0000] {manager.py:879} INFO - 
================================================================================
DAG File Processing Stats

File Path                              PID    Runtime      # DAGs    # Errors  Last Runtime    Last Run
-------------------------------------  -----  ---------  --------  ----------  --------------  -------------------
/opt/airflow/dags/load_incremental.py                           1           0  0.34s           2026-02-08T16:22:12
/opt/airflow/dags/load_full.py                                  1           0  0.33s           2026-02-08T16:22:12
/opt/airflow/dags/transform.py                                  1           0  0.32s           2026-02-08T16:22:13
================================================================================
[2026-02-08T16:23:11.210+0000] {manager.py:879} INFO - 
================================================================================
DAG File Processing Stats

File Path                              PID    Runtime      # DAGs    # Errors  Last Runtime    Last Run
-------------------------------------  -----  ---------  --------  ----------  --------------  -------------------
/opt/airflow/dags/load_full.py                                  1           0  0.61s           2026-02-08T16:22:43
/opt/airflow/dags/load_incremental.py                           1           0  0.61s           2026-02-08T16:22:43
/opt/airflow/dags/transform.py                                  1           0  0.34s           2026-02-08T16:22:43
================================================================================
[2026-02-08T16:23:41.564+0000] {manager.py:879} INFO - 
================================================================================
DAG File Processing Stats

File Path                              PID    Runtime      # DAGs    # Errors  Last Runtime    Last Run
-------------------------------------  -----  ---------  --------  ----------  --------------  -------------------
/opt/airflow/dags/load_full.py                                  1           0  0.37s           2026-02-08T16:23:14
/opt/airflow/dags/load_incremental.py                           1           0  0.36s           2026-02-08T16:23:14
/opt/airflow/dags/transform.py                                  1           0  0.32s           2026-02-08T16:23:14
================================================================================
[2026-02-08T16:24:12.179+0000] {manager.py:879} INFO - 
================================================================================
DAG File Processing Stats

File Path                              PID    Runtime      # DAGs    # Errors  Last Runtime    Last Run
-------------------------------------  -----  ---------  --------  ----------  --------------  -------------------
/opt/airflow/dags/load_incremental.py                           1           0  0.34s           2026-02-08T16:23:44
/opt/airflow/dags/load_full.py                                  1           0  0.33s           2026-02-08T16:23:44
/opt/airflow/dags/transform.py                                  1           0  0.32s           2026-02-08T16:23:45
================================================================================
[2026-02-08T16:24:42.824+0000] {manager.py:879} INFO - 
================================================================================
DAG File Processing Stats

File Path                              PID    Runtime      # DAGs    # Errors  Last Runtime    Last Run
-------------------------------------  -----  ---------  --------  ----------  --------------  -------------------
/opt/airflow/dags/load_full.py                                  1           0  0.35s           2026-02-08T16:24:15
/opt/airflow/dags/load_incremental.py                           1           0  0.34s           2026-02-08T16:24:15
/opt/airflow/dags/transform.py                                  1           0  0.31s           2026-02-08T16:24:15
================================================================================
[2026-02-08T16:25:13.469+0000] {manager.py:879} INFO - 
================================================================================
DAG File Processing Stats

File Path                              PID    Runtime      # DAGs    # Errors  Last Runtime    Last Run
-------------------------------------  -----  ---------  --------  ----------  --------------  -------------------
/opt/airflow/dags/load_full.py                                  1           0  0.35s           2026-02-08T16:24:46
/opt/airflow/dags/load_incremental.py                           1           0  0.34s           2026-02-08T16:24:46
/opt/airflow/dags/transform.py                                  1           0  0.32s           2026-02-08T16:24:46
================================================================================
[2026-02-08T16:25:44.050+0000] {manager.py:879} INFO - 
================================================================================
DAG File Processing Stats

File Path                              PID    Runtime      # DAGs    # Errors  Last Runtime    Last Run
-------------------------------------  -----  ---------  --------  ----------  --------------  -------------------
/opt/airflow/dags/load_full.py                                  1           0  0.34s           2026-02-08T16:25:16
/opt/airflow/dags/load_incremental.py                           1           0  0.33s           2026-02-08T16:25:16
/opt/airflow/dags/transform.py                                  1           0  0.31s           2026-02-08T16:25:17
================================================================================
[2026-02-08T16:26:09.644+0000] {manager.py:738} INFO - Searching for files in /opt/airflow/dags
[2026-02-08T16:26:09.663+0000] {manager.py:741} INFO - There are 3 files in /opt/airflow/dags
[2026-02-08T16:26:14.716+0000] {manager.py:879} INFO - 
================================================================================
DAG File Processing Stats

File Path                              PID    Runtime      # DAGs    # Errors  Last Runtime    Last Run
-------------------------------------  -----  ---------  --------  ----------  --------------  -------------------
/opt/airflow/dags/load_incremental.py                           1           0  0.34s           2026-02-08T16:25:47
/opt/airflow/dags/load_full.py                                  1           0  0.34s           2026-02-08T16:25:47
/opt/airflow/dags/transform.py                                  1           0  0.31s           2026-02-08T16:25:47
================================================================================
[2026-02-08T16:26:45.317+0000] {manager.py:879} INFO - 
================================================================================
DAG File Processing Stats

File Path                              PID    Runtime      # DAGs    # Errors  Last Runtime    Last Run
-------------------------------------  -----  ---------  --------  ----------  --------------  -------------------
/opt/airflow/dags/load_incremental.py                           1           0  0.33s           2026-02-08T16:26:18
/opt/airflow/dags/load_full.py                                  1           0  0.32s           2026-02-08T16:26:18
/opt/airflow/dags/transform.py                                  1           0  0.31s           2026-02-08T16:26:18
================================================================================
[2026-02-08T16:27:15.977+0000] {manager.py:879} INFO - 
================================================================================
DAG File Processing Stats

File Path                              PID    Runtime      # DAGs    # Errors  Last Runtime    Last Run
-------------------------------------  -----  ---------  --------  ----------  --------------  -------------------
/opt/airflow/dags/load_full.py                                  1           0  0.35s           2026-02-08T16:26:48
/opt/airflow/dags/transform.py                                  1           0  0.34s           2026-02-08T16:26:49
/opt/airflow/dags/load_incremental.py                           1           0  0.33s           2026-02-08T16:26:48
================================================================================
[2026-02-08T16:27:46.600+0000] {manager.py:879} INFO - 
================================================================================
DAG File Processing Stats

File Path                              PID    Runtime      # DAGs    # Errors  Last Runtime    Last Run
-------------------------------------  -----  ---------  --------  ----------  --------------  -------------------
/opt/airflow/dags/load_incremental.py                           1           0  0.37s           2026-02-08T16:27:19
/opt/airflow/dags/load_full.py                                  1           0  0.35s           2026-02-08T16:27:19
/opt/airflow/dags/transform.py                                  1           0  0.34s           2026-02-08T16:27:19
================================================================================
[2026-02-08T16:28:17.329+0000] {manager.py:879} INFO - 
================================================================================
DAG File Processing Stats

File Path                              PID    Runtime      # DAGs    # Errors  Last Runtime    Last Run
-------------------------------------  -----  ---------  --------  ----------  --------------  -------------------
/opt/airflow/dags/load_full.py                                  1           0  0.42s           2026-02-08T16:27:50
/opt/airflow/dags/load_incremental.py                           1           0  0.40s           2026-02-08T16:27:50
/opt/airflow/dags/transform.py                                  1           0  0.32s           2026-02-08T16:27:50
================================================================================
[2026-02-08T16:28:47.960+0000] {manager.py:879} INFO - 
================================================================================
DAG File Processing Stats

File Path                              PID    Runtime      # DAGs    # Errors  Last Runtime    Last Run
-------------------------------------  -----  ---------  --------  ----------  --------------  -------------------
/opt/airflow/dags/load_full.py                                  1           0  0.36s           2026-02-08T16:28:20
/opt/airflow/dags/load_incremental.py                           1           0  0.35s           2026-02-08T16:28:20
/opt/airflow/dags/transform.py                                  1           0  0.34s           2026-02-08T16:28:21
================================================================================
[2026-02-08T16:29:18.560+0000] {manager.py:879} INFO - 
================================================================================
DAG File Processing Stats

File Path                              PID    Runtime      # DAGs    # Errors  Last Runtime    Last Run
-------------------------------------  -----  ---------  --------  ----------  --------------  -------------------
/opt/airflow/dags/load_full.py                                  1           0  0.34s           2026-02-08T16:28:51
/opt/airflow/dags/load_incremental.py                           1           0  0.34s           2026-02-08T16:28:51
/opt/airflow/dags/transform.py                                  1           0  0.31s           2026-02-08T16:28:51
================================================================================
[2026-02-08T16:29:49.219+0000] {manager.py:879} INFO - 
================================================================================
DAG File Processing Stats

File Path                              PID    Runtime      # DAGs    # Errors  Last Runtime    Last Run
-------------------------------------  -----  ---------  --------  ----------  --------------  -------------------
/opt/airflow/dags/load_full.py                                  1           0  0.37s           2026-02-08T16:29:21
/opt/airflow/dags/load_incremental.py                           1           0  0.36s           2026-02-08T16:29:21
/opt/airflow/dags/transform.py                                  1           0  0.31s           2026-02-08T16:29:22
================================================================================
