[2026-02-01T08:56:47.335+0000] {processor.py:161} INFO - Started process (PID=166) to work on /opt/airflow/dags/transform.py
[2026-02-01T08:56:47.336+0000] {processor.py:830} INFO - Processing file /opt/airflow/dags/transform.py for tasks to queue
[2026-02-01T08:56:47.337+0000] {logging_mixin.py:188} INFO - [2026-02-01T08:56:47.337+0000] {dagbag.py:540} INFO - Filling up the DagBag from /opt/airflow/dags/transform.py
[2026-02-01T08:56:48.683+0000] {processor.py:840} INFO - DAG(s) 'etl_iot_temp_transform' retrieved from /opt/airflow/dags/transform.py
[2026-02-01T08:56:49.003+0000] {logging_mixin.py:188} INFO - [2026-02-01T08:56:49.002+0000] {override.py:1769} INFO - Created Permission View: can read on DAG:etl_iot_temp_transform
[2026-02-01T08:56:49.013+0000] {logging_mixin.py:188} INFO - [2026-02-01T08:56:49.013+0000] {override.py:1769} INFO - Created Permission View: can edit on DAG:etl_iot_temp_transform
[2026-02-01T08:56:49.021+0000] {logging_mixin.py:188} INFO - [2026-02-01T08:56:49.021+0000] {override.py:1769} INFO - Created Permission View: can delete on DAG:etl_iot_temp_transform
[2026-02-01T08:56:49.022+0000] {logging_mixin.py:188} INFO - [2026-02-01T08:56:49.021+0000] {dag.py:3047} INFO - Sync 1 DAGs
[2026-02-01T08:56:49.037+0000] {logging_mixin.py:188} INFO - [2026-02-01T08:56:49.036+0000] {dag.py:3069} INFO - Creating ORM DAG for etl_iot_temp_transform
[2026-02-01T08:56:49.037+0000] {logging_mixin.py:188} INFO - [2026-02-01T08:56:49.037+0000] {dag.py:3834} INFO - Setting next_dagrun for etl_iot_temp_transform to None, run_after=None
[2026-02-01T08:56:49.061+0000] {processor.py:183} INFO - Processing /opt/airflow/dags/transform.py took 1.732 seconds
[2026-02-01T08:57:19.264+0000] {processor.py:161} INFO - Started process (PID=173) to work on /opt/airflow/dags/transform.py
[2026-02-01T08:57:19.266+0000] {processor.py:830} INFO - Processing file /opt/airflow/dags/transform.py for tasks to queue
[2026-02-01T08:57:19.267+0000] {logging_mixin.py:188} INFO - [2026-02-01T08:57:19.267+0000] {dagbag.py:540} INFO - Filling up the DagBag from /opt/airflow/dags/transform.py
[2026-02-01T08:57:19.559+0000] {processor.py:840} INFO - DAG(s) 'etl_iot_temp_transform' retrieved from /opt/airflow/dags/transform.py
[2026-02-01T08:57:19.587+0000] {logging_mixin.py:188} INFO - [2026-02-01T08:57:19.586+0000] {dag.py:3047} INFO - Sync 1 DAGs
[2026-02-01T08:57:19.598+0000] {logging_mixin.py:188} INFO - [2026-02-01T08:57:19.598+0000] {dag.py:3834} INFO - Setting next_dagrun for etl_iot_temp_transform to None, run_after=None
[2026-02-01T08:57:19.619+0000] {processor.py:183} INFO - Processing /opt/airflow/dags/transform.py took 0.363 seconds
[2026-02-01T08:57:49.825+0000] {processor.py:161} INFO - Started process (PID=179) to work on /opt/airflow/dags/transform.py
[2026-02-01T08:57:49.825+0000] {processor.py:830} INFO - Processing file /opt/airflow/dags/transform.py for tasks to queue
[2026-02-01T08:57:49.827+0000] {logging_mixin.py:188} INFO - [2026-02-01T08:57:49.826+0000] {dagbag.py:540} INFO - Filling up the DagBag from /opt/airflow/dags/transform.py
[2026-02-01T08:57:50.225+0000] {processor.py:840} INFO - DAG(s) 'etl_iot_temp_transform' retrieved from /opt/airflow/dags/transform.py
[2026-02-01T08:57:50.288+0000] {logging_mixin.py:188} INFO - [2026-02-01T08:57:50.284+0000] {dag.py:3047} INFO - Sync 1 DAGs
[2026-02-01T08:57:50.322+0000] {logging_mixin.py:188} INFO - [2026-02-01T08:57:50.321+0000] {dag.py:3834} INFO - Setting next_dagrun for etl_iot_temp_transform to None, run_after=None
[2026-02-01T08:57:50.364+0000] {processor.py:183} INFO - Processing /opt/airflow/dags/transform.py took 0.544 seconds
[2026-02-01T08:58:20.652+0000] {processor.py:161} INFO - Started process (PID=185) to work on /opt/airflow/dags/transform.py
[2026-02-01T08:58:20.653+0000] {processor.py:830} INFO - Processing file /opt/airflow/dags/transform.py for tasks to queue
[2026-02-01T08:58:20.654+0000] {logging_mixin.py:188} INFO - [2026-02-01T08:58:20.654+0000] {dagbag.py:540} INFO - Filling up the DagBag from /opt/airflow/dags/transform.py
[2026-02-01T08:58:20.911+0000] {processor.py:840} INFO - DAG(s) 'etl_iot_temp_transform' retrieved from /opt/airflow/dags/transform.py
[2026-02-01T08:58:20.932+0000] {logging_mixin.py:188} INFO - [2026-02-01T08:58:20.932+0000] {dag.py:3047} INFO - Sync 1 DAGs
[2026-02-01T08:58:20.943+0000] {logging_mixin.py:188} INFO - [2026-02-01T08:58:20.943+0000] {dag.py:3834} INFO - Setting next_dagrun for etl_iot_temp_transform to None, run_after=None
[2026-02-01T08:58:20.968+0000] {processor.py:183} INFO - Processing /opt/airflow/dags/transform.py took 0.321 seconds
[2026-02-01T08:58:51.278+0000] {processor.py:161} INFO - Started process (PID=191) to work on /opt/airflow/dags/transform.py
[2026-02-01T08:58:51.279+0000] {processor.py:830} INFO - Processing file /opt/airflow/dags/transform.py for tasks to queue
[2026-02-01T08:58:51.280+0000] {logging_mixin.py:188} INFO - [2026-02-01T08:58:51.280+0000] {dagbag.py:540} INFO - Filling up the DagBag from /opt/airflow/dags/transform.py
[2026-02-01T08:58:51.534+0000] {processor.py:840} INFO - DAG(s) 'etl_iot_temp_transform' retrieved from /opt/airflow/dags/transform.py
[2026-02-01T08:58:51.558+0000] {logging_mixin.py:188} INFO - [2026-02-01T08:58:51.557+0000] {dag.py:3047} INFO - Sync 1 DAGs
[2026-02-01T08:58:51.569+0000] {logging_mixin.py:188} INFO - [2026-02-01T08:58:51.568+0000] {dag.py:3834} INFO - Setting next_dagrun for etl_iot_temp_transform to None, run_after=None
[2026-02-01T08:58:51.595+0000] {processor.py:183} INFO - Processing /opt/airflow/dags/transform.py took 0.321 seconds
[2026-02-01T08:59:21.931+0000] {processor.py:161} INFO - Started process (PID=197) to work on /opt/airflow/dags/transform.py
[2026-02-01T08:59:21.932+0000] {processor.py:830} INFO - Processing file /opt/airflow/dags/transform.py for tasks to queue
[2026-02-01T08:59:21.933+0000] {logging_mixin.py:188} INFO - [2026-02-01T08:59:21.933+0000] {dagbag.py:540} INFO - Filling up the DagBag from /opt/airflow/dags/transform.py
[2026-02-01T08:59:22.186+0000] {processor.py:840} INFO - DAG(s) 'etl_iot_temp_transform' retrieved from /opt/airflow/dags/transform.py
[2026-02-01T08:59:22.207+0000] {logging_mixin.py:188} INFO - [2026-02-01T08:59:22.206+0000] {dag.py:3047} INFO - Sync 1 DAGs
[2026-02-01T08:59:22.218+0000] {logging_mixin.py:188} INFO - [2026-02-01T08:59:22.218+0000] {dag.py:3834} INFO - Setting next_dagrun for etl_iot_temp_transform to None, run_after=None
[2026-02-01T08:59:22.244+0000] {processor.py:183} INFO - Processing /opt/airflow/dags/transform.py took 0.317 seconds
[2026-02-01T08:59:52.513+0000] {processor.py:161} INFO - Started process (PID=203) to work on /opt/airflow/dags/transform.py
[2026-02-01T08:59:52.514+0000] {processor.py:830} INFO - Processing file /opt/airflow/dags/transform.py for tasks to queue
[2026-02-01T08:59:52.515+0000] {logging_mixin.py:188} INFO - [2026-02-01T08:59:52.514+0000] {dagbag.py:540} INFO - Filling up the DagBag from /opt/airflow/dags/transform.py
[2026-02-01T08:59:52.769+0000] {processor.py:840} INFO - DAG(s) 'etl_iot_temp_transform' retrieved from /opt/airflow/dags/transform.py
[2026-02-01T08:59:52.793+0000] {logging_mixin.py:188} INFO - [2026-02-01T08:59:52.791+0000] {dag.py:3047} INFO - Sync 1 DAGs
[2026-02-01T08:59:52.805+0000] {logging_mixin.py:188} INFO - [2026-02-01T08:59:52.805+0000] {dag.py:3834} INFO - Setting next_dagrun for etl_iot_temp_transform to None, run_after=None
[2026-02-01T08:59:52.824+0000] {processor.py:183} INFO - Processing /opt/airflow/dags/transform.py took 0.315 seconds
[2026-02-01T09:00:23.099+0000] {processor.py:161} INFO - Started process (PID=209) to work on /opt/airflow/dags/transform.py
[2026-02-01T09:00:23.100+0000] {processor.py:830} INFO - Processing file /opt/airflow/dags/transform.py for tasks to queue
[2026-02-01T09:00:23.101+0000] {logging_mixin.py:188} INFO - [2026-02-01T09:00:23.100+0000] {dagbag.py:540} INFO - Filling up the DagBag from /opt/airflow/dags/transform.py
[2026-02-01T09:00:23.363+0000] {processor.py:840} INFO - DAG(s) 'etl_iot_temp_transform' retrieved from /opt/airflow/dags/transform.py
[2026-02-01T09:00:23.385+0000] {logging_mixin.py:188} INFO - [2026-02-01T09:00:23.384+0000] {dag.py:3047} INFO - Sync 1 DAGs
[2026-02-01T09:00:23.396+0000] {logging_mixin.py:188} INFO - [2026-02-01T09:00:23.396+0000] {dag.py:3834} INFO - Setting next_dagrun for etl_iot_temp_transform to None, run_after=None
[2026-02-01T09:00:23.421+0000] {processor.py:183} INFO - Processing /opt/airflow/dags/transform.py took 0.328 seconds
[2026-02-01T09:00:53.723+0000] {processor.py:161} INFO - Started process (PID=215) to work on /opt/airflow/dags/transform.py
[2026-02-01T09:00:53.732+0000] {processor.py:830} INFO - Processing file /opt/airflow/dags/transform.py for tasks to queue
[2026-02-01T09:00:53.736+0000] {logging_mixin.py:188} INFO - [2026-02-01T09:00:53.735+0000] {dagbag.py:540} INFO - Filling up the DagBag from /opt/airflow/dags/transform.py
[2026-02-01T09:00:53.999+0000] {processor.py:840} INFO - DAG(s) 'etl_iot_temp_transform' retrieved from /opt/airflow/dags/transform.py
[2026-02-01T09:00:54.019+0000] {logging_mixin.py:188} INFO - [2026-02-01T09:00:54.019+0000] {dag.py:3047} INFO - Sync 1 DAGs
[2026-02-01T09:00:54.030+0000] {logging_mixin.py:188} INFO - [2026-02-01T09:00:54.029+0000] {dag.py:3834} INFO - Setting next_dagrun for etl_iot_temp_transform to None, run_after=None
[2026-02-01T09:00:54.056+0000] {processor.py:183} INFO - Processing /opt/airflow/dags/transform.py took 0.339 seconds
[2026-02-01T09:01:24.339+0000] {processor.py:161} INFO - Started process (PID=224) to work on /opt/airflow/dags/transform.py
[2026-02-01T09:01:24.340+0000] {processor.py:830} INFO - Processing file /opt/airflow/dags/transform.py for tasks to queue
[2026-02-01T09:01:24.341+0000] {logging_mixin.py:188} INFO - [2026-02-01T09:01:24.341+0000] {dagbag.py:540} INFO - Filling up the DagBag from /opt/airflow/dags/transform.py
[2026-02-01T09:01:24.612+0000] {processor.py:840} INFO - DAG(s) 'etl_iot_temp_transform' retrieved from /opt/airflow/dags/transform.py
[2026-02-01T09:01:24.632+0000] {logging_mixin.py:188} INFO - [2026-02-01T09:01:24.632+0000] {dag.py:3047} INFO - Sync 1 DAGs
[2026-02-01T09:01:24.643+0000] {logging_mixin.py:188} INFO - [2026-02-01T09:01:24.643+0000] {dag.py:3834} INFO - Setting next_dagrun for etl_iot_temp_transform to None, run_after=None
[2026-02-01T09:01:24.671+0000] {processor.py:183} INFO - Processing /opt/airflow/dags/transform.py took 0.337 seconds
[2026-02-01T09:01:54.982+0000] {processor.py:161} INFO - Started process (PID=230) to work on /opt/airflow/dags/transform.py
[2026-02-01T09:01:54.984+0000] {processor.py:830} INFO - Processing file /opt/airflow/dags/transform.py for tasks to queue
[2026-02-01T09:01:54.985+0000] {logging_mixin.py:188} INFO - [2026-02-01T09:01:54.984+0000] {dagbag.py:540} INFO - Filling up the DagBag from /opt/airflow/dags/transform.py
[2026-02-01T09:01:55.235+0000] {processor.py:840} INFO - DAG(s) 'etl_iot_temp_transform' retrieved from /opt/airflow/dags/transform.py
[2026-02-01T09:01:55.256+0000] {logging_mixin.py:188} INFO - [2026-02-01T09:01:55.255+0000] {dag.py:3047} INFO - Sync 1 DAGs
[2026-02-01T09:01:55.267+0000] {logging_mixin.py:188} INFO - [2026-02-01T09:01:55.266+0000] {dag.py:3834} INFO - Setting next_dagrun for etl_iot_temp_transform to None, run_after=None
[2026-02-01T09:01:55.292+0000] {processor.py:183} INFO - Processing /opt/airflow/dags/transform.py took 0.316 seconds
[2026-02-01T09:02:25.624+0000] {processor.py:161} INFO - Started process (PID=236) to work on /opt/airflow/dags/transform.py
[2026-02-01T09:02:25.625+0000] {processor.py:830} INFO - Processing file /opt/airflow/dags/transform.py for tasks to queue
[2026-02-01T09:02:25.627+0000] {logging_mixin.py:188} INFO - [2026-02-01T09:02:25.626+0000] {dagbag.py:540} INFO - Filling up the DagBag from /opt/airflow/dags/transform.py
[2026-02-01T09:02:25.881+0000] {processor.py:840} INFO - DAG(s) 'etl_iot_temp_transform' retrieved from /opt/airflow/dags/transform.py
[2026-02-01T09:02:25.902+0000] {logging_mixin.py:188} INFO - [2026-02-01T09:02:25.901+0000] {dag.py:3047} INFO - Sync 1 DAGs
[2026-02-01T09:02:25.913+0000] {logging_mixin.py:188} INFO - [2026-02-01T09:02:25.912+0000] {dag.py:3834} INFO - Setting next_dagrun for etl_iot_temp_transform to None, run_after=None
[2026-02-01T09:02:25.938+0000] {processor.py:183} INFO - Processing /opt/airflow/dags/transform.py took 0.322 seconds
[2026-02-01T09:02:56.254+0000] {processor.py:161} INFO - Started process (PID=242) to work on /opt/airflow/dags/transform.py
[2026-02-01T09:02:56.262+0000] {processor.py:830} INFO - Processing file /opt/airflow/dags/transform.py for tasks to queue
[2026-02-01T09:02:56.264+0000] {logging_mixin.py:188} INFO - [2026-02-01T09:02:56.264+0000] {dagbag.py:540} INFO - Filling up the DagBag from /opt/airflow/dags/transform.py
[2026-02-01T09:02:56.520+0000] {processor.py:840} INFO - DAG(s) 'etl_iot_temp_transform' retrieved from /opt/airflow/dags/transform.py
[2026-02-01T09:02:56.542+0000] {logging_mixin.py:188} INFO - [2026-02-01T09:02:56.541+0000] {dag.py:3047} INFO - Sync 1 DAGs
[2026-02-01T09:02:56.553+0000] {logging_mixin.py:188} INFO - [2026-02-01T09:02:56.552+0000] {dag.py:3834} INFO - Setting next_dagrun for etl_iot_temp_transform to None, run_after=None
[2026-02-01T09:02:56.578+0000] {processor.py:183} INFO - Processing /opt/airflow/dags/transform.py took 0.331 seconds
[2026-02-01T09:03:26.882+0000] {processor.py:161} INFO - Started process (PID=248) to work on /opt/airflow/dags/transform.py
[2026-02-01T09:03:26.883+0000] {processor.py:830} INFO - Processing file /opt/airflow/dags/transform.py for tasks to queue
[2026-02-01T09:03:26.885+0000] {logging_mixin.py:188} INFO - [2026-02-01T09:03:26.884+0000] {dagbag.py:540} INFO - Filling up the DagBag from /opt/airflow/dags/transform.py
[2026-02-01T09:03:27.141+0000] {processor.py:840} INFO - DAG(s) 'etl_iot_temp_transform' retrieved from /opt/airflow/dags/transform.py
[2026-02-01T09:03:27.160+0000] {logging_mixin.py:188} INFO - [2026-02-01T09:03:27.160+0000] {dag.py:3047} INFO - Sync 1 DAGs
[2026-02-01T09:03:27.171+0000] {logging_mixin.py:188} INFO - [2026-02-01T09:03:27.171+0000] {dag.py:3834} INFO - Setting next_dagrun for etl_iot_temp_transform to None, run_after=None
[2026-02-01T09:03:27.199+0000] {processor.py:183} INFO - Processing /opt/airflow/dags/transform.py took 0.323 seconds
[2026-02-01T09:03:57.496+0000] {processor.py:161} INFO - Started process (PID=254) to work on /opt/airflow/dags/transform.py
[2026-02-01T09:03:57.497+0000] {processor.py:830} INFO - Processing file /opt/airflow/dags/transform.py for tasks to queue
[2026-02-01T09:03:57.499+0000] {logging_mixin.py:188} INFO - [2026-02-01T09:03:57.499+0000] {dagbag.py:540} INFO - Filling up the DagBag from /opt/airflow/dags/transform.py
[2026-02-01T09:03:57.750+0000] {processor.py:840} INFO - DAG(s) 'etl_iot_temp_transform' retrieved from /opt/airflow/dags/transform.py
[2026-02-01T09:03:57.770+0000] {logging_mixin.py:188} INFO - [2026-02-01T09:03:57.770+0000] {dag.py:3047} INFO - Sync 1 DAGs
[2026-02-01T09:03:57.782+0000] {logging_mixin.py:188} INFO - [2026-02-01T09:03:57.782+0000] {dag.py:3834} INFO - Setting next_dagrun for etl_iot_temp_transform to None, run_after=None
[2026-02-01T09:03:57.808+0000] {processor.py:183} INFO - Processing /opt/airflow/dags/transform.py took 0.318 seconds
[2026-02-01T09:04:28.041+0000] {processor.py:161} INFO - Started process (PID=260) to work on /opt/airflow/dags/transform.py
[2026-02-01T09:04:28.041+0000] {processor.py:830} INFO - Processing file /opt/airflow/dags/transform.py for tasks to queue
[2026-02-01T09:04:28.042+0000] {logging_mixin.py:188} INFO - [2026-02-01T09:04:28.042+0000] {dagbag.py:540} INFO - Filling up the DagBag from /opt/airflow/dags/transform.py
[2026-02-01T09:04:28.301+0000] {processor.py:840} INFO - DAG(s) 'etl_iot_temp_transform' retrieved from /opt/airflow/dags/transform.py
[2026-02-01T09:04:28.323+0000] {logging_mixin.py:188} INFO - [2026-02-01T09:04:28.322+0000] {dag.py:3047} INFO - Sync 1 DAGs
[2026-02-01T09:04:28.334+0000] {logging_mixin.py:188} INFO - [2026-02-01T09:04:28.334+0000] {dag.py:3834} INFO - Setting next_dagrun for etl_iot_temp_transform to None, run_after=None
[2026-02-01T09:04:28.360+0000] {processor.py:183} INFO - Processing /opt/airflow/dags/transform.py took 0.322 seconds
[2026-02-01T09:04:58.662+0000] {processor.py:161} INFO - Started process (PID=266) to work on /opt/airflow/dags/transform.py
[2026-02-01T09:04:58.664+0000] {processor.py:830} INFO - Processing file /opt/airflow/dags/transform.py for tasks to queue
[2026-02-01T09:04:58.667+0000] {logging_mixin.py:188} INFO - [2026-02-01T09:04:58.666+0000] {dagbag.py:540} INFO - Filling up the DagBag from /opt/airflow/dags/transform.py
[2026-02-01T09:04:58.916+0000] {processor.py:840} INFO - DAG(s) 'etl_iot_temp_transform' retrieved from /opt/airflow/dags/transform.py
[2026-02-01T09:04:58.935+0000] {logging_mixin.py:188} INFO - [2026-02-01T09:04:58.935+0000] {dag.py:3047} INFO - Sync 1 DAGs
[2026-02-01T09:04:58.946+0000] {logging_mixin.py:188} INFO - [2026-02-01T09:04:58.946+0000] {dag.py:3834} INFO - Setting next_dagrun for etl_iot_temp_transform to None, run_after=None
[2026-02-01T09:04:58.966+0000] {processor.py:183} INFO - Processing /opt/airflow/dags/transform.py took 0.315 seconds
[2026-02-01T09:05:29.261+0000] {processor.py:161} INFO - Started process (PID=272) to work on /opt/airflow/dags/transform.py
[2026-02-01T09:05:29.262+0000] {processor.py:830} INFO - Processing file /opt/airflow/dags/transform.py for tasks to queue
[2026-02-01T09:05:29.263+0000] {logging_mixin.py:188} INFO - [2026-02-01T09:05:29.263+0000] {dagbag.py:540} INFO - Filling up the DagBag from /opt/airflow/dags/transform.py
[2026-02-01T09:05:29.512+0000] {processor.py:840} INFO - DAG(s) 'etl_iot_temp_transform' retrieved from /opt/airflow/dags/transform.py
[2026-02-01T09:05:29.532+0000] {logging_mixin.py:188} INFO - [2026-02-01T09:05:29.532+0000] {dag.py:3047} INFO - Sync 1 DAGs
[2026-02-01T09:05:29.543+0000] {logging_mixin.py:188} INFO - [2026-02-01T09:05:29.543+0000] {dag.py:3834} INFO - Setting next_dagrun for etl_iot_temp_transform to None, run_after=None
[2026-02-01T09:05:29.569+0000] {processor.py:183} INFO - Processing /opt/airflow/dags/transform.py took 0.312 seconds
[2026-02-01T09:05:59.892+0000] {processor.py:161} INFO - Started process (PID=278) to work on /opt/airflow/dags/transform.py
[2026-02-01T09:05:59.901+0000] {processor.py:830} INFO - Processing file /opt/airflow/dags/transform.py for tasks to queue
[2026-02-01T09:05:59.903+0000] {logging_mixin.py:188} INFO - [2026-02-01T09:05:59.902+0000] {dagbag.py:540} INFO - Filling up the DagBag from /opt/airflow/dags/transform.py
[2026-02-01T09:06:00.165+0000] {processor.py:840} INFO - DAG(s) 'etl_iot_temp_transform' retrieved from /opt/airflow/dags/transform.py
[2026-02-01T09:06:00.186+0000] {logging_mixin.py:188} INFO - [2026-02-01T09:06:00.185+0000] {dag.py:3047} INFO - Sync 1 DAGs
[2026-02-01T09:06:00.198+0000] {logging_mixin.py:188} INFO - [2026-02-01T09:06:00.197+0000] {dag.py:3834} INFO - Setting next_dagrun for etl_iot_temp_transform to None, run_after=None
[2026-02-01T09:06:00.223+0000] {processor.py:183} INFO - Processing /opt/airflow/dags/transform.py took 0.339 seconds
[2026-02-01T09:06:30.499+0000] {processor.py:161} INFO - Started process (PID=284) to work on /opt/airflow/dags/transform.py
[2026-02-01T09:06:30.500+0000] {processor.py:830} INFO - Processing file /opt/airflow/dags/transform.py for tasks to queue
[2026-02-01T09:06:30.502+0000] {logging_mixin.py:188} INFO - [2026-02-01T09:06:30.501+0000] {dagbag.py:540} INFO - Filling up the DagBag from /opt/airflow/dags/transform.py
[2026-02-01T09:06:30.762+0000] {processor.py:840} INFO - DAG(s) 'etl_iot_temp_transform' retrieved from /opt/airflow/dags/transform.py
[2026-02-01T09:06:30.785+0000] {logging_mixin.py:188} INFO - [2026-02-01T09:06:30.785+0000] {dag.py:3047} INFO - Sync 1 DAGs
[2026-02-01T09:06:30.796+0000] {logging_mixin.py:188} INFO - [2026-02-01T09:06:30.796+0000] {dag.py:3834} INFO - Setting next_dagrun for etl_iot_temp_transform to None, run_after=None
[2026-02-01T09:06:30.822+0000] {processor.py:183} INFO - Processing /opt/airflow/dags/transform.py took 0.330 seconds
[2026-02-01T09:07:01.108+0000] {processor.py:161} INFO - Started process (PID=290) to work on /opt/airflow/dags/transform.py
[2026-02-01T09:07:01.109+0000] {processor.py:830} INFO - Processing file /opt/airflow/dags/transform.py for tasks to queue
[2026-02-01T09:07:01.110+0000] {logging_mixin.py:188} INFO - [2026-02-01T09:07:01.109+0000] {dagbag.py:540} INFO - Filling up the DagBag from /opt/airflow/dags/transform.py
[2026-02-01T09:07:01.381+0000] {processor.py:840} INFO - DAG(s) 'etl_iot_temp_transform' retrieved from /opt/airflow/dags/transform.py
[2026-02-01T09:07:01.402+0000] {logging_mixin.py:188} INFO - [2026-02-01T09:07:01.401+0000] {dag.py:3047} INFO - Sync 1 DAGs
[2026-02-01T09:07:01.413+0000] {logging_mixin.py:188} INFO - [2026-02-01T09:07:01.412+0000] {dag.py:3834} INFO - Setting next_dagrun for etl_iot_temp_transform to None, run_after=None
[2026-02-01T09:07:01.431+0000] {processor.py:183} INFO - Processing /opt/airflow/dags/transform.py took 0.327 seconds
[2026-02-01T09:07:31.726+0000] {processor.py:161} INFO - Started process (PID=296) to work on /opt/airflow/dags/transform.py
[2026-02-01T09:07:31.727+0000] {processor.py:830} INFO - Processing file /opt/airflow/dags/transform.py for tasks to queue
[2026-02-01T09:07:31.728+0000] {logging_mixin.py:188} INFO - [2026-02-01T09:07:31.728+0000] {dagbag.py:540} INFO - Filling up the DagBag from /opt/airflow/dags/transform.py
[2026-02-01T09:07:31.983+0000] {processor.py:840} INFO - DAG(s) 'etl_iot_temp_transform' retrieved from /opt/airflow/dags/transform.py
[2026-02-01T09:07:32.003+0000] {logging_mixin.py:188} INFO - [2026-02-01T09:07:32.002+0000] {dag.py:3047} INFO - Sync 1 DAGs
[2026-02-01T09:07:32.013+0000] {logging_mixin.py:188} INFO - [2026-02-01T09:07:32.013+0000] {dag.py:3834} INFO - Setting next_dagrun for etl_iot_temp_transform to None, run_after=None
[2026-02-01T09:07:32.038+0000] {processor.py:183} INFO - Processing /opt/airflow/dags/transform.py took 0.316 seconds
[2026-02-01T09:08:02.332+0000] {processor.py:161} INFO - Started process (PID=302) to work on /opt/airflow/dags/transform.py
[2026-02-01T09:08:02.332+0000] {processor.py:830} INFO - Processing file /opt/airflow/dags/transform.py for tasks to queue
[2026-02-01T09:08:02.334+0000] {logging_mixin.py:188} INFO - [2026-02-01T09:08:02.333+0000] {dagbag.py:540} INFO - Filling up the DagBag from /opt/airflow/dags/transform.py
[2026-02-01T09:08:02.582+0000] {processor.py:840} INFO - DAG(s) 'etl_iot_temp_transform' retrieved from /opt/airflow/dags/transform.py
[2026-02-01T09:08:02.603+0000] {logging_mixin.py:188} INFO - [2026-02-01T09:08:02.602+0000] {dag.py:3047} INFO - Sync 1 DAGs
[2026-02-01T09:08:02.615+0000] {logging_mixin.py:188} INFO - [2026-02-01T09:08:02.615+0000] {dag.py:3834} INFO - Setting next_dagrun for etl_iot_temp_transform to None, run_after=None
[2026-02-01T09:08:02.633+0000] {processor.py:183} INFO - Processing /opt/airflow/dags/transform.py took 0.307 seconds
[2026-02-01T09:08:32.926+0000] {processor.py:161} INFO - Started process (PID=308) to work on /opt/airflow/dags/transform.py
[2026-02-01T09:08:32.934+0000] {processor.py:830} INFO - Processing file /opt/airflow/dags/transform.py for tasks to queue
[2026-02-01T09:08:32.938+0000] {logging_mixin.py:188} INFO - [2026-02-01T09:08:32.937+0000] {dagbag.py:540} INFO - Filling up the DagBag from /opt/airflow/dags/transform.py
[2026-02-01T09:08:33.200+0000] {processor.py:840} INFO - DAG(s) 'etl_iot_temp_transform' retrieved from /opt/airflow/dags/transform.py
[2026-02-01T09:08:33.222+0000] {logging_mixin.py:188} INFO - [2026-02-01T09:08:33.222+0000] {dag.py:3047} INFO - Sync 1 DAGs
[2026-02-01T09:08:33.233+0000] {logging_mixin.py:188} INFO - [2026-02-01T09:08:33.233+0000] {dag.py:3834} INFO - Setting next_dagrun for etl_iot_temp_transform to None, run_after=None
[2026-02-01T09:08:33.257+0000] {processor.py:183} INFO - Processing /opt/airflow/dags/transform.py took 0.334 seconds
[2026-02-01T09:47:17.638+0000] {processor.py:161} INFO - Started process (PID=314) to work on /opt/airflow/dags/transform.py
[2026-02-01T09:47:17.638+0000] {processor.py:830} INFO - Processing file /opt/airflow/dags/transform.py for tasks to queue
[2026-02-01T09:47:17.639+0000] {logging_mixin.py:188} INFO - [2026-02-01T09:47:17.639+0000] {dagbag.py:540} INFO - Filling up the DagBag from /opt/airflow/dags/transform.py
[2026-02-01T09:47:18.475+0000] {processor.py:840} INFO - DAG(s) 'etl_iot_temp_transform' retrieved from /opt/airflow/dags/transform.py
[2026-02-01T09:47:18.551+0000] {logging_mixin.py:188} INFO - [2026-02-01T09:47:18.549+0000] {dag.py:3047} INFO - Sync 1 DAGs
[2026-02-01T09:47:18.594+0000] {logging_mixin.py:188} INFO - [2026-02-01T09:47:18.593+0000] {dag.py:3834} INFO - Setting next_dagrun for etl_iot_temp_transform to None, run_after=None
[2026-02-01T09:47:18.652+0000] {processor.py:183} INFO - Processing /opt/airflow/dags/transform.py took 1.017 seconds
[2026-02-01T12:41:28.638+0000] {processor.py:161} INFO - Started process (PID=322) to work on /opt/airflow/dags/transform.py
[2026-02-01T12:41:28.639+0000] {processor.py:830} INFO - Processing file /opt/airflow/dags/transform.py for tasks to queue
[2026-02-01T12:41:28.641+0000] {logging_mixin.py:188} INFO - [2026-02-01T12:41:28.640+0000] {dagbag.py:540} INFO - Filling up the DagBag from /opt/airflow/dags/transform.py
[2026-02-01T12:41:29.403+0000] {processor.py:840} INFO - DAG(s) 'etl_iot_temp_transform' retrieved from /opt/airflow/dags/transform.py
[2026-02-01T12:41:29.459+0000] {logging_mixin.py:188} INFO - [2026-02-01T12:41:29.457+0000] {dag.py:3047} INFO - Sync 1 DAGs
[2026-02-01T12:41:29.486+0000] {logging_mixin.py:188} INFO - [2026-02-01T12:41:29.486+0000] {dag.py:3834} INFO - Setting next_dagrun for etl_iot_temp_transform to None, run_after=None
[2026-02-01T12:41:29.528+0000] {processor.py:183} INFO - Processing /opt/airflow/dags/transform.py took 0.893 seconds
[2026-02-01T12:41:59.824+0000] {processor.py:161} INFO - Started process (PID=330) to work on /opt/airflow/dags/transform.py
[2026-02-01T12:41:59.830+0000] {processor.py:830} INFO - Processing file /opt/airflow/dags/transform.py for tasks to queue
[2026-02-01T12:41:59.831+0000] {logging_mixin.py:188} INFO - [2026-02-01T12:41:59.830+0000] {dagbag.py:540} INFO - Filling up the DagBag from /opt/airflow/dags/transform.py
[2026-02-01T12:42:00.080+0000] {processor.py:840} INFO - DAG(s) 'etl_iot_temp_transform' retrieved from /opt/airflow/dags/transform.py
[2026-02-01T12:42:00.100+0000] {logging_mixin.py:188} INFO - [2026-02-01T12:42:00.099+0000] {dag.py:3047} INFO - Sync 1 DAGs
[2026-02-01T12:42:00.111+0000] {logging_mixin.py:188} INFO - [2026-02-01T12:42:00.111+0000] {dag.py:3834} INFO - Setting next_dagrun for etl_iot_temp_transform to None, run_after=None
[2026-02-01T12:42:00.128+0000] {processor.py:183} INFO - Processing /opt/airflow/dags/transform.py took 0.308 seconds
[2026-02-01T12:42:30.430+0000] {processor.py:161} INFO - Started process (PID=336) to work on /opt/airflow/dags/transform.py
[2026-02-01T12:42:30.438+0000] {processor.py:830} INFO - Processing file /opt/airflow/dags/transform.py for tasks to queue
[2026-02-01T12:42:30.439+0000] {logging_mixin.py:188} INFO - [2026-02-01T12:42:30.439+0000] {dagbag.py:540} INFO - Filling up the DagBag from /opt/airflow/dags/transform.py
[2026-02-01T12:42:30.683+0000] {processor.py:840} INFO - DAG(s) 'etl_iot_temp_transform' retrieved from /opt/airflow/dags/transform.py
[2026-02-01T12:42:30.705+0000] {logging_mixin.py:188} INFO - [2026-02-01T12:42:30.704+0000] {dag.py:3047} INFO - Sync 1 DAGs
[2026-02-01T12:42:30.716+0000] {logging_mixin.py:188} INFO - [2026-02-01T12:42:30.716+0000] {dag.py:3834} INFO - Setting next_dagrun for etl_iot_temp_transform to None, run_after=None
[2026-02-01T12:42:30.734+0000] {processor.py:183} INFO - Processing /opt/airflow/dags/transform.py took 0.308 seconds
[2026-02-01T12:43:00.993+0000] {processor.py:161} INFO - Started process (PID=342) to work on /opt/airflow/dags/transform.py
[2026-02-01T12:43:00.994+0000] {processor.py:830} INFO - Processing file /opt/airflow/dags/transform.py for tasks to queue
[2026-02-01T12:43:00.995+0000] {logging_mixin.py:188} INFO - [2026-02-01T12:43:00.994+0000] {dagbag.py:540} INFO - Filling up the DagBag from /opt/airflow/dags/transform.py
[2026-02-01T12:43:01.301+0000] {processor.py:840} INFO - DAG(s) 'etl_iot_temp_transform' retrieved from /opt/airflow/dags/transform.py
[2026-02-01T12:43:01.323+0000] {logging_mixin.py:188} INFO - [2026-02-01T12:43:01.322+0000] {dag.py:3047} INFO - Sync 1 DAGs
[2026-02-01T12:43:01.334+0000] {logging_mixin.py:188} INFO - [2026-02-01T12:43:01.334+0000] {dag.py:3834} INFO - Setting next_dagrun for etl_iot_temp_transform to None, run_after=None
[2026-02-01T12:43:01.360+0000] {processor.py:183} INFO - Processing /opt/airflow/dags/transform.py took 0.371 seconds
[2026-02-01T12:43:31.602+0000] {processor.py:161} INFO - Started process (PID=348) to work on /opt/airflow/dags/transform.py
[2026-02-01T12:43:31.603+0000] {processor.py:830} INFO - Processing file /opt/airflow/dags/transform.py for tasks to queue
[2026-02-01T12:43:31.605+0000] {logging_mixin.py:188} INFO - [2026-02-01T12:43:31.604+0000] {dagbag.py:540} INFO - Filling up the DagBag from /opt/airflow/dags/transform.py
[2026-02-01T12:43:31.911+0000] {processor.py:840} INFO - DAG(s) 'etl_iot_temp_transform' retrieved from /opt/airflow/dags/transform.py
[2026-02-01T12:43:31.932+0000] {logging_mixin.py:188} INFO - [2026-02-01T12:43:31.932+0000] {dag.py:3047} INFO - Sync 1 DAGs
[2026-02-01T12:43:31.943+0000] {logging_mixin.py:188} INFO - [2026-02-01T12:43:31.943+0000] {dag.py:3834} INFO - Setting next_dagrun for etl_iot_temp_transform to None, run_after=None
[2026-02-01T12:43:31.968+0000] {processor.py:183} INFO - Processing /opt/airflow/dags/transform.py took 0.370 seconds
[2026-02-01T12:44:02.286+0000] {processor.py:161} INFO - Started process (PID=354) to work on /opt/airflow/dags/transform.py
[2026-02-01T12:44:02.287+0000] {processor.py:830} INFO - Processing file /opt/airflow/dags/transform.py for tasks to queue
[2026-02-01T12:44:02.288+0000] {logging_mixin.py:188} INFO - [2026-02-01T12:44:02.288+0000] {dagbag.py:540} INFO - Filling up the DagBag from /opt/airflow/dags/transform.py
[2026-02-01T12:44:02.542+0000] {processor.py:840} INFO - DAG(s) 'etl_iot_temp_transform' retrieved from /opt/airflow/dags/transform.py
[2026-02-01T12:44:02.562+0000] {logging_mixin.py:188} INFO - [2026-02-01T12:44:02.562+0000] {dag.py:3047} INFO - Sync 1 DAGs
[2026-02-01T12:44:02.575+0000] {logging_mixin.py:188} INFO - [2026-02-01T12:44:02.574+0000] {dag.py:3834} INFO - Setting next_dagrun for etl_iot_temp_transform to None, run_after=None
[2026-02-01T12:44:02.604+0000] {processor.py:183} INFO - Processing /opt/airflow/dags/transform.py took 0.324 seconds
[2026-02-01T12:44:32.863+0000] {processor.py:161} INFO - Started process (PID=360) to work on /opt/airflow/dags/transform.py
[2026-02-01T12:44:32.864+0000] {processor.py:830} INFO - Processing file /opt/airflow/dags/transform.py for tasks to queue
[2026-02-01T12:44:32.866+0000] {logging_mixin.py:188} INFO - [2026-02-01T12:44:32.865+0000] {dagbag.py:540} INFO - Filling up the DagBag from /opt/airflow/dags/transform.py
[2026-02-01T12:44:33.321+0000] {processor.py:840} INFO - DAG(s) 'etl_iot_temp_transform' retrieved from /opt/airflow/dags/transform.py
[2026-02-01T12:44:33.347+0000] {logging_mixin.py:188} INFO - [2026-02-01T12:44:33.346+0000] {dag.py:3047} INFO - Sync 1 DAGs
[2026-02-01T12:44:33.359+0000] {logging_mixin.py:188} INFO - [2026-02-01T12:44:33.358+0000] {dag.py:3834} INFO - Setting next_dagrun for etl_iot_temp_transform to None, run_after=None
[2026-02-01T12:44:33.378+0000] {processor.py:183} INFO - Processing /opt/airflow/dags/transform.py took 0.520 seconds
[2026-02-01T12:45:03.655+0000] {processor.py:161} INFO - Started process (PID=366) to work on /opt/airflow/dags/transform.py
[2026-02-01T12:45:03.656+0000] {processor.py:830} INFO - Processing file /opt/airflow/dags/transform.py for tasks to queue
[2026-02-01T12:45:03.659+0000] {logging_mixin.py:188} INFO - [2026-02-01T12:45:03.657+0000] {dagbag.py:540} INFO - Filling up the DagBag from /opt/airflow/dags/transform.py
[2026-02-01T12:45:04.010+0000] {processor.py:840} INFO - DAG(s) 'etl_iot_temp_transform' retrieved from /opt/airflow/dags/transform.py
[2026-02-01T12:45:04.044+0000] {logging_mixin.py:188} INFO - [2026-02-01T12:45:04.043+0000] {dag.py:3047} INFO - Sync 1 DAGs
[2026-02-01T12:45:04.068+0000] {logging_mixin.py:188} INFO - [2026-02-01T12:45:04.068+0000] {dag.py:3834} INFO - Setting next_dagrun for etl_iot_temp_transform to None, run_after=None
[2026-02-01T12:45:04.093+0000] {processor.py:183} INFO - Processing /opt/airflow/dags/transform.py took 0.444 seconds
[2026-02-01T12:45:34.266+0000] {processor.py:161} INFO - Started process (PID=372) to work on /opt/airflow/dags/transform.py
[2026-02-01T12:45:34.267+0000] {processor.py:830} INFO - Processing file /opt/airflow/dags/transform.py for tasks to queue
[2026-02-01T12:45:34.268+0000] {logging_mixin.py:188} INFO - [2026-02-01T12:45:34.268+0000] {dagbag.py:540} INFO - Filling up the DagBag from /opt/airflow/dags/transform.py
[2026-02-01T12:45:34.545+0000] {processor.py:840} INFO - DAG(s) 'etl_iot_temp_transform' retrieved from /opt/airflow/dags/transform.py
[2026-02-01T12:45:34.567+0000] {logging_mixin.py:188} INFO - [2026-02-01T12:45:34.567+0000] {dag.py:3047} INFO - Sync 1 DAGs
[2026-02-01T12:45:34.579+0000] {logging_mixin.py:188} INFO - [2026-02-01T12:45:34.579+0000] {dag.py:3834} INFO - Setting next_dagrun for etl_iot_temp_transform to None, run_after=None
[2026-02-01T12:45:34.598+0000] {processor.py:183} INFO - Processing /opt/airflow/dags/transform.py took 0.342 seconds
[2026-02-01T12:46:04.926+0000] {processor.py:161} INFO - Started process (PID=378) to work on /opt/airflow/dags/transform.py
[2026-02-01T12:46:04.927+0000] {processor.py:830} INFO - Processing file /opt/airflow/dags/transform.py for tasks to queue
[2026-02-01T12:46:04.929+0000] {logging_mixin.py:188} INFO - [2026-02-01T12:46:04.928+0000] {dagbag.py:540} INFO - Filling up the DagBag from /opt/airflow/dags/transform.py
[2026-02-01T12:46:05.186+0000] {processor.py:840} INFO - DAG(s) 'etl_iot_temp_transform' retrieved from /opt/airflow/dags/transform.py
[2026-02-01T12:46:05.207+0000] {logging_mixin.py:188} INFO - [2026-02-01T12:46:05.206+0000] {dag.py:3047} INFO - Sync 1 DAGs
[2026-02-01T12:46:05.219+0000] {logging_mixin.py:188} INFO - [2026-02-01T12:46:05.219+0000] {dag.py:3834} INFO - Setting next_dagrun for etl_iot_temp_transform to None, run_after=None
[2026-02-01T12:46:05.237+0000] {processor.py:183} INFO - Processing /opt/airflow/dags/transform.py took 0.318 seconds
[2026-02-01T12:46:35.548+0000] {processor.py:161} INFO - Started process (PID=384) to work on /opt/airflow/dags/transform.py
[2026-02-01T12:46:35.549+0000] {processor.py:830} INFO - Processing file /opt/airflow/dags/transform.py for tasks to queue
[2026-02-01T12:46:35.551+0000] {logging_mixin.py:188} INFO - [2026-02-01T12:46:35.550+0000] {dagbag.py:540} INFO - Filling up the DagBag from /opt/airflow/dags/transform.py
[2026-02-01T12:46:35.861+0000] {processor.py:840} INFO - DAG(s) 'etl_iot_temp_transform' retrieved from /opt/airflow/dags/transform.py
[2026-02-01T12:46:35.888+0000] {logging_mixin.py:188} INFO - [2026-02-01T12:46:35.887+0000] {dag.py:3047} INFO - Sync 1 DAGs
[2026-02-01T12:46:35.907+0000] {logging_mixin.py:188} INFO - [2026-02-01T12:46:35.907+0000] {dag.py:3834} INFO - Setting next_dagrun for etl_iot_temp_transform to None, run_after=None
[2026-02-01T12:46:35.935+0000] {processor.py:183} INFO - Processing /opt/airflow/dags/transform.py took 0.400 seconds
[2026-02-01T12:47:06.232+0000] {processor.py:161} INFO - Started process (PID=390) to work on /opt/airflow/dags/transform.py
[2026-02-01T12:47:06.241+0000] {processor.py:830} INFO - Processing file /opt/airflow/dags/transform.py for tasks to queue
[2026-02-01T12:47:06.242+0000] {logging_mixin.py:188} INFO - [2026-02-01T12:47:06.242+0000] {dagbag.py:540} INFO - Filling up the DagBag from /opt/airflow/dags/transform.py
[2026-02-01T12:47:06.515+0000] {processor.py:840} INFO - DAG(s) 'etl_iot_temp_transform' retrieved from /opt/airflow/dags/transform.py
[2026-02-01T12:47:06.536+0000] {logging_mixin.py:188} INFO - [2026-02-01T12:47:06.536+0000] {dag.py:3047} INFO - Sync 1 DAGs
[2026-02-01T12:47:06.547+0000] {logging_mixin.py:188} INFO - [2026-02-01T12:47:06.547+0000] {dag.py:3834} INFO - Setting next_dagrun for etl_iot_temp_transform to None, run_after=None
[2026-02-01T12:47:06.564+0000] {processor.py:183} INFO - Processing /opt/airflow/dags/transform.py took 0.336 seconds
[2026-02-01T12:47:36.868+0000] {processor.py:161} INFO - Started process (PID=396) to work on /opt/airflow/dags/transform.py
[2026-02-01T12:47:36.869+0000] {processor.py:830} INFO - Processing file /opt/airflow/dags/transform.py for tasks to queue
[2026-02-01T12:47:36.870+0000] {logging_mixin.py:188} INFO - [2026-02-01T12:47:36.869+0000] {dagbag.py:540} INFO - Filling up the DagBag from /opt/airflow/dags/transform.py
[2026-02-01T12:47:37.116+0000] {processor.py:840} INFO - DAG(s) 'etl_iot_temp_transform' retrieved from /opt/airflow/dags/transform.py
[2026-02-01T12:47:37.136+0000] {logging_mixin.py:188} INFO - [2026-02-01T12:47:37.136+0000] {dag.py:3047} INFO - Sync 1 DAGs
[2026-02-01T12:47:37.147+0000] {logging_mixin.py:188} INFO - [2026-02-01T12:47:37.147+0000] {dag.py:3834} INFO - Setting next_dagrun for etl_iot_temp_transform to None, run_after=None
[2026-02-01T12:47:37.182+0000] {processor.py:183} INFO - Processing /opt/airflow/dags/transform.py took 0.317 seconds
[2026-02-01T12:48:07.478+0000] {processor.py:161} INFO - Started process (PID=402) to work on /opt/airflow/dags/transform.py
[2026-02-01T12:48:07.487+0000] {processor.py:830} INFO - Processing file /opt/airflow/dags/transform.py for tasks to queue
[2026-02-01T12:48:07.489+0000] {logging_mixin.py:188} INFO - [2026-02-01T12:48:07.488+0000] {dagbag.py:540} INFO - Filling up the DagBag from /opt/airflow/dags/transform.py
[2026-02-01T12:48:07.763+0000] {processor.py:840} INFO - DAG(s) 'etl_iot_temp_transform' retrieved from /opt/airflow/dags/transform.py
[2026-02-01T12:48:07.784+0000] {logging_mixin.py:188} INFO - [2026-02-01T12:48:07.784+0000] {dag.py:3047} INFO - Sync 1 DAGs
[2026-02-01T12:48:07.796+0000] {logging_mixin.py:188} INFO - [2026-02-01T12:48:07.796+0000] {dag.py:3834} INFO - Setting next_dagrun for etl_iot_temp_transform to None, run_after=None
[2026-02-01T12:48:07.826+0000] {processor.py:183} INFO - Processing /opt/airflow/dags/transform.py took 0.355 seconds
[2026-02-01T12:48:38.118+0000] {processor.py:161} INFO - Started process (PID=408) to work on /opt/airflow/dags/transform.py
[2026-02-01T12:48:38.119+0000] {processor.py:830} INFO - Processing file /opt/airflow/dags/transform.py for tasks to queue
[2026-02-01T12:48:38.120+0000] {logging_mixin.py:188} INFO - [2026-02-01T12:48:38.119+0000] {dagbag.py:540} INFO - Filling up the DagBag from /opt/airflow/dags/transform.py
[2026-02-01T12:48:38.369+0000] {processor.py:840} INFO - DAG(s) 'etl_iot_temp_transform' retrieved from /opt/airflow/dags/transform.py
[2026-02-01T12:48:38.391+0000] {logging_mixin.py:188} INFO - [2026-02-01T12:48:38.390+0000] {dag.py:3047} INFO - Sync 1 DAGs
[2026-02-01T12:48:38.402+0000] {logging_mixin.py:188} INFO - [2026-02-01T12:48:38.402+0000] {dag.py:3834} INFO - Setting next_dagrun for etl_iot_temp_transform to None, run_after=None
[2026-02-01T12:48:38.428+0000] {processor.py:183} INFO - Processing /opt/airflow/dags/transform.py took 0.315 seconds
[2026-02-01T12:49:08.734+0000] {processor.py:161} INFO - Started process (PID=414) to work on /opt/airflow/dags/transform.py
[2026-02-01T12:49:08.735+0000] {processor.py:830} INFO - Processing file /opt/airflow/dags/transform.py for tasks to queue
[2026-02-01T12:49:08.736+0000] {logging_mixin.py:188} INFO - [2026-02-01T12:49:08.735+0000] {dagbag.py:540} INFO - Filling up the DagBag from /opt/airflow/dags/transform.py
[2026-02-01T12:49:08.990+0000] {processor.py:840} INFO - DAG(s) 'etl_iot_temp_transform' retrieved from /opt/airflow/dags/transform.py
[2026-02-01T12:49:09.011+0000] {logging_mixin.py:188} INFO - [2026-02-01T12:49:09.010+0000] {dag.py:3047} INFO - Sync 1 DAGs
[2026-02-01T12:49:09.022+0000] {logging_mixin.py:188} INFO - [2026-02-01T12:49:09.021+0000] {dag.py:3834} INFO - Setting next_dagrun for etl_iot_temp_transform to None, run_after=None
[2026-02-01T12:49:09.039+0000] {processor.py:183} INFO - Processing /opt/airflow/dags/transform.py took 0.309 seconds
[2026-02-01T12:49:39.351+0000] {processor.py:161} INFO - Started process (PID=420) to work on /opt/airflow/dags/transform.py
[2026-02-01T12:49:39.352+0000] {processor.py:830} INFO - Processing file /opt/airflow/dags/transform.py for tasks to queue
[2026-02-01T12:49:39.353+0000] {logging_mixin.py:188} INFO - [2026-02-01T12:49:39.353+0000] {dagbag.py:540} INFO - Filling up the DagBag from /opt/airflow/dags/transform.py
[2026-02-01T12:49:39.603+0000] {processor.py:840} INFO - DAG(s) 'etl_iot_temp_transform' retrieved from /opt/airflow/dags/transform.py
[2026-02-01T12:49:39.623+0000] {logging_mixin.py:188} INFO - [2026-02-01T12:49:39.623+0000] {dag.py:3047} INFO - Sync 1 DAGs
[2026-02-01T12:49:39.633+0000] {logging_mixin.py:188} INFO - [2026-02-01T12:49:39.633+0000] {dag.py:3834} INFO - Setting next_dagrun for etl_iot_temp_transform to None, run_after=None
[2026-02-01T12:49:39.658+0000] {processor.py:183} INFO - Processing /opt/airflow/dags/transform.py took 0.311 seconds
[2026-02-01T12:50:09.948+0000] {processor.py:161} INFO - Started process (PID=426) to work on /opt/airflow/dags/transform.py
[2026-02-01T12:50:09.949+0000] {processor.py:830} INFO - Processing file /opt/airflow/dags/transform.py for tasks to queue
[2026-02-01T12:50:09.950+0000] {logging_mixin.py:188} INFO - [2026-02-01T12:50:09.950+0000] {dagbag.py:540} INFO - Filling up the DagBag from /opt/airflow/dags/transform.py
[2026-02-01T12:50:10.230+0000] {processor.py:840} INFO - DAG(s) 'etl_iot_temp_transform' retrieved from /opt/airflow/dags/transform.py
[2026-02-01T12:50:10.257+0000] {logging_mixin.py:188} INFO - [2026-02-01T12:50:10.256+0000] {dag.py:3047} INFO - Sync 1 DAGs
[2026-02-01T12:50:10.271+0000] {logging_mixin.py:188} INFO - [2026-02-01T12:50:10.271+0000] {dag.py:3834} INFO - Setting next_dagrun for etl_iot_temp_transform to None, run_after=None
[2026-02-01T12:50:10.292+0000] {processor.py:183} INFO - Processing /opt/airflow/dags/transform.py took 0.348 seconds
[2026-02-01T12:50:40.561+0000] {processor.py:161} INFO - Started process (PID=432) to work on /opt/airflow/dags/transform.py
[2026-02-01T12:50:40.562+0000] {processor.py:830} INFO - Processing file /opt/airflow/dags/transform.py for tasks to queue
[2026-02-01T12:50:40.564+0000] {logging_mixin.py:188} INFO - [2026-02-01T12:50:40.563+0000] {dagbag.py:540} INFO - Filling up the DagBag from /opt/airflow/dags/transform.py
[2026-02-01T12:50:40.851+0000] {processor.py:840} INFO - DAG(s) 'etl_iot_temp_transform' retrieved from /opt/airflow/dags/transform.py
[2026-02-01T12:50:40.872+0000] {logging_mixin.py:188} INFO - [2026-02-01T12:50:40.872+0000] {dag.py:3047} INFO - Sync 1 DAGs
[2026-02-01T12:50:40.885+0000] {logging_mixin.py:188} INFO - [2026-02-01T12:50:40.885+0000] {dag.py:3834} INFO - Setting next_dagrun for etl_iot_temp_transform to None, run_after=None
[2026-02-01T12:50:40.905+0000] {processor.py:183} INFO - Processing /opt/airflow/dags/transform.py took 0.349 seconds
[2026-02-01T12:51:11.156+0000] {processor.py:161} INFO - Started process (PID=438) to work on /opt/airflow/dags/transform.py
[2026-02-01T12:51:11.157+0000] {processor.py:830} INFO - Processing file /opt/airflow/dags/transform.py for tasks to queue
[2026-02-01T12:51:11.158+0000] {logging_mixin.py:188} INFO - [2026-02-01T12:51:11.157+0000] {dagbag.py:540} INFO - Filling up the DagBag from /opt/airflow/dags/transform.py
[2026-02-01T12:51:11.423+0000] {processor.py:840} INFO - DAG(s) 'etl_iot_temp_transform' retrieved from /opt/airflow/dags/transform.py
[2026-02-01T12:51:11.445+0000] {logging_mixin.py:188} INFO - [2026-02-01T12:51:11.444+0000] {dag.py:3047} INFO - Sync 1 DAGs
[2026-02-01T12:51:11.457+0000] {logging_mixin.py:188} INFO - [2026-02-01T12:51:11.457+0000] {dag.py:3834} INFO - Setting next_dagrun for etl_iot_temp_transform to None, run_after=None
[2026-02-01T12:51:11.476+0000] {processor.py:183} INFO - Processing /opt/airflow/dags/transform.py took 0.324 seconds
[2026-02-01T12:51:41.757+0000] {processor.py:161} INFO - Started process (PID=444) to work on /opt/airflow/dags/transform.py
[2026-02-01T12:51:41.758+0000] {processor.py:830} INFO - Processing file /opt/airflow/dags/transform.py for tasks to queue
[2026-02-01T12:51:41.759+0000] {logging_mixin.py:188} INFO - [2026-02-01T12:51:41.759+0000] {dagbag.py:540} INFO - Filling up the DagBag from /opt/airflow/dags/transform.py
[2026-02-01T12:51:42.025+0000] {processor.py:840} INFO - DAG(s) 'etl_iot_temp_transform' retrieved from /opt/airflow/dags/transform.py
[2026-02-01T12:51:42.047+0000] {logging_mixin.py:188} INFO - [2026-02-01T12:51:42.046+0000] {dag.py:3047} INFO - Sync 1 DAGs
[2026-02-01T12:51:42.058+0000] {logging_mixin.py:188} INFO - [2026-02-01T12:51:42.058+0000] {dag.py:3834} INFO - Setting next_dagrun for etl_iot_temp_transform to None, run_after=None
[2026-02-01T12:51:42.084+0000] {processor.py:183} INFO - Processing /opt/airflow/dags/transform.py took 0.334 seconds
[2026-02-01T12:52:12.382+0000] {processor.py:161} INFO - Started process (PID=450) to work on /opt/airflow/dags/transform.py
[2026-02-01T12:52:12.382+0000] {processor.py:830} INFO - Processing file /opt/airflow/dags/transform.py for tasks to queue
[2026-02-01T12:52:12.384+0000] {logging_mixin.py:188} INFO - [2026-02-01T12:52:12.383+0000] {dagbag.py:540} INFO - Filling up the DagBag from /opt/airflow/dags/transform.py
[2026-02-01T12:52:12.637+0000] {processor.py:840} INFO - DAG(s) 'etl_iot_temp_transform' retrieved from /opt/airflow/dags/transform.py
[2026-02-01T12:52:12.657+0000] {logging_mixin.py:188} INFO - [2026-02-01T12:52:12.657+0000] {dag.py:3047} INFO - Sync 1 DAGs
[2026-02-01T12:52:12.669+0000] {logging_mixin.py:188} INFO - [2026-02-01T12:52:12.669+0000] {dag.py:3834} INFO - Setting next_dagrun for etl_iot_temp_transform to None, run_after=None
[2026-02-01T12:52:12.686+0000] {processor.py:183} INFO - Processing /opt/airflow/dags/transform.py took 0.309 seconds
[2026-02-01T12:52:42.989+0000] {processor.py:161} INFO - Started process (PID=456) to work on /opt/airflow/dags/transform.py
[2026-02-01T12:52:42.998+0000] {processor.py:830} INFO - Processing file /opt/airflow/dags/transform.py for tasks to queue
[2026-02-01T12:52:43.002+0000] {logging_mixin.py:188} INFO - [2026-02-01T12:52:43.000+0000] {dagbag.py:540} INFO - Filling up the DagBag from /opt/airflow/dags/transform.py
[2026-02-01T12:52:43.268+0000] {processor.py:840} INFO - DAG(s) 'etl_iot_temp_transform' retrieved from /opt/airflow/dags/transform.py
[2026-02-01T12:52:43.291+0000] {logging_mixin.py:188} INFO - [2026-02-01T12:52:43.290+0000] {dag.py:3047} INFO - Sync 1 DAGs
[2026-02-01T12:52:43.302+0000] {logging_mixin.py:188} INFO - [2026-02-01T12:52:43.301+0000] {dag.py:3834} INFO - Setting next_dagrun for etl_iot_temp_transform to None, run_after=None
[2026-02-01T12:52:43.328+0000] {processor.py:183} INFO - Processing /opt/airflow/dags/transform.py took 0.343 seconds
[2026-02-01T12:53:13.621+0000] {processor.py:161} INFO - Started process (PID=462) to work on /opt/airflow/dags/transform.py
[2026-02-01T12:53:13.622+0000] {processor.py:830} INFO - Processing file /opt/airflow/dags/transform.py for tasks to queue
[2026-02-01T12:53:13.623+0000] {logging_mixin.py:188} INFO - [2026-02-01T12:53:13.623+0000] {dagbag.py:540} INFO - Filling up the DagBag from /opt/airflow/dags/transform.py
[2026-02-01T12:53:13.873+0000] {processor.py:840} INFO - DAG(s) 'etl_iot_temp_transform' retrieved from /opt/airflow/dags/transform.py
[2026-02-01T12:53:13.894+0000] {logging_mixin.py:188} INFO - [2026-02-01T12:53:13.893+0000] {dag.py:3047} INFO - Sync 1 DAGs
[2026-02-01T12:53:13.905+0000] {logging_mixin.py:188} INFO - [2026-02-01T12:53:13.905+0000] {dag.py:3834} INFO - Setting next_dagrun for etl_iot_temp_transform to None, run_after=None
[2026-02-01T12:53:13.930+0000] {processor.py:183} INFO - Processing /opt/airflow/dags/transform.py took 0.313 seconds
[2026-02-01T12:53:44.219+0000] {processor.py:161} INFO - Started process (PID=468) to work on /opt/airflow/dags/transform.py
[2026-02-01T12:53:44.220+0000] {processor.py:830} INFO - Processing file /opt/airflow/dags/transform.py for tasks to queue
[2026-02-01T12:53:44.221+0000] {logging_mixin.py:188} INFO - [2026-02-01T12:53:44.221+0000] {dagbag.py:540} INFO - Filling up the DagBag from /opt/airflow/dags/transform.py
[2026-02-01T12:53:44.484+0000] {processor.py:840} INFO - DAG(s) 'etl_iot_temp_transform' retrieved from /opt/airflow/dags/transform.py
[2026-02-01T12:53:44.505+0000] {logging_mixin.py:188} INFO - [2026-02-01T12:53:44.505+0000] {dag.py:3047} INFO - Sync 1 DAGs
[2026-02-01T12:53:44.517+0000] {logging_mixin.py:188} INFO - [2026-02-01T12:53:44.517+0000] {dag.py:3834} INFO - Setting next_dagrun for etl_iot_temp_transform to None, run_after=None
[2026-02-01T12:53:44.535+0000] {processor.py:183} INFO - Processing /opt/airflow/dags/transform.py took 0.320 seconds
[2026-02-01T12:54:14.832+0000] {processor.py:161} INFO - Started process (PID=474) to work on /opt/airflow/dags/transform.py
[2026-02-01T12:54:14.833+0000] {processor.py:830} INFO - Processing file /opt/airflow/dags/transform.py for tasks to queue
[2026-02-01T12:54:14.835+0000] {logging_mixin.py:188} INFO - [2026-02-01T12:54:14.834+0000] {dagbag.py:540} INFO - Filling up the DagBag from /opt/airflow/dags/transform.py
[2026-02-01T12:54:15.100+0000] {processor.py:840} INFO - DAG(s) 'etl_iot_temp_transform' retrieved from /opt/airflow/dags/transform.py
[2026-02-01T12:54:15.121+0000] {logging_mixin.py:188} INFO - [2026-02-01T12:54:15.121+0000] {dag.py:3047} INFO - Sync 1 DAGs
[2026-02-01T12:54:15.133+0000] {logging_mixin.py:188} INFO - [2026-02-01T12:54:15.133+0000] {dag.py:3834} INFO - Setting next_dagrun for etl_iot_temp_transform to None, run_after=None
[2026-02-01T12:54:15.158+0000] {processor.py:183} INFO - Processing /opt/airflow/dags/transform.py took 0.331 seconds
[2026-02-01T12:54:45.413+0000] {processor.py:161} INFO - Started process (PID=480) to work on /opt/airflow/dags/transform.py
[2026-02-01T12:54:45.422+0000] {processor.py:830} INFO - Processing file /opt/airflow/dags/transform.py for tasks to queue
[2026-02-01T12:54:45.425+0000] {logging_mixin.py:188} INFO - [2026-02-01T12:54:45.424+0000] {dagbag.py:540} INFO - Filling up the DagBag from /opt/airflow/dags/transform.py
[2026-02-01T12:54:45.723+0000] {processor.py:840} INFO - DAG(s) 'etl_iot_temp_transform' retrieved from /opt/airflow/dags/transform.py
[2026-02-01T12:54:45.745+0000] {logging_mixin.py:188} INFO - [2026-02-01T12:54:45.745+0000] {dag.py:3047} INFO - Sync 1 DAGs
[2026-02-01T12:54:45.757+0000] {logging_mixin.py:188} INFO - [2026-02-01T12:54:45.757+0000] {dag.py:3834} INFO - Setting next_dagrun for etl_iot_temp_transform to None, run_after=None
[2026-02-01T12:54:45.774+0000] {processor.py:183} INFO - Processing /opt/airflow/dags/transform.py took 0.373 seconds
[2026-02-01T12:55:16.034+0000] {processor.py:161} INFO - Started process (PID=486) to work on /opt/airflow/dags/transform.py
[2026-02-01T12:55:16.034+0000] {processor.py:830} INFO - Processing file /opt/airflow/dags/transform.py for tasks to queue
[2026-02-01T12:55:16.035+0000] {logging_mixin.py:188} INFO - [2026-02-01T12:55:16.035+0000] {dagbag.py:540} INFO - Filling up the DagBag from /opt/airflow/dags/transform.py
[2026-02-01T12:55:16.289+0000] {processor.py:840} INFO - DAG(s) 'etl_iot_temp_transform' retrieved from /opt/airflow/dags/transform.py
[2026-02-01T12:55:16.311+0000] {logging_mixin.py:188} INFO - [2026-02-01T12:55:16.310+0000] {dag.py:3047} INFO - Sync 1 DAGs
[2026-02-01T12:55:16.322+0000] {logging_mixin.py:188} INFO - [2026-02-01T12:55:16.322+0000] {dag.py:3834} INFO - Setting next_dagrun for etl_iot_temp_transform to None, run_after=None
[2026-02-01T12:55:16.339+0000] {processor.py:183} INFO - Processing /opt/airflow/dags/transform.py took 0.309 seconds
[2026-02-01T12:55:46.637+0000] {processor.py:161} INFO - Started process (PID=492) to work on /opt/airflow/dags/transform.py
[2026-02-01T12:55:46.646+0000] {processor.py:830} INFO - Processing file /opt/airflow/dags/transform.py for tasks to queue
[2026-02-01T12:55:46.649+0000] {logging_mixin.py:188} INFO - [2026-02-01T12:55:46.647+0000] {dagbag.py:540} INFO - Filling up the DagBag from /opt/airflow/dags/transform.py
[2026-02-01T12:55:46.941+0000] {processor.py:840} INFO - DAG(s) 'etl_iot_temp_transform' retrieved from /opt/airflow/dags/transform.py
[2026-02-01T12:55:46.962+0000] {logging_mixin.py:188} INFO - [2026-02-01T12:55:46.961+0000] {dag.py:3047} INFO - Sync 1 DAGs
[2026-02-01T12:55:46.972+0000] {logging_mixin.py:188} INFO - [2026-02-01T12:55:46.972+0000] {dag.py:3834} INFO - Setting next_dagrun for etl_iot_temp_transform to None, run_after=None
[2026-02-01T12:55:46.998+0000] {processor.py:183} INFO - Processing /opt/airflow/dags/transform.py took 0.366 seconds
[2026-02-01T12:56:17.311+0000] {processor.py:161} INFO - Started process (PID=498) to work on /opt/airflow/dags/transform.py
[2026-02-01T12:56:17.312+0000] {processor.py:830} INFO - Processing file /opt/airflow/dags/transform.py for tasks to queue
[2026-02-01T12:56:17.314+0000] {logging_mixin.py:188} INFO - [2026-02-01T12:56:17.313+0000] {dagbag.py:540} INFO - Filling up the DagBag from /opt/airflow/dags/transform.py
[2026-02-01T12:56:17.572+0000] {processor.py:840} INFO - DAG(s) 'etl_iot_temp_transform' retrieved from /opt/airflow/dags/transform.py
[2026-02-01T12:56:17.593+0000] {logging_mixin.py:188} INFO - [2026-02-01T12:56:17.593+0000] {dag.py:3047} INFO - Sync 1 DAGs
[2026-02-01T12:56:17.607+0000] {logging_mixin.py:188} INFO - [2026-02-01T12:56:17.607+0000] {dag.py:3834} INFO - Setting next_dagrun for etl_iot_temp_transform to None, run_after=None
[2026-02-01T12:56:17.633+0000] {processor.py:183} INFO - Processing /opt/airflow/dags/transform.py took 0.329 seconds
[2026-02-01T12:56:47.946+0000] {processor.py:161} INFO - Started process (PID=504) to work on /opt/airflow/dags/transform.py
[2026-02-01T12:56:47.955+0000] {processor.py:830} INFO - Processing file /opt/airflow/dags/transform.py for tasks to queue
[2026-02-01T12:56:47.956+0000] {logging_mixin.py:188} INFO - [2026-02-01T12:56:47.955+0000] {dagbag.py:540} INFO - Filling up the DagBag from /opt/airflow/dags/transform.py
[2026-02-01T12:56:48.208+0000] {processor.py:840} INFO - DAG(s) 'etl_iot_temp_transform' retrieved from /opt/airflow/dags/transform.py
[2026-02-01T12:56:48.249+0000] {logging_mixin.py:188} INFO - [2026-02-01T12:56:48.248+0000] {dag.py:3047} INFO - Sync 1 DAGs
[2026-02-01T12:56:48.260+0000] {logging_mixin.py:188} INFO - [2026-02-01T12:56:48.260+0000] {dag.py:3834} INFO - Setting next_dagrun for etl_iot_temp_transform to None, run_after=None
[2026-02-01T12:56:48.278+0000] {processor.py:183} INFO - Processing /opt/airflow/dags/transform.py took 0.336 seconds
[2026-02-01T12:57:18.576+0000] {processor.py:161} INFO - Started process (PID=510) to work on /opt/airflow/dags/transform.py
[2026-02-01T12:57:18.577+0000] {processor.py:830} INFO - Processing file /opt/airflow/dags/transform.py for tasks to queue
[2026-02-01T12:57:18.578+0000] {logging_mixin.py:188} INFO - [2026-02-01T12:57:18.577+0000] {dagbag.py:540} INFO - Filling up the DagBag from /opt/airflow/dags/transform.py
[2026-02-01T12:57:18.841+0000] {processor.py:840} INFO - DAG(s) 'etl_iot_temp_transform' retrieved from /opt/airflow/dags/transform.py
[2026-02-01T12:57:18.862+0000] {logging_mixin.py:188} INFO - [2026-02-01T12:57:18.862+0000] {dag.py:3047} INFO - Sync 1 DAGs
[2026-02-01T12:57:18.873+0000] {logging_mixin.py:188} INFO - [2026-02-01T12:57:18.873+0000] {dag.py:3834} INFO - Setting next_dagrun for etl_iot_temp_transform to None, run_after=None
[2026-02-01T12:57:18.901+0000] {processor.py:183} INFO - Processing /opt/airflow/dags/transform.py took 0.330 seconds
[2026-02-01T12:57:49.231+0000] {processor.py:161} INFO - Started process (PID=516) to work on /opt/airflow/dags/transform.py
[2026-02-01T12:57:49.239+0000] {processor.py:830} INFO - Processing file /opt/airflow/dags/transform.py for tasks to queue
[2026-02-01T12:57:49.241+0000] {logging_mixin.py:188} INFO - [2026-02-01T12:57:49.240+0000] {dagbag.py:540} INFO - Filling up the DagBag from /opt/airflow/dags/transform.py
[2026-02-01T12:57:49.504+0000] {processor.py:840} INFO - DAG(s) 'etl_iot_temp_transform' retrieved from /opt/airflow/dags/transform.py
[2026-02-01T12:57:49.526+0000] {logging_mixin.py:188} INFO - [2026-02-01T12:57:49.525+0000] {dag.py:3047} INFO - Sync 1 DAGs
[2026-02-01T12:57:49.537+0000] {logging_mixin.py:188} INFO - [2026-02-01T12:57:49.537+0000] {dag.py:3834} INFO - Setting next_dagrun for etl_iot_temp_transform to None, run_after=None
[2026-02-01T12:57:49.555+0000] {processor.py:183} INFO - Processing /opt/airflow/dags/transform.py took 0.333 seconds
[2026-02-01T12:58:19.830+0000] {processor.py:161} INFO - Started process (PID=522) to work on /opt/airflow/dags/transform.py
[2026-02-01T12:58:19.831+0000] {processor.py:830} INFO - Processing file /opt/airflow/dags/transform.py for tasks to queue
[2026-02-01T12:58:19.832+0000] {logging_mixin.py:188} INFO - [2026-02-01T12:58:19.832+0000] {dagbag.py:540} INFO - Filling up the DagBag from /opt/airflow/dags/transform.py
[2026-02-01T12:58:20.100+0000] {processor.py:840} INFO - DAG(s) 'etl_iot_temp_transform' retrieved from /opt/airflow/dags/transform.py
[2026-02-01T12:58:20.121+0000] {logging_mixin.py:188} INFO - [2026-02-01T12:58:20.121+0000] {dag.py:3047} INFO - Sync 1 DAGs
[2026-02-01T12:58:20.133+0000] {logging_mixin.py:188} INFO - [2026-02-01T12:58:20.133+0000] {dag.py:3834} INFO - Setting next_dagrun for etl_iot_temp_transform to None, run_after=None
[2026-02-01T12:58:20.159+0000] {processor.py:183} INFO - Processing /opt/airflow/dags/transform.py took 0.333 seconds
[2026-02-01T12:58:50.464+0000] {processor.py:161} INFO - Started process (PID=528) to work on /opt/airflow/dags/transform.py
[2026-02-01T12:58:50.473+0000] {processor.py:830} INFO - Processing file /opt/airflow/dags/transform.py for tasks to queue
[2026-02-01T12:58:50.475+0000] {logging_mixin.py:188} INFO - [2026-02-01T12:58:50.474+0000] {dagbag.py:540} INFO - Filling up the DagBag from /opt/airflow/dags/transform.py
[2026-02-01T12:58:50.739+0000] {processor.py:840} INFO - DAG(s) 'etl_iot_temp_transform' retrieved from /opt/airflow/dags/transform.py
[2026-02-01T12:58:50.761+0000] {logging_mixin.py:188} INFO - [2026-02-01T12:58:50.761+0000] {dag.py:3047} INFO - Sync 1 DAGs
[2026-02-01T12:58:50.772+0000] {logging_mixin.py:188} INFO - [2026-02-01T12:58:50.772+0000] {dag.py:3834} INFO - Setting next_dagrun for etl_iot_temp_transform to None, run_after=None
[2026-02-01T12:58:50.791+0000] {processor.py:183} INFO - Processing /opt/airflow/dags/transform.py took 0.335 seconds
[2026-02-01T12:59:21.055+0000] {processor.py:161} INFO - Started process (PID=534) to work on /opt/airflow/dags/transform.py
[2026-02-01T12:59:21.055+0000] {processor.py:830} INFO - Processing file /opt/airflow/dags/transform.py for tasks to queue
[2026-02-01T12:59:21.057+0000] {logging_mixin.py:188} INFO - [2026-02-01T12:59:21.056+0000] {dagbag.py:540} INFO - Filling up the DagBag from /opt/airflow/dags/transform.py
[2026-02-01T12:59:21.339+0000] {processor.py:840} INFO - DAG(s) 'etl_iot_temp_transform' retrieved from /opt/airflow/dags/transform.py
[2026-02-01T12:59:21.360+0000] {logging_mixin.py:188} INFO - [2026-02-01T12:59:21.360+0000] {dag.py:3047} INFO - Sync 1 DAGs
[2026-02-01T12:59:21.372+0000] {logging_mixin.py:188} INFO - [2026-02-01T12:59:21.371+0000] {dag.py:3834} INFO - Setting next_dagrun for etl_iot_temp_transform to None, run_after=None
[2026-02-01T12:59:21.393+0000] {processor.py:183} INFO - Processing /opt/airflow/dags/transform.py took 0.344 seconds
[2026-02-01T12:59:51.620+0000] {processor.py:161} INFO - Started process (PID=540) to work on /opt/airflow/dags/transform.py
[2026-02-01T12:59:51.622+0000] {processor.py:830} INFO - Processing file /opt/airflow/dags/transform.py for tasks to queue
[2026-02-01T12:59:51.624+0000] {logging_mixin.py:188} INFO - [2026-02-01T12:59:51.623+0000] {dagbag.py:540} INFO - Filling up the DagBag from /opt/airflow/dags/transform.py
[2026-02-01T12:59:51.887+0000] {processor.py:840} INFO - DAG(s) 'etl_iot_temp_transform' retrieved from /opt/airflow/dags/transform.py
[2026-02-01T12:59:51.908+0000] {logging_mixin.py:188} INFO - [2026-02-01T12:59:51.908+0000] {dag.py:3047} INFO - Sync 1 DAGs
[2026-02-01T12:59:51.920+0000] {logging_mixin.py:188} INFO - [2026-02-01T12:59:51.920+0000] {dag.py:3834} INFO - Setting next_dagrun for etl_iot_temp_transform to None, run_after=None
[2026-02-01T12:59:51.946+0000] {processor.py:183} INFO - Processing /opt/airflow/dags/transform.py took 0.336 seconds
[2026-02-01T13:00:22.179+0000] {processor.py:161} INFO - Started process (PID=546) to work on /opt/airflow/dags/transform.py
[2026-02-01T13:00:22.180+0000] {processor.py:830} INFO - Processing file /opt/airflow/dags/transform.py for tasks to queue
[2026-02-01T13:00:22.181+0000] {logging_mixin.py:188} INFO - [2026-02-01T13:00:22.181+0000] {dagbag.py:540} INFO - Filling up the DagBag from /opt/airflow/dags/transform.py
[2026-02-01T13:00:22.451+0000] {processor.py:840} INFO - DAG(s) 'etl_iot_temp_transform' retrieved from /opt/airflow/dags/transform.py
[2026-02-01T13:00:22.472+0000] {logging_mixin.py:188} INFO - [2026-02-01T13:00:22.471+0000] {dag.py:3047} INFO - Sync 1 DAGs
[2026-02-01T13:00:22.484+0000] {logging_mixin.py:188} INFO - [2026-02-01T13:00:22.484+0000] {dag.py:3834} INFO - Setting next_dagrun for etl_iot_temp_transform to None, run_after=None
[2026-02-01T13:00:22.509+0000] {processor.py:183} INFO - Processing /opt/airflow/dags/transform.py took 0.333 seconds
[2026-02-01T13:00:52.819+0000] {processor.py:161} INFO - Started process (PID=552) to work on /opt/airflow/dags/transform.py
[2026-02-01T13:00:52.829+0000] {processor.py:830} INFO - Processing file /opt/airflow/dags/transform.py for tasks to queue
[2026-02-01T13:00:52.833+0000] {logging_mixin.py:188} INFO - [2026-02-01T13:00:52.831+0000] {dagbag.py:540} INFO - Filling up the DagBag from /opt/airflow/dags/transform.py
[2026-02-01T13:00:53.091+0000] {processor.py:840} INFO - DAG(s) 'etl_iot_temp_transform' retrieved from /opt/airflow/dags/transform.py
[2026-02-01T13:00:53.113+0000] {logging_mixin.py:188} INFO - [2026-02-01T13:00:53.112+0000] {dag.py:3047} INFO - Sync 1 DAGs
[2026-02-01T13:00:53.124+0000] {logging_mixin.py:188} INFO - [2026-02-01T13:00:53.124+0000] {dag.py:3834} INFO - Setting next_dagrun for etl_iot_temp_transform to None, run_after=None
[2026-02-01T13:00:53.142+0000] {processor.py:183} INFO - Processing /opt/airflow/dags/transform.py took 0.334 seconds
[2026-02-01T13:01:23.387+0000] {processor.py:161} INFO - Started process (PID=558) to work on /opt/airflow/dags/transform.py
[2026-02-01T13:01:23.388+0000] {processor.py:830} INFO - Processing file /opt/airflow/dags/transform.py for tasks to queue
[2026-02-01T13:01:23.389+0000] {logging_mixin.py:188} INFO - [2026-02-01T13:01:23.389+0000] {dagbag.py:540} INFO - Filling up the DagBag from /opt/airflow/dags/transform.py
[2026-02-01T13:01:23.649+0000] {processor.py:840} INFO - DAG(s) 'etl_iot_temp_transform' retrieved from /opt/airflow/dags/transform.py
[2026-02-01T13:01:23.670+0000] {logging_mixin.py:188} INFO - [2026-02-01T13:01:23.669+0000] {dag.py:3047} INFO - Sync 1 DAGs
[2026-02-01T13:01:23.681+0000] {logging_mixin.py:188} INFO - [2026-02-01T13:01:23.681+0000] {dag.py:3834} INFO - Setting next_dagrun for etl_iot_temp_transform to None, run_after=None
[2026-02-01T13:01:23.706+0000] {processor.py:183} INFO - Processing /opt/airflow/dags/transform.py took 0.322 seconds
[2026-02-01T13:01:53.954+0000] {processor.py:161} INFO - Started process (PID=564) to work on /opt/airflow/dags/transform.py
[2026-02-01T13:01:53.962+0000] {processor.py:830} INFO - Processing file /opt/airflow/dags/transform.py for tasks to queue
[2026-02-01T13:01:53.964+0000] {logging_mixin.py:188} INFO - [2026-02-01T13:01:53.963+0000] {dagbag.py:540} INFO - Filling up the DagBag from /opt/airflow/dags/transform.py
[2026-02-01T13:01:54.223+0000] {processor.py:840} INFO - DAG(s) 'etl_iot_temp_transform' retrieved from /opt/airflow/dags/transform.py
[2026-02-01T13:01:54.244+0000] {logging_mixin.py:188} INFO - [2026-02-01T13:01:54.243+0000] {dag.py:3047} INFO - Sync 1 DAGs
[2026-02-01T13:01:54.255+0000] {logging_mixin.py:188} INFO - [2026-02-01T13:01:54.255+0000] {dag.py:3834} INFO - Setting next_dagrun for etl_iot_temp_transform to None, run_after=None
[2026-02-01T13:01:54.281+0000] {processor.py:183} INFO - Processing /opt/airflow/dags/transform.py took 0.332 seconds
[2026-02-01T13:02:24.594+0000] {processor.py:161} INFO - Started process (PID=570) to work on /opt/airflow/dags/transform.py
[2026-02-01T13:02:24.595+0000] {processor.py:830} INFO - Processing file /opt/airflow/dags/transform.py for tasks to queue
[2026-02-01T13:02:24.597+0000] {logging_mixin.py:188} INFO - [2026-02-01T13:02:24.596+0000] {dagbag.py:540} INFO - Filling up the DagBag from /opt/airflow/dags/transform.py
[2026-02-01T13:02:24.883+0000] {processor.py:840} INFO - DAG(s) 'etl_iot_temp_transform' retrieved from /opt/airflow/dags/transform.py
[2026-02-01T13:02:24.904+0000] {logging_mixin.py:188} INFO - [2026-02-01T13:02:24.904+0000] {dag.py:3047} INFO - Sync 1 DAGs
[2026-02-01T13:02:24.916+0000] {logging_mixin.py:188} INFO - [2026-02-01T13:02:24.916+0000] {dag.py:3834} INFO - Setting next_dagrun for etl_iot_temp_transform to None, run_after=None
[2026-02-01T13:02:24.941+0000] {processor.py:183} INFO - Processing /opt/airflow/dags/transform.py took 0.354 seconds
[2026-02-01T13:02:55.250+0000] {processor.py:161} INFO - Started process (PID=576) to work on /opt/airflow/dags/transform.py
[2026-02-01T13:02:55.251+0000] {processor.py:830} INFO - Processing file /opt/airflow/dags/transform.py for tasks to queue
[2026-02-01T13:02:55.253+0000] {logging_mixin.py:188} INFO - [2026-02-01T13:02:55.252+0000] {dagbag.py:540} INFO - Filling up the DagBag from /opt/airflow/dags/transform.py
[2026-02-01T13:02:55.506+0000] {processor.py:840} INFO - DAG(s) 'etl_iot_temp_transform' retrieved from /opt/airflow/dags/transform.py
[2026-02-01T13:02:55.527+0000] {logging_mixin.py:188} INFO - [2026-02-01T13:02:55.527+0000] {dag.py:3047} INFO - Sync 1 DAGs
[2026-02-01T13:02:55.539+0000] {logging_mixin.py:188} INFO - [2026-02-01T13:02:55.539+0000] {dag.py:3834} INFO - Setting next_dagrun for etl_iot_temp_transform to None, run_after=None
[2026-02-01T13:02:55.564+0000] {processor.py:183} INFO - Processing /opt/airflow/dags/transform.py took 0.322 seconds
[2026-02-01T13:03:25.851+0000] {processor.py:161} INFO - Started process (PID=582) to work on /opt/airflow/dags/transform.py
[2026-02-01T13:03:25.851+0000] {processor.py:830} INFO - Processing file /opt/airflow/dags/transform.py for tasks to queue
[2026-02-01T13:03:25.853+0000] {logging_mixin.py:188} INFO - [2026-02-01T13:03:25.852+0000] {dagbag.py:540} INFO - Filling up the DagBag from /opt/airflow/dags/transform.py
[2026-02-01T13:03:26.100+0000] {processor.py:840} INFO - DAG(s) 'etl_iot_temp_transform' retrieved from /opt/airflow/dags/transform.py
[2026-02-01T13:03:26.121+0000] {logging_mixin.py:188} INFO - [2026-02-01T13:03:26.121+0000] {dag.py:3047} INFO - Sync 1 DAGs
[2026-02-01T13:03:26.132+0000] {logging_mixin.py:188} INFO - [2026-02-01T13:03:26.132+0000] {dag.py:3834} INFO - Setting next_dagrun for etl_iot_temp_transform to None, run_after=None
[2026-02-01T13:03:26.158+0000] {processor.py:183} INFO - Processing /opt/airflow/dags/transform.py took 0.313 seconds
[2026-02-01T13:03:56.465+0000] {processor.py:161} INFO - Started process (PID=588) to work on /opt/airflow/dags/transform.py
[2026-02-01T13:03:56.466+0000] {processor.py:830} INFO - Processing file /opt/airflow/dags/transform.py for tasks to queue
[2026-02-01T13:03:56.467+0000] {logging_mixin.py:188} INFO - [2026-02-01T13:03:56.466+0000] {dagbag.py:540} INFO - Filling up the DagBag from /opt/airflow/dags/transform.py
[2026-02-01T13:03:56.780+0000] {processor.py:840} INFO - DAG(s) 'etl_iot_temp_transform' retrieved from /opt/airflow/dags/transform.py
[2026-02-01T13:03:56.800+0000] {logging_mixin.py:188} INFO - [2026-02-01T13:03:56.800+0000] {dag.py:3047} INFO - Sync 1 DAGs
[2026-02-01T13:03:56.811+0000] {logging_mixin.py:188} INFO - [2026-02-01T13:03:56.811+0000] {dag.py:3834} INFO - Setting next_dagrun for etl_iot_temp_transform to None, run_after=None
[2026-02-01T13:03:56.848+0000] {processor.py:183} INFO - Processing /opt/airflow/dags/transform.py took 0.388 seconds
[2026-02-01T13:04:27.125+0000] {processor.py:161} INFO - Started process (PID=594) to work on /opt/airflow/dags/transform.py
[2026-02-01T13:04:27.125+0000] {processor.py:830} INFO - Processing file /opt/airflow/dags/transform.py for tasks to queue
[2026-02-01T13:04:27.126+0000] {logging_mixin.py:188} INFO - [2026-02-01T13:04:27.126+0000] {dagbag.py:540} INFO - Filling up the DagBag from /opt/airflow/dags/transform.py
[2026-02-01T13:04:27.397+0000] {processor.py:840} INFO - DAG(s) 'etl_iot_temp_transform' retrieved from /opt/airflow/dags/transform.py
[2026-02-01T13:04:27.419+0000] {logging_mixin.py:188} INFO - [2026-02-01T13:04:27.418+0000] {dag.py:3047} INFO - Sync 1 DAGs
[2026-02-01T13:04:27.432+0000] {logging_mixin.py:188} INFO - [2026-02-01T13:04:27.432+0000] {dag.py:3834} INFO - Setting next_dagrun for etl_iot_temp_transform to None, run_after=None
[2026-02-01T13:04:27.460+0000] {processor.py:183} INFO - Processing /opt/airflow/dags/transform.py took 0.339 seconds
[2026-02-01T13:04:57.749+0000] {processor.py:161} INFO - Started process (PID=600) to work on /opt/airflow/dags/transform.py
[2026-02-01T13:04:57.750+0000] {processor.py:830} INFO - Processing file /opt/airflow/dags/transform.py for tasks to queue
[2026-02-01T13:04:57.752+0000] {logging_mixin.py:188} INFO - [2026-02-01T13:04:57.751+0000] {dagbag.py:540} INFO - Filling up the DagBag from /opt/airflow/dags/transform.py
[2026-02-01T13:04:58.002+0000] {processor.py:840} INFO - DAG(s) 'etl_iot_temp_transform' retrieved from /opt/airflow/dags/transform.py
[2026-02-01T13:04:58.032+0000] {logging_mixin.py:188} INFO - [2026-02-01T13:04:58.031+0000] {dag.py:3047} INFO - Sync 1 DAGs
[2026-02-01T13:04:58.043+0000] {logging_mixin.py:188} INFO - [2026-02-01T13:04:58.043+0000] {dag.py:3834} INFO - Setting next_dagrun for etl_iot_temp_transform to None, run_after=None
[2026-02-01T13:04:58.060+0000] {processor.py:183} INFO - Processing /opt/airflow/dags/transform.py took 0.318 seconds
