[2026-02-08T09:50:12.317+0000] {processor.py:161} INFO - Started process (PID=175) to work on /opt/airflow/dags/load_full.py
[2026-02-08T09:50:12.318+0000] {processor.py:830} INFO - Processing file /opt/airflow/dags/load_full.py for tasks to queue
[2026-02-08T09:50:12.320+0000] {logging_mixin.py:188} INFO - [2026-02-08T09:50:12.319+0000] {dagbag.py:540} INFO - Filling up the DagBag from /opt/airflow/dags/load_full.py
[2026-02-08T09:50:12.838+0000] {processor.py:840} INFO - DAG(s) 'etl_iot_temp_load_full' retrieved from /opt/airflow/dags/load_full.py
[2026-02-08T09:50:12.863+0000] {logging_mixin.py:188} INFO - [2026-02-08T09:50:12.863+0000] {dag.py:3047} INFO - Sync 1 DAGs
[2026-02-08T09:50:12.877+0000] {logging_mixin.py:188} INFO - [2026-02-08T09:50:12.876+0000] {dag.py:3834} INFO - Setting next_dagrun for etl_iot_temp_load_full to None, run_after=None
[2026-02-08T09:50:12.899+0000] {processor.py:183} INFO - Processing /opt/airflow/dags/load_full.py took 0.586 seconds
[2026-02-08T09:50:43.164+0000] {processor.py:161} INFO - Started process (PID=199) to work on /opt/airflow/dags/load_full.py
[2026-02-08T09:50:43.165+0000] {processor.py:830} INFO - Processing file /opt/airflow/dags/load_full.py for tasks to queue
[2026-02-08T09:50:43.167+0000] {logging_mixin.py:188} INFO - [2026-02-08T09:50:43.167+0000] {dagbag.py:540} INFO - Filling up the DagBag from /opt/airflow/dags/load_full.py
[2026-02-08T09:50:43.411+0000] {processor.py:840} INFO - DAG(s) 'etl_iot_temp_load_full' retrieved from /opt/airflow/dags/load_full.py
[2026-02-08T09:50:43.616+0000] {logging_mixin.py:188} INFO - [2026-02-08T09:50:43.616+0000] {dag.py:3047} INFO - Sync 1 DAGs
[2026-02-08T09:50:43.628+0000] {logging_mixin.py:188} INFO - [2026-02-08T09:50:43.628+0000] {dag.py:3834} INFO - Setting next_dagrun for etl_iot_temp_load_full to None, run_after=None
[2026-02-08T09:50:43.650+0000] {processor.py:183} INFO - Processing /opt/airflow/dags/load_full.py took 0.489 seconds
[2026-02-08T09:51:13.896+0000] {processor.py:161} INFO - Started process (PID=220) to work on /opt/airflow/dags/load_full.py
[2026-02-08T09:51:13.897+0000] {processor.py:830} INFO - Processing file /opt/airflow/dags/load_full.py for tasks to queue
[2026-02-08T09:51:13.898+0000] {logging_mixin.py:188} INFO - [2026-02-08T09:51:13.897+0000] {dagbag.py:540} INFO - Filling up the DagBag from /opt/airflow/dags/load_full.py
[2026-02-08T09:51:14.139+0000] {processor.py:840} INFO - DAG(s) 'etl_iot_temp_load_full' retrieved from /opt/airflow/dags/load_full.py
[2026-02-08T09:51:14.162+0000] {logging_mixin.py:188} INFO - [2026-02-08T09:51:14.161+0000] {dag.py:3047} INFO - Sync 1 DAGs
[2026-02-08T09:51:14.172+0000] {logging_mixin.py:188} INFO - [2026-02-08T09:51:14.172+0000] {dag.py:3834} INFO - Setting next_dagrun for etl_iot_temp_load_full to None, run_after=None
[2026-02-08T09:51:14.189+0000] {processor.py:183} INFO - Processing /opt/airflow/dags/load_full.py took 0.296 seconds
[2026-02-08T16:21:09.702+0000] {processor.py:161} INFO - Started process (PID=166) to work on /opt/airflow/dags/load_full.py
[2026-02-08T16:21:09.703+0000] {processor.py:830} INFO - Processing file /opt/airflow/dags/load_full.py for tasks to queue
[2026-02-08T16:21:09.705+0000] {logging_mixin.py:188} INFO - [2026-02-08T16:21:09.704+0000] {dagbag.py:540} INFO - Filling up the DagBag from /opt/airflow/dags/load_full.py
[2026-02-08T16:21:11.192+0000] {processor.py:840} INFO - DAG(s) 'etl_iot_temp_load_full' retrieved from /opt/airflow/dags/load_full.py
[2026-02-08T16:21:11.552+0000] {logging_mixin.py:188} INFO - [2026-02-08T16:21:11.551+0000] {override.py:1617} ERROR - Add Permission: (psycopg2.errors.UniqueViolation) duplicate key value violates unique constraint "ab_permission_name_uq"
DETAIL:  Key (name)=(can_edit) already exists.

[SQL: INSERT INTO ab_permission (name) VALUES (%(name)s) RETURNING ab_permission.id]
[parameters: {'name': 'can_edit'}]
(Background on this error at: https://sqlalche.me/e/14/gkpj)
[2026-02-08T16:21:11.559+0000] {logging_mixin.py:188} INFO - [2026-02-08T16:21:11.558+0000] {override.py:1769} INFO - Created Permission View: None on DAG:etl_iot_temp_load_full
[2026-02-08T16:21:11.565+0000] {logging_mixin.py:188} INFO - [2026-02-08T16:21:11.565+0000] {override.py:1769} INFO - Created Permission View: can read on DAG:etl_iot_temp_load_full
[2026-02-08T16:21:11.571+0000] {logging_mixin.py:188} INFO - [2026-02-08T16:21:11.571+0000] {override.py:1617} ERROR - Add Permission: (psycopg2.errors.UniqueViolation) duplicate key value violates unique constraint "ab_permission_name_uq"
DETAIL:  Key (name)=(can_delete) already exists.

[SQL: INSERT INTO ab_permission (name) VALUES (%(name)s) RETURNING ab_permission.id]
[parameters: {'name': 'can_delete'}]
(Background on this error at: https://sqlalche.me/e/14/gkpj)
[2026-02-08T16:21:11.575+0000] {logging_mixin.py:188} INFO - [2026-02-08T16:21:11.575+0000] {override.py:1769} INFO - Created Permission View: None on DAG:etl_iot_temp_load_full
[2026-02-08T16:21:11.576+0000] {logging_mixin.py:188} INFO - [2026-02-08T16:21:11.576+0000] {dag.py:3047} INFO - Sync 1 DAGs
[2026-02-08T16:21:11.590+0000] {logging_mixin.py:188} INFO - [2026-02-08T16:21:11.589+0000] {dag.py:3069} INFO - Creating ORM DAG for etl_iot_temp_load_full
[2026-02-08T16:21:11.590+0000] {logging_mixin.py:188} INFO - [2026-02-08T16:21:11.590+0000] {dag.py:3834} INFO - Setting next_dagrun for etl_iot_temp_load_full to None, run_after=None
[2026-02-08T16:21:11.612+0000] {processor.py:183} INFO - Processing /opt/airflow/dags/load_full.py took 1.915 seconds
[2026-02-08T16:21:41.850+0000] {processor.py:161} INFO - Started process (PID=185) to work on /opt/airflow/dags/load_full.py
[2026-02-08T16:21:41.858+0000] {processor.py:830} INFO - Processing file /opt/airflow/dags/load_full.py for tasks to queue
[2026-02-08T16:21:41.858+0000] {logging_mixin.py:188} INFO - [2026-02-08T16:21:41.858+0000] {dagbag.py:540} INFO - Filling up the DagBag from /opt/airflow/dags/load_full.py
[2026-02-08T16:21:42.116+0000] {processor.py:840} INFO - DAG(s) 'etl_iot_temp_load_full' retrieved from /opt/airflow/dags/load_full.py
[2026-02-08T16:21:42.136+0000] {logging_mixin.py:188} INFO - [2026-02-08T16:21:42.136+0000] {dag.py:3047} INFO - Sync 1 DAGs
[2026-02-08T16:21:42.148+0000] {logging_mixin.py:188} INFO - [2026-02-08T16:21:42.147+0000] {dag.py:3834} INFO - Setting next_dagrun for etl_iot_temp_load_full to None, run_after=None
[2026-02-08T16:21:42.166+0000] {processor.py:183} INFO - Processing /opt/airflow/dags/load_full.py took 0.320 seconds
[2026-02-08T16:22:12.447+0000] {processor.py:161} INFO - Started process (PID=203) to work on /opt/airflow/dags/load_full.py
[2026-02-08T16:22:12.448+0000] {processor.py:830} INFO - Processing file /opt/airflow/dags/load_full.py for tasks to queue
[2026-02-08T16:22:12.449+0000] {logging_mixin.py:188} INFO - [2026-02-08T16:22:12.449+0000] {dagbag.py:540} INFO - Filling up the DagBag from /opt/airflow/dags/load_full.py
[2026-02-08T16:22:12.698+0000] {processor.py:840} INFO - DAG(s) 'etl_iot_temp_load_full' retrieved from /opt/airflow/dags/load_full.py
[2026-02-08T16:22:12.719+0000] {logging_mixin.py:188} INFO - [2026-02-08T16:22:12.719+0000] {dag.py:3047} INFO - Sync 1 DAGs
[2026-02-08T16:22:12.730+0000] {logging_mixin.py:188} INFO - [2026-02-08T16:22:12.730+0000] {dag.py:3834} INFO - Setting next_dagrun for etl_iot_temp_load_full to None, run_after=None
[2026-02-08T16:22:12.754+0000] {processor.py:183} INFO - Processing /opt/airflow/dags/load_full.py took 0.310 seconds
[2026-02-08T16:22:43.054+0000] {processor.py:161} INFO - Started process (PID=221) to work on /opt/airflow/dags/load_full.py
[2026-02-08T16:22:43.054+0000] {processor.py:830} INFO - Processing file /opt/airflow/dags/load_full.py for tasks to queue
[2026-02-08T16:22:43.056+0000] {logging_mixin.py:188} INFO - [2026-02-08T16:22:43.055+0000] {dagbag.py:540} INFO - Filling up the DagBag from /opt/airflow/dags/load_full.py
[2026-02-08T16:22:43.514+0000] {processor.py:840} INFO - DAG(s) 'etl_iot_temp_load_full' retrieved from /opt/airflow/dags/load_full.py
[2026-02-08T16:22:43.558+0000] {logging_mixin.py:188} INFO - [2026-02-08T16:22:43.557+0000] {dag.py:3047} INFO - Sync 1 DAGs
[2026-02-08T16:22:43.582+0000] {logging_mixin.py:188} INFO - [2026-02-08T16:22:43.581+0000] {dag.py:3834} INFO - Setting next_dagrun for etl_iot_temp_load_full to None, run_after=None
[2026-02-08T16:22:43.620+0000] {processor.py:183} INFO - Processing /opt/airflow/dags/load_full.py took 0.571 seconds
[2026-02-08T16:23:13.965+0000] {processor.py:161} INFO - Started process (PID=239) to work on /opt/airflow/dags/load_full.py
[2026-02-08T16:23:13.966+0000] {processor.py:830} INFO - Processing file /opt/airflow/dags/load_full.py for tasks to queue
[2026-02-08T16:23:13.967+0000] {logging_mixin.py:188} INFO - [2026-02-08T16:23:13.966+0000] {dagbag.py:540} INFO - Filling up the DagBag from /opt/airflow/dags/load_full.py
[2026-02-08T16:23:14.232+0000] {processor.py:840} INFO - DAG(s) 'etl_iot_temp_load_full' retrieved from /opt/airflow/dags/load_full.py
[2026-02-08T16:23:14.257+0000] {logging_mixin.py:188} INFO - [2026-02-08T16:23:14.256+0000] {dag.py:3047} INFO - Sync 1 DAGs
[2026-02-08T16:23:14.270+0000] {logging_mixin.py:188} INFO - [2026-02-08T16:23:14.270+0000] {dag.py:3834} INFO - Setting next_dagrun for etl_iot_temp_load_full to None, run_after=None
[2026-02-08T16:23:14.296+0000] {processor.py:183} INFO - Processing /opt/airflow/dags/load_full.py took 0.335 seconds
[2026-02-08T16:23:44.627+0000] {processor.py:161} INFO - Started process (PID=257) to work on /opt/airflow/dags/load_full.py
[2026-02-08T16:23:44.628+0000] {processor.py:830} INFO - Processing file /opt/airflow/dags/load_full.py for tasks to queue
[2026-02-08T16:23:44.629+0000] {logging_mixin.py:188} INFO - [2026-02-08T16:23:44.629+0000] {dagbag.py:540} INFO - Filling up the DagBag from /opt/airflow/dags/load_full.py
[2026-02-08T16:23:44.876+0000] {processor.py:840} INFO - DAG(s) 'etl_iot_temp_load_full' retrieved from /opt/airflow/dags/load_full.py
[2026-02-08T16:23:44.899+0000] {logging_mixin.py:188} INFO - [2026-02-08T16:23:44.898+0000] {dag.py:3047} INFO - Sync 1 DAGs
[2026-02-08T16:23:44.909+0000] {logging_mixin.py:188} INFO - [2026-02-08T16:23:44.909+0000] {dag.py:3834} INFO - Setting next_dagrun for etl_iot_temp_load_full to None, run_after=None
[2026-02-08T16:23:44.926+0000] {processor.py:183} INFO - Processing /opt/airflow/dags/load_full.py took 0.304 seconds
[2026-02-08T16:24:15.244+0000] {processor.py:161} INFO - Started process (PID=275) to work on /opt/airflow/dags/load_full.py
[2026-02-08T16:24:15.245+0000] {processor.py:830} INFO - Processing file /opt/airflow/dags/load_full.py for tasks to queue
[2026-02-08T16:24:15.246+0000] {logging_mixin.py:188} INFO - [2026-02-08T16:24:15.245+0000] {dagbag.py:540} INFO - Filling up the DagBag from /opt/airflow/dags/load_full.py
[2026-02-08T16:24:15.504+0000] {processor.py:840} INFO - DAG(s) 'etl_iot_temp_load_full' retrieved from /opt/airflow/dags/load_full.py
[2026-02-08T16:24:15.524+0000] {logging_mixin.py:188} INFO - [2026-02-08T16:24:15.524+0000] {dag.py:3047} INFO - Sync 1 DAGs
[2026-02-08T16:24:15.535+0000] {logging_mixin.py:188} INFO - [2026-02-08T16:24:15.535+0000] {dag.py:3834} INFO - Setting next_dagrun for etl_iot_temp_load_full to None, run_after=None
[2026-02-08T16:24:15.556+0000] {processor.py:183} INFO - Processing /opt/airflow/dags/load_full.py took 0.316 seconds
[2026-02-08T16:24:45.887+0000] {processor.py:161} INFO - Started process (PID=293) to work on /opt/airflow/dags/load_full.py
[2026-02-08T16:24:45.895+0000] {processor.py:830} INFO - Processing file /opt/airflow/dags/load_full.py for tasks to queue
[2026-02-08T16:24:45.896+0000] {logging_mixin.py:188} INFO - [2026-02-08T16:24:45.895+0000] {dagbag.py:540} INFO - Filling up the DagBag from /opt/airflow/dags/load_full.py
[2026-02-08T16:24:46.147+0000] {processor.py:840} INFO - DAG(s) 'etl_iot_temp_load_full' retrieved from /opt/airflow/dags/load_full.py
[2026-02-08T16:24:46.167+0000] {logging_mixin.py:188} INFO - [2026-02-08T16:24:46.166+0000] {dag.py:3047} INFO - Sync 1 DAGs
[2026-02-08T16:24:46.178+0000] {logging_mixin.py:188} INFO - [2026-02-08T16:24:46.178+0000] {dag.py:3834} INFO - Setting next_dagrun for etl_iot_temp_load_full to None, run_after=None
[2026-02-08T16:24:46.195+0000] {processor.py:183} INFO - Processing /opt/airflow/dags/load_full.py took 0.313 seconds
[2026-02-08T16:25:16.523+0000] {processor.py:161} INFO - Started process (PID=311) to work on /opt/airflow/dags/load_full.py
[2026-02-08T16:25:16.524+0000] {processor.py:830} INFO - Processing file /opt/airflow/dags/load_full.py for tasks to queue
[2026-02-08T16:25:16.525+0000] {logging_mixin.py:188} INFO - [2026-02-08T16:25:16.524+0000] {dagbag.py:540} INFO - Filling up the DagBag from /opt/airflow/dags/load_full.py
[2026-02-08T16:25:16.771+0000] {processor.py:840} INFO - DAG(s) 'etl_iot_temp_load_full' retrieved from /opt/airflow/dags/load_full.py
[2026-02-08T16:25:16.793+0000] {logging_mixin.py:188} INFO - [2026-02-08T16:25:16.792+0000] {dag.py:3047} INFO - Sync 1 DAGs
[2026-02-08T16:25:16.803+0000] {logging_mixin.py:188} INFO - [2026-02-08T16:25:16.803+0000] {dag.py:3834} INFO - Setting next_dagrun for etl_iot_temp_load_full to None, run_after=None
[2026-02-08T16:25:16.826+0000] {processor.py:183} INFO - Processing /opt/airflow/dags/load_full.py took 0.306 seconds
[2026-02-08T16:25:47.103+0000] {processor.py:161} INFO - Started process (PID=329) to work on /opt/airflow/dags/load_full.py
[2026-02-08T16:25:47.111+0000] {processor.py:830} INFO - Processing file /opt/airflow/dags/load_full.py for tasks to queue
[2026-02-08T16:25:47.112+0000] {logging_mixin.py:188} INFO - [2026-02-08T16:25:47.112+0000] {dagbag.py:540} INFO - Filling up the DagBag from /opt/airflow/dags/load_full.py
[2026-02-08T16:25:47.365+0000] {processor.py:840} INFO - DAG(s) 'etl_iot_temp_load_full' retrieved from /opt/airflow/dags/load_full.py
[2026-02-08T16:25:47.385+0000] {logging_mixin.py:188} INFO - [2026-02-08T16:25:47.385+0000] {dag.py:3047} INFO - Sync 1 DAGs
[2026-02-08T16:25:47.396+0000] {logging_mixin.py:188} INFO - [2026-02-08T16:25:47.396+0000] {dag.py:3834} INFO - Setting next_dagrun for etl_iot_temp_load_full to None, run_after=None
[2026-02-08T16:25:47.415+0000] {processor.py:183} INFO - Processing /opt/airflow/dags/load_full.py took 0.315 seconds
[2026-02-08T16:26:17.759+0000] {processor.py:161} INFO - Started process (PID=350) to work on /opt/airflow/dags/load_full.py
[2026-02-08T16:26:17.759+0000] {processor.py:830} INFO - Processing file /opt/airflow/dags/load_full.py for tasks to queue
[2026-02-08T16:26:17.760+0000] {logging_mixin.py:188} INFO - [2026-02-08T16:26:17.760+0000] {dagbag.py:540} INFO - Filling up the DagBag from /opt/airflow/dags/load_full.py
[2026-02-08T16:26:18.009+0000] {processor.py:840} INFO - DAG(s) 'etl_iot_temp_load_full' retrieved from /opt/airflow/dags/load_full.py
[2026-02-08T16:26:18.029+0000] {logging_mixin.py:188} INFO - [2026-02-08T16:26:18.028+0000] {dag.py:3047} INFO - Sync 1 DAGs
[2026-02-08T16:26:18.040+0000] {logging_mixin.py:188} INFO - [2026-02-08T16:26:18.040+0000] {dag.py:3834} INFO - Setting next_dagrun for etl_iot_temp_load_full to None, run_after=None
[2026-02-08T16:26:18.058+0000] {processor.py:183} INFO - Processing /opt/airflow/dags/load_full.py took 0.302 seconds
[2026-02-08T16:26:48.381+0000] {processor.py:161} INFO - Started process (PID=368) to work on /opt/airflow/dags/load_full.py
[2026-02-08T16:26:48.389+0000] {processor.py:830} INFO - Processing file /opt/airflow/dags/load_full.py for tasks to queue
[2026-02-08T16:26:48.390+0000] {logging_mixin.py:188} INFO - [2026-02-08T16:26:48.389+0000] {dagbag.py:540} INFO - Filling up the DagBag from /opt/airflow/dags/load_full.py
[2026-02-08T16:26:48.640+0000] {processor.py:840} INFO - DAG(s) 'etl_iot_temp_load_full' retrieved from /opt/airflow/dags/load_full.py
[2026-02-08T16:26:48.661+0000] {logging_mixin.py:188} INFO - [2026-02-08T16:26:48.661+0000] {dag.py:3047} INFO - Sync 1 DAGs
[2026-02-08T16:26:48.672+0000] {logging_mixin.py:188} INFO - [2026-02-08T16:26:48.672+0000] {dag.py:3834} INFO - Setting next_dagrun for etl_iot_temp_load_full to None, run_after=None
[2026-02-08T16:26:48.689+0000] {processor.py:183} INFO - Processing /opt/airflow/dags/load_full.py took 0.312 seconds
[2026-02-08T16:27:19.023+0000] {processor.py:161} INFO - Started process (PID=386) to work on /opt/airflow/dags/load_full.py
[2026-02-08T16:27:19.023+0000] {processor.py:830} INFO - Processing file /opt/airflow/dags/load_full.py for tasks to queue
[2026-02-08T16:27:19.024+0000] {logging_mixin.py:188} INFO - [2026-02-08T16:27:19.024+0000] {dagbag.py:540} INFO - Filling up the DagBag from /opt/airflow/dags/load_full.py
[2026-02-08T16:27:19.282+0000] {processor.py:840} INFO - DAG(s) 'etl_iot_temp_load_full' retrieved from /opt/airflow/dags/load_full.py
[2026-02-08T16:27:19.307+0000] {logging_mixin.py:188} INFO - [2026-02-08T16:27:19.306+0000] {dag.py:3047} INFO - Sync 1 DAGs
[2026-02-08T16:27:19.322+0000] {logging_mixin.py:188} INFO - [2026-02-08T16:27:19.321+0000] {dag.py:3834} INFO - Setting next_dagrun for etl_iot_temp_load_full to None, run_after=None
[2026-02-08T16:27:19.344+0000] {processor.py:183} INFO - Processing /opt/airflow/dags/load_full.py took 0.325 seconds
[2026-02-08T16:27:49.668+0000] {processor.py:161} INFO - Started process (PID=404) to work on /opt/airflow/dags/load_full.py
[2026-02-08T16:27:49.676+0000] {processor.py:830} INFO - Processing file /opt/airflow/dags/load_full.py for tasks to queue
[2026-02-08T16:27:49.677+0000] {logging_mixin.py:188} INFO - [2026-02-08T16:27:49.677+0000] {dagbag.py:540} INFO - Filling up the DagBag from /opt/airflow/dags/load_full.py
[2026-02-08T16:27:49.979+0000] {processor.py:840} INFO - DAG(s) 'etl_iot_temp_load_full' retrieved from /opt/airflow/dags/load_full.py
[2026-02-08T16:27:50.001+0000] {logging_mixin.py:188} INFO - [2026-02-08T16:27:50.000+0000] {dag.py:3047} INFO - Sync 1 DAGs
[2026-02-08T16:27:50.014+0000] {logging_mixin.py:188} INFO - [2026-02-08T16:27:50.013+0000] {dag.py:3834} INFO - Setting next_dagrun for etl_iot_temp_load_full to None, run_after=None
[2026-02-08T16:27:50.039+0000] {processor.py:183} INFO - Processing /opt/airflow/dags/load_full.py took 0.375 seconds
[2026-02-08T16:28:20.381+0000] {processor.py:161} INFO - Started process (PID=422) to work on /opt/airflow/dags/load_full.py
[2026-02-08T16:28:20.382+0000] {processor.py:830} INFO - Processing file /opt/airflow/dags/load_full.py for tasks to queue
[2026-02-08T16:28:20.383+0000] {logging_mixin.py:188} INFO - [2026-02-08T16:28:20.383+0000] {dagbag.py:540} INFO - Filling up the DagBag from /opt/airflow/dags/load_full.py
[2026-02-08T16:28:20.646+0000] {processor.py:840} INFO - DAG(s) 'etl_iot_temp_load_full' retrieved from /opt/airflow/dags/load_full.py
[2026-02-08T16:28:20.668+0000] {logging_mixin.py:188} INFO - [2026-02-08T16:28:20.668+0000] {dag.py:3047} INFO - Sync 1 DAGs
[2026-02-08T16:28:20.679+0000] {logging_mixin.py:188} INFO - [2026-02-08T16:28:20.679+0000] {dag.py:3834} INFO - Setting next_dagrun for etl_iot_temp_load_full to None, run_after=None
[2026-02-08T16:28:20.705+0000] {processor.py:183} INFO - Processing /opt/airflow/dags/load_full.py took 0.329 seconds
[2026-02-08T16:28:51.004+0000] {processor.py:161} INFO - Started process (PID=440) to work on /opt/airflow/dags/load_full.py
[2026-02-08T16:28:51.004+0000] {processor.py:830} INFO - Processing file /opt/airflow/dags/load_full.py for tasks to queue
[2026-02-08T16:28:51.006+0000] {logging_mixin.py:188} INFO - [2026-02-08T16:28:51.005+0000] {dagbag.py:540} INFO - Filling up the DagBag from /opt/airflow/dags/load_full.py
[2026-02-08T16:28:51.261+0000] {processor.py:840} INFO - DAG(s) 'etl_iot_temp_load_full' retrieved from /opt/airflow/dags/load_full.py
[2026-02-08T16:28:51.282+0000] {logging_mixin.py:188} INFO - [2026-02-08T16:28:51.281+0000] {dag.py:3047} INFO - Sync 1 DAGs
[2026-02-08T16:28:51.293+0000] {logging_mixin.py:188} INFO - [2026-02-08T16:28:51.292+0000] {dag.py:3834} INFO - Setting next_dagrun for etl_iot_temp_load_full to None, run_after=None
[2026-02-08T16:28:51.317+0000] {processor.py:183} INFO - Processing /opt/airflow/dags/load_full.py took 0.317 seconds
[2026-02-08T16:29:21.626+0000] {processor.py:161} INFO - Started process (PID=458) to work on /opt/airflow/dags/load_full.py
[2026-02-08T16:29:21.627+0000] {processor.py:830} INFO - Processing file /opt/airflow/dags/load_full.py for tasks to queue
[2026-02-08T16:29:21.628+0000] {logging_mixin.py:188} INFO - [2026-02-08T16:29:21.628+0000] {dagbag.py:540} INFO - Filling up the DagBag from /opt/airflow/dags/load_full.py
[2026-02-08T16:29:21.888+0000] {processor.py:840} INFO - DAG(s) 'etl_iot_temp_load_full' retrieved from /opt/airflow/dags/load_full.py
[2026-02-08T16:29:21.921+0000] {logging_mixin.py:188} INFO - [2026-02-08T16:29:21.920+0000] {dag.py:3047} INFO - Sync 1 DAGs
[2026-02-08T16:29:21.936+0000] {logging_mixin.py:188} INFO - [2026-02-08T16:29:21.936+0000] {dag.py:3834} INFO - Setting next_dagrun for etl_iot_temp_load_full to None, run_after=None
[2026-02-08T16:29:21.954+0000] {processor.py:183} INFO - Processing /opt/airflow/dags/load_full.py took 0.333 seconds
[2026-02-08T16:29:52.263+0000] {processor.py:161} INFO - Started process (PID=476) to work on /opt/airflow/dags/load_full.py
[2026-02-08T16:29:52.263+0000] {processor.py:830} INFO - Processing file /opt/airflow/dags/load_full.py for tasks to queue
[2026-02-08T16:29:52.264+0000] {logging_mixin.py:188} INFO - [2026-02-08T16:29:52.264+0000] {dagbag.py:540} INFO - Filling up the DagBag from /opt/airflow/dags/load_full.py
[2026-02-08T16:29:52.548+0000] {processor.py:840} INFO - DAG(s) 'etl_iot_temp_load_full' retrieved from /opt/airflow/dags/load_full.py
[2026-02-08T16:29:52.578+0000] {logging_mixin.py:188} INFO - [2026-02-08T16:29:52.577+0000] {dag.py:3047} INFO - Sync 1 DAGs
[2026-02-08T16:29:52.600+0000] {logging_mixin.py:188} INFO - [2026-02-08T16:29:52.600+0000] {dag.py:3834} INFO - Setting next_dagrun for etl_iot_temp_load_full to None, run_after=None
[2026-02-08T16:29:52.626+0000] {processor.py:183} INFO - Processing /opt/airflow/dags/load_full.py took 0.367 seconds
