[2026-02-08T09:50:12.326+0000] {processor.py:161} INFO - Started process (PID=178) to work on /opt/airflow/dags/load_incremental.py
[2026-02-08T09:50:12.327+0000] {processor.py:830} INFO - Processing file /opt/airflow/dags/load_incremental.py for tasks to queue
[2026-02-08T09:50:12.328+0000] {logging_mixin.py:188} INFO - [2026-02-08T09:50:12.328+0000] {dagbag.py:540} INFO - Filling up the DagBag from /opt/airflow/dags/load_incremental.py
[2026-02-08T09:50:12.838+0000] {processor.py:840} INFO - DAG(s) 'etl_iot_temp_load_incremental' retrieved from /opt/airflow/dags/load_incremental.py
[2026-02-08T09:50:12.863+0000] {logging_mixin.py:188} INFO - [2026-02-08T09:50:12.863+0000] {dag.py:3047} INFO - Sync 1 DAGs
[2026-02-08T09:50:12.888+0000] {logging_mixin.py:188} INFO - [2026-02-08T09:50:12.888+0000] {dag.py:3834} INFO - Setting next_dagrun for etl_iot_temp_load_incremental to 2026-02-08 00:00:00+00:00, run_after=2026-02-09 00:00:00+00:00
[2026-02-08T09:50:12.909+0000] {processor.py:183} INFO - Processing /opt/airflow/dags/load_incremental.py took 0.586 seconds
[2026-02-08T09:50:43.180+0000] {processor.py:161} INFO - Started process (PID=202) to work on /opt/airflow/dags/load_incremental.py
[2026-02-08T09:50:43.182+0000] {processor.py:830} INFO - Processing file /opt/airflow/dags/load_incremental.py for tasks to queue
[2026-02-08T09:50:43.184+0000] {logging_mixin.py:188} INFO - [2026-02-08T09:50:43.182+0000] {dagbag.py:540} INFO - Filling up the DagBag from /opt/airflow/dags/load_incremental.py
[2026-02-08T09:50:43.424+0000] {processor.py:840} INFO - DAG(s) 'etl_iot_temp_load_incremental' retrieved from /opt/airflow/dags/load_incremental.py
[2026-02-08T09:50:43.617+0000] {logging_mixin.py:188} INFO - [2026-02-08T09:50:43.617+0000] {dag.py:3047} INFO - Sync 1 DAGs
[2026-02-08T09:50:43.638+0000] {logging_mixin.py:188} INFO - [2026-02-08T09:50:43.637+0000] {dag.py:3834} INFO - Setting next_dagrun for etl_iot_temp_load_incremental to 2026-02-08 00:00:00+00:00, run_after=2026-02-09 00:00:00+00:00
[2026-02-08T09:50:43.658+0000] {processor.py:183} INFO - Processing /opt/airflow/dags/load_incremental.py took 0.481 seconds
[2026-02-08T09:51:13.899+0000] {processor.py:161} INFO - Started process (PID=223) to work on /opt/airflow/dags/load_incremental.py
[2026-02-08T09:51:13.900+0000] {processor.py:830} INFO - Processing file /opt/airflow/dags/load_incremental.py for tasks to queue
[2026-02-08T09:51:13.901+0000] {logging_mixin.py:188} INFO - [2026-02-08T09:51:13.901+0000] {dagbag.py:540} INFO - Filling up the DagBag from /opt/airflow/dags/load_incremental.py
[2026-02-08T09:51:14.139+0000] {processor.py:840} INFO - DAG(s) 'etl_iot_temp_load_incremental' retrieved from /opt/airflow/dags/load_incremental.py
[2026-02-08T09:51:14.161+0000] {logging_mixin.py:188} INFO - [2026-02-08T09:51:14.161+0000] {dag.py:3047} INFO - Sync 1 DAGs
[2026-02-08T09:51:14.180+0000] {logging_mixin.py:188} INFO - [2026-02-08T09:51:14.180+0000] {dag.py:3834} INFO - Setting next_dagrun for etl_iot_temp_load_incremental to 2026-02-08 00:00:00+00:00, run_after=2026-02-09 00:00:00+00:00
[2026-02-08T09:51:14.195+0000] {processor.py:183} INFO - Processing /opt/airflow/dags/load_incremental.py took 0.298 seconds
[2026-02-08T16:21:09.716+0000] {processor.py:161} INFO - Started process (PID=170) to work on /opt/airflow/dags/load_incremental.py
[2026-02-08T16:21:09.717+0000] {processor.py:830} INFO - Processing file /opt/airflow/dags/load_incremental.py for tasks to queue
[2026-02-08T16:21:09.719+0000] {logging_mixin.py:188} INFO - [2026-02-08T16:21:09.718+0000] {dagbag.py:540} INFO - Filling up the DagBag from /opt/airflow/dags/load_incremental.py
[2026-02-08T16:21:11.192+0000] {processor.py:840} INFO - DAG(s) 'etl_iot_temp_load_incremental' retrieved from /opt/airflow/dags/load_incremental.py
[2026-02-08T16:21:11.556+0000] {logging_mixin.py:188} INFO - [2026-02-08T16:21:11.555+0000] {override.py:1769} INFO - Created Permission View: can edit on DAG:etl_iot_temp_load_incremental
[2026-02-08T16:21:11.564+0000] {logging_mixin.py:188} INFO - [2026-02-08T16:21:11.564+0000] {override.py:1769} INFO - Created Permission View: can read on DAG:etl_iot_temp_load_incremental
[2026-02-08T16:21:11.573+0000] {logging_mixin.py:188} INFO - [2026-02-08T16:21:11.573+0000] {override.py:1769} INFO - Created Permission View: can delete on DAG:etl_iot_temp_load_incremental
[2026-02-08T16:21:11.574+0000] {logging_mixin.py:188} INFO - [2026-02-08T16:21:11.574+0000] {dag.py:3047} INFO - Sync 1 DAGs
[2026-02-08T16:21:11.588+0000] {logging_mixin.py:188} INFO - [2026-02-08T16:21:11.588+0000] {dag.py:3069} INFO - Creating ORM DAG for etl_iot_temp_load_incremental
[2026-02-08T16:21:11.601+0000] {logging_mixin.py:188} INFO - [2026-02-08T16:21:11.600+0000] {dag.py:3834} INFO - Setting next_dagrun for etl_iot_temp_load_incremental to 2026-02-07 00:00:00+00:00, run_after=2026-02-08 00:00:00+00:00
[2026-02-08T16:21:11.623+0000] {processor.py:183} INFO - Processing /opt/airflow/dags/load_incremental.py took 1.912 seconds
[2026-02-08T16:21:41.859+0000] {processor.py:161} INFO - Started process (PID=188) to work on /opt/airflow/dags/load_incremental.py
[2026-02-08T16:21:41.859+0000] {processor.py:830} INFO - Processing file /opt/airflow/dags/load_incremental.py for tasks to queue
[2026-02-08T16:21:41.860+0000] {logging_mixin.py:188} INFO - [2026-02-08T16:21:41.860+0000] {dagbag.py:540} INFO - Filling up the DagBag from /opt/airflow/dags/load_incremental.py
[2026-02-08T16:21:42.116+0000] {processor.py:840} INFO - DAG(s) 'etl_iot_temp_load_incremental' retrieved from /opt/airflow/dags/load_incremental.py
[2026-02-08T16:21:42.136+0000] {logging_mixin.py:188} INFO - [2026-02-08T16:21:42.136+0000] {dag.py:3047} INFO - Sync 1 DAGs
[2026-02-08T16:21:42.158+0000] {logging_mixin.py:188} INFO - [2026-02-08T16:21:42.158+0000] {dag.py:3834} INFO - Setting next_dagrun for etl_iot_temp_load_incremental to 2026-02-07 00:00:00+00:00, run_after=2026-02-08 00:00:00+00:00
[2026-02-08T16:21:42.178+0000] {processor.py:183} INFO - Processing /opt/airflow/dags/load_incremental.py took 0.323 seconds
[2026-02-08T16:22:12.456+0000] {processor.py:161} INFO - Started process (PID=206) to work on /opt/airflow/dags/load_incremental.py
[2026-02-08T16:22:12.457+0000] {processor.py:830} INFO - Processing file /opt/airflow/dags/load_incremental.py for tasks to queue
[2026-02-08T16:22:12.457+0000] {logging_mixin.py:188} INFO - [2026-02-08T16:22:12.457+0000] {dagbag.py:540} INFO - Filling up the DagBag from /opt/airflow/dags/load_incremental.py
[2026-02-08T16:22:12.709+0000] {processor.py:840} INFO - DAG(s) 'etl_iot_temp_load_incremental' retrieved from /opt/airflow/dags/load_incremental.py
[2026-02-08T16:22:12.729+0000] {logging_mixin.py:188} INFO - [2026-02-08T16:22:12.728+0000] {dag.py:3047} INFO - Sync 1 DAGs
[2026-02-08T16:22:12.749+0000] {logging_mixin.py:188} INFO - [2026-02-08T16:22:12.749+0000] {dag.py:3834} INFO - Setting next_dagrun for etl_iot_temp_load_incremental to 2026-02-07 00:00:00+00:00, run_after=2026-02-08 00:00:00+00:00
[2026-02-08T16:22:12.766+0000] {processor.py:183} INFO - Processing /opt/airflow/dags/load_incremental.py took 0.313 seconds
[2026-02-08T16:22:43.062+0000] {processor.py:161} INFO - Started process (PID=224) to work on /opt/airflow/dags/load_incremental.py
[2026-02-08T16:22:43.063+0000] {processor.py:830} INFO - Processing file /opt/airflow/dags/load_incremental.py for tasks to queue
[2026-02-08T16:22:43.065+0000] {logging_mixin.py:188} INFO - [2026-02-08T16:22:43.064+0000] {dagbag.py:540} INFO - Filling up the DagBag from /opt/airflow/dags/load_incremental.py
[2026-02-08T16:22:43.499+0000] {processor.py:840} INFO - DAG(s) 'etl_iot_temp_load_incremental' retrieved from /opt/airflow/dags/load_incremental.py
[2026-02-08T16:22:43.539+0000] {logging_mixin.py:188} INFO - [2026-02-08T16:22:43.538+0000] {dag.py:3047} INFO - Sync 1 DAGs
[2026-02-08T16:22:43.589+0000] {logging_mixin.py:188} INFO - [2026-02-08T16:22:43.588+0000] {dag.py:3834} INFO - Setting next_dagrun for etl_iot_temp_load_incremental to 2026-02-07 00:00:00+00:00, run_after=2026-02-08 00:00:00+00:00
[2026-02-08T16:22:43.624+0000] {processor.py:183} INFO - Processing /opt/airflow/dags/load_incremental.py took 0.565 seconds
[2026-02-08T16:23:13.974+0000] {processor.py:161} INFO - Started process (PID=242) to work on /opt/airflow/dags/load_incremental.py
[2026-02-08T16:23:13.974+0000] {processor.py:830} INFO - Processing file /opt/airflow/dags/load_incremental.py for tasks to queue
[2026-02-08T16:23:13.975+0000] {logging_mixin.py:188} INFO - [2026-02-08T16:23:13.975+0000] {dagbag.py:540} INFO - Filling up the DagBag from /opt/airflow/dags/load_incremental.py
[2026-02-08T16:23:14.240+0000] {processor.py:840} INFO - DAG(s) 'etl_iot_temp_load_incremental' retrieved from /opt/airflow/dags/load_incremental.py
[2026-02-08T16:23:14.262+0000] {logging_mixin.py:188} INFO - [2026-02-08T16:23:14.262+0000] {dag.py:3047} INFO - Sync 1 DAGs
[2026-02-08T16:23:14.286+0000] {logging_mixin.py:188} INFO - [2026-02-08T16:23:14.285+0000] {dag.py:3834} INFO - Setting next_dagrun for etl_iot_temp_load_incremental to 2026-02-07 00:00:00+00:00, run_after=2026-02-08 00:00:00+00:00
[2026-02-08T16:23:14.303+0000] {processor.py:183} INFO - Processing /opt/airflow/dags/load_incremental.py took 0.332 seconds
[2026-02-08T16:23:44.636+0000] {processor.py:161} INFO - Started process (PID=260) to work on /opt/airflow/dags/load_incremental.py
[2026-02-08T16:23:44.637+0000] {processor.py:830} INFO - Processing file /opt/airflow/dags/load_incremental.py for tasks to queue
[2026-02-08T16:23:44.638+0000] {logging_mixin.py:188} INFO - [2026-02-08T16:23:44.638+0000] {dagbag.py:540} INFO - Filling up the DagBag from /opt/airflow/dags/load_incremental.py
[2026-02-08T16:23:44.885+0000] {processor.py:840} INFO - DAG(s) 'etl_iot_temp_load_incremental' retrieved from /opt/airflow/dags/load_incremental.py
[2026-02-08T16:23:44.905+0000] {logging_mixin.py:188} INFO - [2026-02-08T16:23:44.905+0000] {dag.py:3047} INFO - Sync 1 DAGs
[2026-02-08T16:23:44.926+0000] {logging_mixin.py:188} INFO - [2026-02-08T16:23:44.925+0000] {dag.py:3834} INFO - Setting next_dagrun for etl_iot_temp_load_incremental to 2026-02-07 00:00:00+00:00, run_after=2026-02-08 00:00:00+00:00
[2026-02-08T16:23:44.943+0000] {processor.py:183} INFO - Processing /opt/airflow/dags/load_incremental.py took 0.310 seconds
[2026-02-08T16:24:15.254+0000] {processor.py:161} INFO - Started process (PID=278) to work on /opt/airflow/dags/load_incremental.py
[2026-02-08T16:24:15.255+0000] {processor.py:830} INFO - Processing file /opt/airflow/dags/load_incremental.py for tasks to queue
[2026-02-08T16:24:15.256+0000] {logging_mixin.py:188} INFO - [2026-02-08T16:24:15.255+0000] {dagbag.py:540} INFO - Filling up the DagBag from /opt/airflow/dags/load_incremental.py
[2026-02-08T16:24:15.510+0000] {processor.py:840} INFO - DAG(s) 'etl_iot_temp_load_incremental' retrieved from /opt/airflow/dags/load_incremental.py
[2026-02-08T16:24:15.530+0000] {logging_mixin.py:188} INFO - [2026-02-08T16:24:15.530+0000] {dag.py:3047} INFO - Sync 1 DAGs
[2026-02-08T16:24:15.551+0000] {logging_mixin.py:188} INFO - [2026-02-08T16:24:15.551+0000] {dag.py:3834} INFO - Setting next_dagrun for etl_iot_temp_load_incremental to 2026-02-07 00:00:00+00:00, run_after=2026-02-08 00:00:00+00:00
[2026-02-08T16:24:15.570+0000] {processor.py:183} INFO - Processing /opt/airflow/dags/load_incremental.py took 0.320 seconds
[2026-02-08T16:24:45.899+0000] {processor.py:161} INFO - Started process (PID=296) to work on /opt/airflow/dags/load_incremental.py
[2026-02-08T16:24:45.900+0000] {processor.py:830} INFO - Processing file /opt/airflow/dags/load_incremental.py for tasks to queue
[2026-02-08T16:24:45.901+0000] {logging_mixin.py:188} INFO - [2026-02-08T16:24:45.900+0000] {dagbag.py:540} INFO - Filling up the DagBag from /opt/airflow/dags/load_incremental.py
[2026-02-08T16:24:46.148+0000] {processor.py:840} INFO - DAG(s) 'etl_iot_temp_load_incremental' retrieved from /opt/airflow/dags/load_incremental.py
[2026-02-08T16:24:46.167+0000] {logging_mixin.py:188} INFO - [2026-02-08T16:24:46.166+0000] {dag.py:3047} INFO - Sync 1 DAGs
[2026-02-08T16:24:46.188+0000] {logging_mixin.py:188} INFO - [2026-02-08T16:24:46.187+0000] {dag.py:3834} INFO - Setting next_dagrun for etl_iot_temp_load_incremental to 2026-02-07 00:00:00+00:00, run_after=2026-02-08 00:00:00+00:00
[2026-02-08T16:24:46.204+0000] {processor.py:183} INFO - Processing /opt/airflow/dags/load_incremental.py took 0.311 seconds
[2026-02-08T16:25:16.531+0000] {processor.py:161} INFO - Started process (PID=314) to work on /opt/airflow/dags/load_incremental.py
[2026-02-08T16:25:16.532+0000] {processor.py:830} INFO - Processing file /opt/airflow/dags/load_incremental.py for tasks to queue
[2026-02-08T16:25:16.532+0000] {logging_mixin.py:188} INFO - [2026-02-08T16:25:16.532+0000] {dagbag.py:540} INFO - Filling up the DagBag from /opt/airflow/dags/load_incremental.py
[2026-02-08T16:25:16.775+0000] {processor.py:840} INFO - DAG(s) 'etl_iot_temp_load_incremental' retrieved from /opt/airflow/dags/load_incremental.py
[2026-02-08T16:25:16.795+0000] {logging_mixin.py:188} INFO - [2026-02-08T16:25:16.794+0000] {dag.py:3047} INFO - Sync 1 DAGs
[2026-02-08T16:25:16.815+0000] {logging_mixin.py:188} INFO - [2026-02-08T16:25:16.815+0000] {dag.py:3834} INFO - Setting next_dagrun for etl_iot_temp_load_incremental to 2026-02-07 00:00:00+00:00, run_after=2026-02-08 00:00:00+00:00
[2026-02-08T16:25:16.832+0000] {processor.py:183} INFO - Processing /opt/airflow/dags/load_incremental.py took 0.304 seconds
[2026-02-08T16:25:47.112+0000] {processor.py:161} INFO - Started process (PID=332) to work on /opt/airflow/dags/load_incremental.py
[2026-02-08T16:25:47.112+0000] {processor.py:830} INFO - Processing file /opt/airflow/dags/load_incremental.py for tasks to queue
[2026-02-08T16:25:47.113+0000] {logging_mixin.py:188} INFO - [2026-02-08T16:25:47.113+0000] {dagbag.py:540} INFO - Filling up the DagBag from /opt/airflow/dags/load_incremental.py
[2026-02-08T16:25:47.366+0000] {processor.py:840} INFO - DAG(s) 'etl_iot_temp_load_incremental' retrieved from /opt/airflow/dags/load_incremental.py
[2026-02-08T16:25:47.385+0000] {logging_mixin.py:188} INFO - [2026-02-08T16:25:47.385+0000] {dag.py:3047} INFO - Sync 1 DAGs
[2026-02-08T16:25:47.406+0000] {logging_mixin.py:188} INFO - [2026-02-08T16:25:47.405+0000] {dag.py:3834} INFO - Setting next_dagrun for etl_iot_temp_load_incremental to 2026-02-07 00:00:00+00:00, run_after=2026-02-08 00:00:00+00:00
[2026-02-08T16:25:47.426+0000] {processor.py:183} INFO - Processing /opt/airflow/dags/load_incremental.py took 0.318 seconds
[2026-02-08T16:26:17.766+0000] {processor.py:161} INFO - Started process (PID=353) to work on /opt/airflow/dags/load_incremental.py
[2026-02-08T16:26:17.767+0000] {processor.py:830} INFO - Processing file /opt/airflow/dags/load_incremental.py for tasks to queue
[2026-02-08T16:26:17.768+0000] {logging_mixin.py:188} INFO - [2026-02-08T16:26:17.767+0000] {dagbag.py:540} INFO - Filling up the DagBag from /opt/airflow/dags/load_incremental.py
[2026-02-08T16:26:18.012+0000] {processor.py:840} INFO - DAG(s) 'etl_iot_temp_load_incremental' retrieved from /opt/airflow/dags/load_incremental.py
[2026-02-08T16:26:18.033+0000] {logging_mixin.py:188} INFO - [2026-02-08T16:26:18.033+0000] {dag.py:3047} INFO - Sync 1 DAGs
[2026-02-08T16:26:18.054+0000] {logging_mixin.py:188} INFO - [2026-02-08T16:26:18.054+0000] {dag.py:3834} INFO - Setting next_dagrun for etl_iot_temp_load_incremental to 2026-02-08 00:00:00+00:00, run_after=2026-02-09 00:00:00+00:00
[2026-02-08T16:26:18.072+0000] {processor.py:183} INFO - Processing /opt/airflow/dags/load_incremental.py took 0.309 seconds
[2026-02-08T16:26:48.390+0000] {processor.py:161} INFO - Started process (PID=371) to work on /opt/airflow/dags/load_incremental.py
[2026-02-08T16:26:48.391+0000] {processor.py:830} INFO - Processing file /opt/airflow/dags/load_incremental.py for tasks to queue
[2026-02-08T16:26:48.391+0000] {logging_mixin.py:188} INFO - [2026-02-08T16:26:48.391+0000] {dagbag.py:540} INFO - Filling up the DagBag from /opt/airflow/dags/load_incremental.py
[2026-02-08T16:26:48.642+0000] {processor.py:840} INFO - DAG(s) 'etl_iot_temp_load_incremental' retrieved from /opt/airflow/dags/load_incremental.py
[2026-02-08T16:26:48.661+0000] {logging_mixin.py:188} INFO - [2026-02-08T16:26:48.661+0000] {dag.py:3047} INFO - Sync 1 DAGs
[2026-02-08T16:26:48.682+0000] {logging_mixin.py:188} INFO - [2026-02-08T16:26:48.682+0000] {dag.py:3834} INFO - Setting next_dagrun for etl_iot_temp_load_incremental to 2026-02-08 00:00:00+00:00, run_after=2026-02-09 00:00:00+00:00
[2026-02-08T16:26:48.699+0000] {processor.py:183} INFO - Processing /opt/airflow/dags/load_incremental.py took 0.312 seconds
[2026-02-08T16:27:19.032+0000] {processor.py:161} INFO - Started process (PID=389) to work on /opt/airflow/dags/load_incremental.py
[2026-02-08T16:27:19.033+0000] {processor.py:830} INFO - Processing file /opt/airflow/dags/load_incremental.py for tasks to queue
[2026-02-08T16:27:19.034+0000] {logging_mixin.py:188} INFO - [2026-02-08T16:27:19.033+0000] {dagbag.py:540} INFO - Filling up the DagBag from /opt/airflow/dags/load_incremental.py
[2026-02-08T16:27:19.291+0000] {processor.py:840} INFO - DAG(s) 'etl_iot_temp_load_incremental' retrieved from /opt/airflow/dags/load_incremental.py
[2026-02-08T16:27:19.322+0000] {logging_mixin.py:188} INFO - [2026-02-08T16:27:19.321+0000] {dag.py:3047} INFO - Sync 1 DAGs
[2026-02-08T16:27:19.350+0000] {logging_mixin.py:188} INFO - [2026-02-08T16:27:19.350+0000] {dag.py:3834} INFO - Setting next_dagrun for etl_iot_temp_load_incremental to 2026-02-08 00:00:00+00:00, run_after=2026-02-09 00:00:00+00:00
[2026-02-08T16:27:19.374+0000] {processor.py:183} INFO - Processing /opt/airflow/dags/load_incremental.py took 0.346 seconds
[2026-02-08T16:27:49.677+0000] {processor.py:161} INFO - Started process (PID=407) to work on /opt/airflow/dags/load_incremental.py
[2026-02-08T16:27:49.678+0000] {processor.py:830} INFO - Processing file /opt/airflow/dags/load_incremental.py for tasks to queue
[2026-02-08T16:27:49.679+0000] {logging_mixin.py:188} INFO - [2026-02-08T16:27:49.678+0000] {dagbag.py:540} INFO - Filling up the DagBag from /opt/airflow/dags/load_incremental.py
[2026-02-08T16:27:49.975+0000] {processor.py:840} INFO - DAG(s) 'etl_iot_temp_load_incremental' retrieved from /opt/airflow/dags/load_incremental.py
[2026-02-08T16:27:49.998+0000] {logging_mixin.py:188} INFO - [2026-02-08T16:27:49.998+0000] {dag.py:3047} INFO - Sync 1 DAGs
[2026-02-08T16:27:50.024+0000] {logging_mixin.py:188} INFO - [2026-02-08T16:27:50.024+0000] {dag.py:3834} INFO - Setting next_dagrun for etl_iot_temp_load_incremental to 2026-02-08 00:00:00+00:00, run_after=2026-02-09 00:00:00+00:00
[2026-02-08T16:27:50.043+0000] {processor.py:183} INFO - Processing /opt/airflow/dags/load_incremental.py took 0.369 seconds
[2026-02-08T16:28:20.393+0000] {processor.py:161} INFO - Started process (PID=425) to work on /opt/airflow/dags/load_incremental.py
[2026-02-08T16:28:20.393+0000] {processor.py:830} INFO - Processing file /opt/airflow/dags/load_incremental.py for tasks to queue
[2026-02-08T16:28:20.395+0000] {logging_mixin.py:188} INFO - [2026-02-08T16:28:20.394+0000] {dagbag.py:540} INFO - Filling up the DagBag from /opt/airflow/dags/load_incremental.py
[2026-02-08T16:28:20.654+0000] {processor.py:840} INFO - DAG(s) 'etl_iot_temp_load_incremental' retrieved from /opt/airflow/dags/load_incremental.py
[2026-02-08T16:28:20.675+0000] {logging_mixin.py:188} INFO - [2026-02-08T16:28:20.675+0000] {dag.py:3047} INFO - Sync 1 DAGs
[2026-02-08T16:28:20.697+0000] {logging_mixin.py:188} INFO - [2026-02-08T16:28:20.697+0000] {dag.py:3834} INFO - Setting next_dagrun for etl_iot_temp_load_incremental to 2026-02-08 00:00:00+00:00, run_after=2026-02-09 00:00:00+00:00
[2026-02-08T16:28:20.715+0000] {processor.py:183} INFO - Processing /opt/airflow/dags/load_incremental.py took 0.327 seconds
[2026-02-08T16:28:51.012+0000] {processor.py:161} INFO - Started process (PID=443) to work on /opt/airflow/dags/load_incremental.py
[2026-02-08T16:28:51.013+0000] {processor.py:830} INFO - Processing file /opt/airflow/dags/load_incremental.py for tasks to queue
[2026-02-08T16:28:51.013+0000] {logging_mixin.py:188} INFO - [2026-02-08T16:28:51.013+0000] {dagbag.py:540} INFO - Filling up the DagBag from /opt/airflow/dags/load_incremental.py
[2026-02-08T16:28:51.264+0000] {processor.py:840} INFO - DAG(s) 'etl_iot_temp_load_incremental' retrieved from /opt/airflow/dags/load_incremental.py
[2026-02-08T16:28:51.285+0000] {logging_mixin.py:188} INFO - [2026-02-08T16:28:51.284+0000] {dag.py:3047} INFO - Sync 1 DAGs
[2026-02-08T16:28:51.306+0000] {logging_mixin.py:188} INFO - [2026-02-08T16:28:51.305+0000] {dag.py:3834} INFO - Setting next_dagrun for etl_iot_temp_load_incremental to 2026-02-08 00:00:00+00:00, run_after=2026-02-09 00:00:00+00:00
[2026-02-08T16:28:51.325+0000] {processor.py:183} INFO - Processing /opt/airflow/dags/load_incremental.py took 0.316 seconds
[2026-02-08T16:29:21.636+0000] {processor.py:161} INFO - Started process (PID=461) to work on /opt/airflow/dags/load_incremental.py
[2026-02-08T16:29:21.636+0000] {processor.py:830} INFO - Processing file /opt/airflow/dags/load_incremental.py for tasks to queue
[2026-02-08T16:29:21.637+0000] {logging_mixin.py:188} INFO - [2026-02-08T16:29:21.637+0000] {dagbag.py:540} INFO - Filling up the DagBag from /opt/airflow/dags/load_incremental.py
[2026-02-08T16:29:21.893+0000] {processor.py:840} INFO - DAG(s) 'etl_iot_temp_load_incremental' retrieved from /opt/airflow/dags/load_incremental.py
[2026-02-08T16:29:21.921+0000] {logging_mixin.py:188} INFO - [2026-02-08T16:29:21.920+0000] {dag.py:3047} INFO - Sync 1 DAGs
[2026-02-08T16:29:21.947+0000] {logging_mixin.py:188} INFO - [2026-02-08T16:29:21.947+0000] {dag.py:3834} INFO - Setting next_dagrun for etl_iot_temp_load_incremental to 2026-02-08 00:00:00+00:00, run_after=2026-02-09 00:00:00+00:00
[2026-02-08T16:29:21.965+0000] {processor.py:183} INFO - Processing /opt/airflow/dags/load_incremental.py took 0.333 seconds
[2026-02-08T16:29:52.272+0000] {processor.py:161} INFO - Started process (PID=479) to work on /opt/airflow/dags/load_incremental.py
[2026-02-08T16:29:52.273+0000] {processor.py:830} INFO - Processing file /opt/airflow/dags/load_incremental.py for tasks to queue
[2026-02-08T16:29:52.274+0000] {logging_mixin.py:188} INFO - [2026-02-08T16:29:52.274+0000] {dagbag.py:540} INFO - Filling up the DagBag from /opt/airflow/dags/load_incremental.py
[2026-02-08T16:29:52.554+0000] {processor.py:840} INFO - DAG(s) 'etl_iot_temp_load_incremental' retrieved from /opt/airflow/dags/load_incremental.py
[2026-02-08T16:29:52.584+0000] {logging_mixin.py:188} INFO - [2026-02-08T16:29:52.584+0000] {dag.py:3047} INFO - Sync 1 DAGs
[2026-02-08T16:29:52.618+0000] {logging_mixin.py:188} INFO - [2026-02-08T16:29:52.618+0000] {dag.py:3834} INFO - Setting next_dagrun for etl_iot_temp_load_incremental to 2026-02-08 00:00:00+00:00, run_after=2026-02-09 00:00:00+00:00
[2026-02-08T16:29:52.648+0000] {processor.py:183} INFO - Processing /opt/airflow/dags/load_incremental.py took 0.379 seconds
