[2026-02-08T09:50:12.940+0000] {processor.py:161} INFO - Started process (PID=187) to work on /opt/airflow/dags/transform.py
[2026-02-08T09:50:12.941+0000] {processor.py:830} INFO - Processing file /opt/airflow/dags/transform.py for tasks to queue
[2026-02-08T09:50:12.943+0000] {logging_mixin.py:188} INFO - [2026-02-08T09:50:12.942+0000] {dagbag.py:540} INFO - Filling up the DagBag from /opt/airflow/dags/transform.py
[2026-02-08T09:50:13.179+0000] {processor.py:840} INFO - DAG(s) 'etl_iot_temp_transform' retrieved from /opt/airflow/dags/transform.py
[2026-02-08T09:50:13.191+0000] {logging_mixin.py:188} INFO - [2026-02-08T09:50:13.190+0000] {dag.py:3047} INFO - Sync 1 DAGs
[2026-02-08T09:50:13.204+0000] {logging_mixin.py:188} INFO - [2026-02-08T09:50:13.204+0000] {dag.py:3834} INFO - Setting next_dagrun for etl_iot_temp_transform to None, run_after=None
[2026-02-08T09:50:13.223+0000] {processor.py:183} INFO - Processing /opt/airflow/dags/transform.py took 0.286 seconds
[2026-02-08T09:50:43.689+0000] {processor.py:161} INFO - Started process (PID=211) to work on /opt/airflow/dags/transform.py
[2026-02-08T09:50:43.691+0000] {processor.py:830} INFO - Processing file /opt/airflow/dags/transform.py for tasks to queue
[2026-02-08T09:50:43.691+0000] {logging_mixin.py:188} INFO - [2026-02-08T09:50:43.691+0000] {dagbag.py:540} INFO - Filling up the DagBag from /opt/airflow/dags/transform.py
[2026-02-08T09:50:43.909+0000] {processor.py:840} INFO - DAG(s) 'etl_iot_temp_transform' retrieved from /opt/airflow/dags/transform.py
[2026-02-08T09:50:43.981+0000] {logging_mixin.py:188} INFO - [2026-02-08T09:50:43.981+0000] {dag.py:3047} INFO - Sync 1 DAGs
[2026-02-08T09:50:43.989+0000] {logging_mixin.py:188} INFO - [2026-02-08T09:50:43.989+0000] {dag.py:3834} INFO - Setting next_dagrun for etl_iot_temp_transform to None, run_after=None
[2026-02-08T09:50:44.004+0000] {processor.py:183} INFO - Processing /opt/airflow/dags/transform.py took 0.318 seconds
[2026-02-08T09:51:14.239+0000] {processor.py:161} INFO - Started process (PID=232) to work on /opt/airflow/dags/transform.py
[2026-02-08T09:51:14.240+0000] {processor.py:830} INFO - Processing file /opt/airflow/dags/transform.py for tasks to queue
[2026-02-08T09:51:14.241+0000] {logging_mixin.py:188} INFO - [2026-02-08T09:51:14.241+0000] {dagbag.py:540} INFO - Filling up the DagBag from /opt/airflow/dags/transform.py
[2026-02-08T09:51:14.434+0000] {processor.py:840} INFO - DAG(s) 'etl_iot_temp_transform' retrieved from /opt/airflow/dags/transform.py
[2026-02-08T09:51:14.461+0000] {logging_mixin.py:188} INFO - [2026-02-08T09:51:14.461+0000] {dag.py:3047} INFO - Sync 1 DAGs
[2026-02-08T09:51:14.475+0000] {logging_mixin.py:188} INFO - [2026-02-08T09:51:14.475+0000] {dag.py:3834} INFO - Setting next_dagrun for etl_iot_temp_transform to None, run_after=None
[2026-02-08T09:51:14.503+0000] {processor.py:183} INFO - Processing /opt/airflow/dags/transform.py took 0.266 seconds
[2026-02-08T16:21:11.643+0000] {processor.py:161} INFO - Started process (PID=179) to work on /opt/airflow/dags/transform.py
[2026-02-08T16:21:11.644+0000] {processor.py:830} INFO - Processing file /opt/airflow/dags/transform.py for tasks to queue
[2026-02-08T16:21:11.644+0000] {logging_mixin.py:188} INFO - [2026-02-08T16:21:11.644+0000] {dagbag.py:540} INFO - Filling up the DagBag from /opt/airflow/dags/transform.py
[2026-02-08T16:21:11.914+0000] {processor.py:840} INFO - DAG(s) 'etl_iot_temp_transform' retrieved from /opt/airflow/dags/transform.py
[2026-02-08T16:21:12.018+0000] {logging_mixin.py:188} INFO - [2026-02-08T16:21:12.017+0000] {override.py:1769} INFO - Created Permission View: can edit on DAG:etl_iot_temp_transform
[2026-02-08T16:21:12.030+0000] {logging_mixin.py:188} INFO - [2026-02-08T16:21:12.030+0000] {override.py:1769} INFO - Created Permission View: can read on DAG:etl_iot_temp_transform
[2026-02-08T16:21:12.039+0000] {logging_mixin.py:188} INFO - [2026-02-08T16:21:12.039+0000] {override.py:1769} INFO - Created Permission View: can delete on DAG:etl_iot_temp_transform
[2026-02-08T16:21:12.040+0000] {logging_mixin.py:188} INFO - [2026-02-08T16:21:12.040+0000] {dag.py:3047} INFO - Sync 1 DAGs
[2026-02-08T16:21:12.056+0000] {logging_mixin.py:188} INFO - [2026-02-08T16:21:12.055+0000] {dag.py:3069} INFO - Creating ORM DAG for etl_iot_temp_transform
[2026-02-08T16:21:12.057+0000] {logging_mixin.py:188} INFO - [2026-02-08T16:21:12.057+0000] {dag.py:3834} INFO - Setting next_dagrun for etl_iot_temp_transform to None, run_after=None
[2026-02-08T16:21:12.082+0000] {processor.py:183} INFO - Processing /opt/airflow/dags/transform.py took 0.442 seconds
[2026-02-08T16:21:42.194+0000] {processor.py:161} INFO - Started process (PID=197) to work on /opt/airflow/dags/transform.py
[2026-02-08T16:21:42.195+0000] {processor.py:830} INFO - Processing file /opt/airflow/dags/transform.py for tasks to queue
[2026-02-08T16:21:42.195+0000] {logging_mixin.py:188} INFO - [2026-02-08T16:21:42.195+0000] {dagbag.py:540} INFO - Filling up the DagBag from /opt/airflow/dags/transform.py
[2026-02-08T16:21:42.443+0000] {processor.py:840} INFO - DAG(s) 'etl_iot_temp_transform' retrieved from /opt/airflow/dags/transform.py
[2026-02-08T16:21:42.464+0000] {logging_mixin.py:188} INFO - [2026-02-08T16:21:42.463+0000] {dag.py:3047} INFO - Sync 1 DAGs
[2026-02-08T16:21:42.475+0000] {logging_mixin.py:188} INFO - [2026-02-08T16:21:42.475+0000] {dag.py:3834} INFO - Setting next_dagrun for etl_iot_temp_transform to None, run_after=None
[2026-02-08T16:21:42.500+0000] {processor.py:183} INFO - Processing /opt/airflow/dags/transform.py took 0.308 seconds
[2026-02-08T16:22:12.778+0000] {processor.py:161} INFO - Started process (PID=215) to work on /opt/airflow/dags/transform.py
[2026-02-08T16:22:12.779+0000] {processor.py:830} INFO - Processing file /opt/airflow/dags/transform.py for tasks to queue
[2026-02-08T16:22:12.779+0000] {logging_mixin.py:188} INFO - [2026-02-08T16:22:12.779+0000] {dagbag.py:540} INFO - Filling up the DagBag from /opt/airflow/dags/transform.py
[2026-02-08T16:22:13.011+0000] {processor.py:840} INFO - DAG(s) 'etl_iot_temp_transform' retrieved from /opt/airflow/dags/transform.py
[2026-02-08T16:22:13.030+0000] {logging_mixin.py:188} INFO - [2026-02-08T16:22:13.030+0000] {dag.py:3047} INFO - Sync 1 DAGs
[2026-02-08T16:22:13.040+0000] {logging_mixin.py:188} INFO - [2026-02-08T16:22:13.040+0000] {dag.py:3834} INFO - Setting next_dagrun for etl_iot_temp_transform to None, run_after=None
[2026-02-08T16:22:13.072+0000] {processor.py:183} INFO - Processing /opt/airflow/dags/transform.py took 0.296 seconds
[2026-02-08T16:22:43.661+0000] {processor.py:161} INFO - Started process (PID=233) to work on /opt/airflow/dags/transform.py
[2026-02-08T16:22:43.662+0000] {processor.py:830} INFO - Processing file /opt/airflow/dags/transform.py for tasks to queue
[2026-02-08T16:22:43.663+0000] {logging_mixin.py:188} INFO - [2026-02-08T16:22:43.662+0000] {dagbag.py:540} INFO - Filling up the DagBag from /opt/airflow/dags/transform.py
[2026-02-08T16:22:43.916+0000] {processor.py:840} INFO - DAG(s) 'etl_iot_temp_transform' retrieved from /opt/airflow/dags/transform.py
[2026-02-08T16:22:43.936+0000] {logging_mixin.py:188} INFO - [2026-02-08T16:22:43.936+0000] {dag.py:3047} INFO - Sync 1 DAGs
[2026-02-08T16:22:43.947+0000] {logging_mixin.py:188} INFO - [2026-02-08T16:22:43.947+0000] {dag.py:3834} INFO - Setting next_dagrun for etl_iot_temp_transform to None, run_after=None
[2026-02-08T16:22:43.973+0000] {processor.py:183} INFO - Processing /opt/airflow/dags/transform.py took 0.315 seconds
[2026-02-08T16:23:14.322+0000] {processor.py:161} INFO - Started process (PID=251) to work on /opt/airflow/dags/transform.py
[2026-02-08T16:23:14.322+0000] {processor.py:830} INFO - Processing file /opt/airflow/dags/transform.py for tasks to queue
[2026-02-08T16:23:14.323+0000] {logging_mixin.py:188} INFO - [2026-02-08T16:23:14.323+0000] {dagbag.py:540} INFO - Filling up the DagBag from /opt/airflow/dags/transform.py
[2026-02-08T16:23:14.570+0000] {processor.py:840} INFO - DAG(s) 'etl_iot_temp_transform' retrieved from /opt/airflow/dags/transform.py
[2026-02-08T16:23:14.593+0000] {logging_mixin.py:188} INFO - [2026-02-08T16:23:14.592+0000] {dag.py:3047} INFO - Sync 1 DAGs
[2026-02-08T16:23:14.605+0000] {logging_mixin.py:188} INFO - [2026-02-08T16:23:14.604+0000] {dag.py:3834} INFO - Setting next_dagrun for etl_iot_temp_transform to None, run_after=None
[2026-02-08T16:23:14.623+0000] {processor.py:183} INFO - Processing /opt/airflow/dags/transform.py took 0.304 seconds
[2026-02-08T16:23:44.951+0000] {processor.py:161} INFO - Started process (PID=268) to work on /opt/airflow/dags/transform.py
[2026-02-08T16:23:44.952+0000] {processor.py:830} INFO - Processing file /opt/airflow/dags/transform.py for tasks to queue
[2026-02-08T16:23:44.952+0000] {logging_mixin.py:188} INFO - [2026-02-08T16:23:44.952+0000] {dagbag.py:540} INFO - Filling up the DagBag from /opt/airflow/dags/transform.py
[2026-02-08T16:23:45.198+0000] {processor.py:840} INFO - DAG(s) 'etl_iot_temp_transform' retrieved from /opt/airflow/dags/transform.py
[2026-02-08T16:23:45.218+0000] {logging_mixin.py:188} INFO - [2026-02-08T16:23:45.218+0000] {dag.py:3047} INFO - Sync 1 DAGs
[2026-02-08T16:23:45.229+0000] {logging_mixin.py:188} INFO - [2026-02-08T16:23:45.228+0000] {dag.py:3834} INFO - Setting next_dagrun for etl_iot_temp_transform to None, run_after=None
[2026-02-08T16:23:45.246+0000] {processor.py:183} INFO - Processing /opt/airflow/dags/transform.py took 0.298 seconds
[2026-02-08T16:24:15.580+0000] {processor.py:161} INFO - Started process (PID=287) to work on /opt/airflow/dags/transform.py
[2026-02-08T16:24:15.581+0000] {processor.py:830} INFO - Processing file /opt/airflow/dags/transform.py for tasks to queue
[2026-02-08T16:24:15.582+0000] {logging_mixin.py:188} INFO - [2026-02-08T16:24:15.581+0000] {dagbag.py:540} INFO - Filling up the DagBag from /opt/airflow/dags/transform.py
[2026-02-08T16:24:15.816+0000] {processor.py:840} INFO - DAG(s) 'etl_iot_temp_transform' retrieved from /opt/airflow/dags/transform.py
[2026-02-08T16:24:15.835+0000] {logging_mixin.py:188} INFO - [2026-02-08T16:24:15.834+0000] {dag.py:3047} INFO - Sync 1 DAGs
[2026-02-08T16:24:15.845+0000] {logging_mixin.py:188} INFO - [2026-02-08T16:24:15.845+0000] {dag.py:3834} INFO - Setting next_dagrun for etl_iot_temp_transform to None, run_after=None
[2026-02-08T16:24:15.872+0000] {processor.py:183} INFO - Processing /opt/airflow/dags/transform.py took 0.294 seconds
[2026-02-08T16:24:46.219+0000] {processor.py:161} INFO - Started process (PID=305) to work on /opt/airflow/dags/transform.py
[2026-02-08T16:24:46.220+0000] {processor.py:830} INFO - Processing file /opt/airflow/dags/transform.py for tasks to queue
[2026-02-08T16:24:46.220+0000] {logging_mixin.py:188} INFO - [2026-02-08T16:24:46.220+0000] {dagbag.py:540} INFO - Filling up the DagBag from /opt/airflow/dags/transform.py
[2026-02-08T16:24:46.460+0000] {processor.py:840} INFO - DAG(s) 'etl_iot_temp_transform' retrieved from /opt/airflow/dags/transform.py
[2026-02-08T16:24:46.481+0000] {logging_mixin.py:188} INFO - [2026-02-08T16:24:46.479+0000] {dag.py:3047} INFO - Sync 1 DAGs
[2026-02-08T16:24:46.492+0000] {logging_mixin.py:188} INFO - [2026-02-08T16:24:46.491+0000] {dag.py:3834} INFO - Setting next_dagrun for etl_iot_temp_transform to None, run_after=None
[2026-02-08T16:24:46.517+0000] {processor.py:183} INFO - Processing /opt/airflow/dags/transform.py took 0.300 seconds
[2026-02-08T16:25:16.850+0000] {processor.py:161} INFO - Started process (PID=323) to work on /opt/airflow/dags/transform.py
[2026-02-08T16:25:16.851+0000] {processor.py:830} INFO - Processing file /opt/airflow/dags/transform.py for tasks to queue
[2026-02-08T16:25:16.851+0000] {logging_mixin.py:188} INFO - [2026-02-08T16:25:16.851+0000] {dagbag.py:540} INFO - Filling up the DagBag from /opt/airflow/dags/transform.py
[2026-02-08T16:25:17.084+0000] {processor.py:840} INFO - DAG(s) 'etl_iot_temp_transform' retrieved from /opt/airflow/dags/transform.py
[2026-02-08T16:25:17.104+0000] {logging_mixin.py:188} INFO - [2026-02-08T16:25:17.103+0000] {dag.py:3047} INFO - Sync 1 DAGs
[2026-02-08T16:25:17.114+0000] {logging_mixin.py:188} INFO - [2026-02-08T16:25:17.114+0000] {dag.py:3834} INFO - Setting next_dagrun for etl_iot_temp_transform to None, run_after=None
[2026-02-08T16:25:17.139+0000] {processor.py:183} INFO - Processing /opt/airflow/dags/transform.py took 0.292 seconds
[2026-02-08T16:25:47.443+0000] {processor.py:161} INFO - Started process (PID=341) to work on /opt/airflow/dags/transform.py
[2026-02-08T16:25:47.444+0000] {processor.py:830} INFO - Processing file /opt/airflow/dags/transform.py for tasks to queue
[2026-02-08T16:25:47.445+0000] {logging_mixin.py:188} INFO - [2026-02-08T16:25:47.444+0000] {dagbag.py:540} INFO - Filling up the DagBag from /opt/airflow/dags/transform.py
[2026-02-08T16:25:47.680+0000] {processor.py:840} INFO - DAG(s) 'etl_iot_temp_transform' retrieved from /opt/airflow/dags/transform.py
[2026-02-08T16:25:47.700+0000] {logging_mixin.py:188} INFO - [2026-02-08T16:25:47.699+0000] {dag.py:3047} INFO - Sync 1 DAGs
[2026-02-08T16:25:47.711+0000] {logging_mixin.py:188} INFO - [2026-02-08T16:25:47.710+0000] {dag.py:3834} INFO - Setting next_dagrun for etl_iot_temp_transform to None, run_after=None
[2026-02-08T16:25:47.729+0000] {processor.py:183} INFO - Processing /opt/airflow/dags/transform.py took 0.289 seconds
[2026-02-08T16:26:18.081+0000] {processor.py:161} INFO - Started process (PID=362) to work on /opt/airflow/dags/transform.py
[2026-02-08T16:26:18.082+0000] {processor.py:830} INFO - Processing file /opt/airflow/dags/transform.py for tasks to queue
[2026-02-08T16:26:18.083+0000] {logging_mixin.py:188} INFO - [2026-02-08T16:26:18.082+0000] {dagbag.py:540} INFO - Filling up the DagBag from /opt/airflow/dags/transform.py
[2026-02-08T16:26:18.315+0000] {processor.py:840} INFO - DAG(s) 'etl_iot_temp_transform' retrieved from /opt/airflow/dags/transform.py
[2026-02-08T16:26:18.336+0000] {logging_mixin.py:188} INFO - [2026-02-08T16:26:18.335+0000] {dag.py:3047} INFO - Sync 1 DAGs
[2026-02-08T16:26:18.346+0000] {logging_mixin.py:188} INFO - [2026-02-08T16:26:18.346+0000] {dag.py:3834} INFO - Setting next_dagrun for etl_iot_temp_transform to None, run_after=None
[2026-02-08T16:26:18.371+0000] {processor.py:183} INFO - Processing /opt/airflow/dags/transform.py took 0.292 seconds
[2026-02-08T16:26:48.713+0000] {processor.py:161} INFO - Started process (PID=380) to work on /opt/airflow/dags/transform.py
[2026-02-08T16:26:48.713+0000] {processor.py:830} INFO - Processing file /opt/airflow/dags/transform.py for tasks to queue
[2026-02-08T16:26:48.714+0000] {logging_mixin.py:188} INFO - [2026-02-08T16:26:48.714+0000] {dagbag.py:540} INFO - Filling up the DagBag from /opt/airflow/dags/transform.py
[2026-02-08T16:26:48.973+0000] {processor.py:840} INFO - DAG(s) 'etl_iot_temp_transform' retrieved from /opt/airflow/dags/transform.py
[2026-02-08T16:26:48.994+0000] {logging_mixin.py:188} INFO - [2026-02-08T16:26:48.993+0000] {dag.py:3047} INFO - Sync 1 DAGs
[2026-02-08T16:26:49.006+0000] {logging_mixin.py:188} INFO - [2026-02-08T16:26:49.005+0000] {dag.py:3834} INFO - Setting next_dagrun for etl_iot_temp_transform to None, run_after=None
[2026-02-08T16:26:49.030+0000] {processor.py:183} INFO - Processing /opt/airflow/dags/transform.py took 0.319 seconds
[2026-02-08T16:27:19.373+0000] {processor.py:161} INFO - Started process (PID=396) to work on /opt/airflow/dags/transform.py
[2026-02-08T16:27:19.373+0000] {processor.py:830} INFO - Processing file /opt/airflow/dags/transform.py for tasks to queue
[2026-02-08T16:27:19.374+0000] {logging_mixin.py:188} INFO - [2026-02-08T16:27:19.374+0000] {dagbag.py:540} INFO - Filling up the DagBag from /opt/airflow/dags/transform.py
[2026-02-08T16:27:19.634+0000] {processor.py:840} INFO - DAG(s) 'etl_iot_temp_transform' retrieved from /opt/airflow/dags/transform.py
[2026-02-08T16:27:19.653+0000] {logging_mixin.py:188} INFO - [2026-02-08T16:27:19.652+0000] {dag.py:3047} INFO - Sync 1 DAGs
[2026-02-08T16:27:19.663+0000] {logging_mixin.py:188} INFO - [2026-02-08T16:27:19.663+0000] {dag.py:3834} INFO - Setting next_dagrun for etl_iot_temp_transform to None, run_after=None
[2026-02-08T16:27:19.689+0000] {processor.py:183} INFO - Processing /opt/airflow/dags/transform.py took 0.319 seconds
[2026-02-08T16:27:50.066+0000] {processor.py:161} INFO - Started process (PID=416) to work on /opt/airflow/dags/transform.py
[2026-02-08T16:27:50.067+0000] {processor.py:830} INFO - Processing file /opt/airflow/dags/transform.py for tasks to queue
[2026-02-08T16:27:50.067+0000] {logging_mixin.py:188} INFO - [2026-02-08T16:27:50.067+0000] {dagbag.py:540} INFO - Filling up the DagBag from /opt/airflow/dags/transform.py
[2026-02-08T16:27:50.313+0000] {processor.py:840} INFO - DAG(s) 'etl_iot_temp_transform' retrieved from /opt/airflow/dags/transform.py
[2026-02-08T16:27:50.333+0000] {logging_mixin.py:188} INFO - [2026-02-08T16:27:50.332+0000] {dag.py:3047} INFO - Sync 1 DAGs
[2026-02-08T16:27:50.343+0000] {logging_mixin.py:188} INFO - [2026-02-08T16:27:50.343+0000] {dag.py:3834} INFO - Setting next_dagrun for etl_iot_temp_transform to None, run_after=None
[2026-02-08T16:27:50.367+0000] {processor.py:183} INFO - Processing /opt/airflow/dags/transform.py took 0.304 seconds
[2026-02-08T16:28:20.731+0000] {processor.py:161} INFO - Started process (PID=434) to work on /opt/airflow/dags/transform.py
[2026-02-08T16:28:20.732+0000] {processor.py:830} INFO - Processing file /opt/airflow/dags/transform.py for tasks to queue
[2026-02-08T16:28:20.733+0000] {logging_mixin.py:188} INFO - [2026-02-08T16:28:20.732+0000] {dagbag.py:540} INFO - Filling up the DagBag from /opt/airflow/dags/transform.py
[2026-02-08T16:28:20.990+0000] {processor.py:840} INFO - DAG(s) 'etl_iot_temp_transform' retrieved from /opt/airflow/dags/transform.py
[2026-02-08T16:28:21.010+0000] {logging_mixin.py:188} INFO - [2026-02-08T16:28:21.009+0000] {dag.py:3047} INFO - Sync 1 DAGs
[2026-02-08T16:28:21.021+0000] {logging_mixin.py:188} INFO - [2026-02-08T16:28:21.020+0000] {dag.py:3834} INFO - Setting next_dagrun for etl_iot_temp_transform to None, run_after=None
[2026-02-08T16:28:21.047+0000] {processor.py:183} INFO - Processing /opt/airflow/dags/transform.py took 0.318 seconds
[2026-02-08T16:28:51.345+0000] {processor.py:161} INFO - Started process (PID=452) to work on /opt/airflow/dags/transform.py
[2026-02-08T16:28:51.345+0000] {processor.py:830} INFO - Processing file /opt/airflow/dags/transform.py for tasks to queue
[2026-02-08T16:28:51.346+0000] {logging_mixin.py:188} INFO - [2026-02-08T16:28:51.346+0000] {dagbag.py:540} INFO - Filling up the DagBag from /opt/airflow/dags/transform.py
[2026-02-08T16:28:51.582+0000] {processor.py:840} INFO - DAG(s) 'etl_iot_temp_transform' retrieved from /opt/airflow/dags/transform.py
[2026-02-08T16:28:51.602+0000] {logging_mixin.py:188} INFO - [2026-02-08T16:28:51.601+0000] {dag.py:3047} INFO - Sync 1 DAGs
[2026-02-08T16:28:51.612+0000] {logging_mixin.py:188} INFO - [2026-02-08T16:28:51.612+0000] {dag.py:3834} INFO - Setting next_dagrun for etl_iot_temp_transform to None, run_after=None
[2026-02-08T16:28:51.630+0000] {processor.py:183} INFO - Processing /opt/airflow/dags/transform.py took 0.288 seconds
[2026-02-08T16:29:21.980+0000] {processor.py:161} INFO - Started process (PID=470) to work on /opt/airflow/dags/transform.py
[2026-02-08T16:29:21.980+0000] {processor.py:830} INFO - Processing file /opt/airflow/dags/transform.py for tasks to queue
[2026-02-08T16:29:21.981+0000] {logging_mixin.py:188} INFO - [2026-02-08T16:29:21.981+0000] {dagbag.py:540} INFO - Filling up the DagBag from /opt/airflow/dags/transform.py
[2026-02-08T16:29:22.215+0000] {processor.py:840} INFO - DAG(s) 'etl_iot_temp_transform' retrieved from /opt/airflow/dags/transform.py
[2026-02-08T16:29:22.236+0000] {logging_mixin.py:188} INFO - [2026-02-08T16:29:22.234+0000] {dag.py:3047} INFO - Sync 1 DAGs
[2026-02-08T16:29:22.247+0000] {logging_mixin.py:188} INFO - [2026-02-08T16:29:22.246+0000] {dag.py:3834} INFO - Setting next_dagrun for etl_iot_temp_transform to None, run_after=None
[2026-02-08T16:29:22.271+0000] {processor.py:183} INFO - Processing /opt/airflow/dags/transform.py took 0.294 seconds
[2026-02-08T16:29:52.662+0000] {processor.py:161} INFO - Started process (PID=488) to work on /opt/airflow/dags/transform.py
[2026-02-08T16:29:52.662+0000] {processor.py:830} INFO - Processing file /opt/airflow/dags/transform.py for tasks to queue
[2026-02-08T16:29:52.664+0000] {logging_mixin.py:188} INFO - [2026-02-08T16:29:52.663+0000] {dagbag.py:540} INFO - Filling up the DagBag from /opt/airflow/dags/transform.py
[2026-02-08T16:29:52.972+0000] {processor.py:840} INFO - DAG(s) 'etl_iot_temp_transform' retrieved from /opt/airflow/dags/transform.py
[2026-02-08T16:29:52.994+0000] {logging_mixin.py:188} INFO - [2026-02-08T16:29:52.994+0000] {dag.py:3047} INFO - Sync 1 DAGs
[2026-02-08T16:29:53.008+0000] {logging_mixin.py:188} INFO - [2026-02-08T16:29:53.007+0000] {dag.py:3834} INFO - Setting next_dagrun for etl_iot_temp_transform to None, run_after=None
[2026-02-08T16:29:53.027+0000] {processor.py:183} INFO - Processing /opt/airflow/dags/transform.py took 0.368 seconds
