[2026-01-30T21:12:39.368+0000] {taskinstance.py:1979} INFO - Dependencies all met for dep_context=non-requeueable deps ti=<TaskInstance: etl_iot_temp_transform.transform_iot_temp manual__2026-01-30T21:12:37.890352+00:00 [queued]>
[2026-01-30T21:12:39.377+0000] {taskinstance.py:1979} INFO - Dependencies all met for dep_context=requeueable deps ti=<TaskInstance: etl_iot_temp_transform.transform_iot_temp manual__2026-01-30T21:12:37.890352+00:00 [queued]>
[2026-01-30T21:12:39.377+0000] {taskinstance.py:2193} INFO - Starting attempt 1 of 1
[2026-01-30T21:12:39.391+0000] {taskinstance.py:2217} INFO - Executing <Task(PythonOperator): transform_iot_temp> on 2026-01-30 21:12:37.890352+00:00
[2026-01-30T21:12:39.399+0000] {standard_task_runner.py:60} INFO - Started process 201 to run task
[2026-01-30T21:12:39.409+0000] {standard_task_runner.py:87} INFO - Running: ['***', 'tasks', 'run', 'etl_iot_temp_transform', 'transform_iot_temp', 'manual__2026-01-30T21:12:37.890352+00:00', '--job-id', '2', '--raw', '--subdir', 'DAGS_FOLDER/transform.py', '--cfg-path', '/tmp/tmpfn_kypxm']
[2026-01-30T21:12:39.413+0000] {standard_task_runner.py:88} INFO - Job 2: Subtask transform_iot_temp
[2026-01-30T21:12:39.477+0000] {task_command.py:423} INFO - Running <TaskInstance: etl_iot_temp_transform.transform_iot_temp manual__2026-01-30T21:12:37.890352+00:00 [running]> on host 0d08215a1d9b
[2026-01-30T21:12:39.578+0000] {taskinstance.py:2513} INFO - Exporting env vars: AIRFLOW_CTX_DAG_OWNER='***' AIRFLOW_CTX_DAG_ID='etl_iot_temp_transform' AIRFLOW_CTX_TASK_ID='transform_iot_temp' AIRFLOW_CTX_EXECUTION_DATE='2026-01-30T21:12:37.890352+00:00' AIRFLOW_CTX_TRY_NUMBER='1' AIRFLOW_CTX_DAG_RUN_ID='manual__2026-01-30T21:12:37.890352+00:00'
[2026-01-30T21:12:39.583+0000] {transform.py:37} INFO - Читаю CSV: /opt/***/dags/data/IOT-temp.csv
[2026-01-30T21:12:39.819+0000] {transform.py:46} INFO - Строк до фильтраций: 97606
[2026-01-30T21:12:39.895+0000] {transform.py:51} INFO - После фильтра out/in == in: 20345
[2026-01-30T21:12:39.964+0000] {transform.py:76} INFO - Percentiles temp: p5=27.000, p95=34.000
[2026-01-30T21:12:39.969+0000] {transform.py:80} INFO - После чистки по [p5, p95]: 19000 (удалено 1345)
[2026-01-30T21:12:39.985+0000] {transform.py:101} INFO - === 5 самых жарких дней (по средней температуре дня) ===
[2026-01-30T21:12:39.992+0000] {transform.py:102} INFO - 
noted_date  avg_temp  min_temp  max_temp  measurements
2018-09-30 34.000000        34        34            10
2018-09-22 34.000000        34        34            26
2018-10-11 34.000000        34        34             2
2018-09-29 33.787500        33        34            80
2018-10-12 33.489796        30        34            49
[2026-01-30T21:12:39.993+0000] {transform.py:104} INFO - === 5 самых холодных дней (по средней температуре дня) ===
[2026-01-30T21:12:39.995+0000] {transform.py:105} INFO - 
noted_date  avg_temp  min_temp  max_temp  measurements
2018-09-06 27.411168        27        29           591
2018-09-05 27.888889        27        28             9
2018-12-04 28.119231        27        31           260
2018-12-06 28.267123        27        31           292
2018-11-27 28.448276        27        30            87
[2026-01-30T21:12:39.996+0000] {transform.py:108} INFO - Уникальных дней в датасете после обработки: 72
[2026-01-30T21:12:39.997+0000] {transform.py:109} INFO - Диапазон дат: 2018-07-28 .. 2018-12-08
[2026-01-30T21:12:40.002+0000] {python.py:202} INFO - Done. Returned value was: None
[2026-01-30T21:12:40.015+0000] {taskinstance.py:1149} INFO - Marking task as SUCCESS. dag_id=etl_iot_temp_transform, task_id=transform_iot_temp, execution_date=20260130T211237, start_date=20260130T211239, end_date=20260130T211240
[2026-01-30T21:12:40.065+0000] {local_task_job_runner.py:234} INFO - Task exited with return code 0
[2026-01-30T21:12:40.090+0000] {taskinstance.py:3312} INFO - 0 downstream tasks scheduled from follow-on schedule check
