[2026-01-30T21:10:41.821+0000] {manager.py:469} INFO - Processing files using up to 2 processes at a time 
[2026-01-30T21:10:41.822+0000] {manager.py:470} INFO - Process each file at most once every 30 seconds
[2026-01-30T21:10:41.823+0000] {manager.py:471} INFO - Checking for new files in /opt/airflow/dags every 300 seconds
[2026-01-30T21:10:41.823+0000] {manager.py:738} INFO - Searching for files in /opt/airflow/dags
[2026-01-30T21:10:41.859+0000] {manager.py:741} INFO - There are 1 files in /opt/airflow/dags
[2026-01-30T21:10:41.988+0000] {manager.py:879} INFO - 
================================================================================
DAG File Processing Stats

File Path                         PID  Runtime      # DAGs    # Errors  Last Runtime    Last Run
------------------------------  -----  ---------  --------  ----------  --------------  ----------
/opt/airflow/dags/transform.py    175  0.06s             0           0
================================================================================
[2026-01-30T21:11:12.151+0000] {manager.py:879} INFO - 
================================================================================
DAG File Processing Stats

File Path                       PID    Runtime      # DAGs    # Errors  Last Runtime    Last Run
------------------------------  -----  ---------  --------  ----------  --------------  -------------------
/opt/airflow/dags/transform.py                           1           0  1.77s           2026-01-30T21:10:43
================================================================================
[2026-01-30T21:11:42.311+0000] {manager.py:879} INFO - 
================================================================================
DAG File Processing Stats

File Path                       PID    Runtime      # DAGs    # Errors  Last Runtime    Last Run
------------------------------  -----  ---------  --------  ----------  --------------  -------------------
/opt/airflow/dags/transform.py                           1           0  0.67s           2026-01-30T21:11:14
================================================================================
[2026-01-30T21:12:12.378+0000] {manager.py:879} INFO - 
================================================================================
DAG File Processing Stats

File Path                       PID    Runtime      # DAGs    # Errors  Last Runtime    Last Run
------------------------------  -----  ---------  --------  ----------  --------------  -------------------
/opt/airflow/dags/transform.py                           1           0  0.41s           2026-01-30T21:11:45
================================================================================
[2026-01-30T21:12:42.548+0000] {manager.py:879} INFO - 
================================================================================
DAG File Processing Stats

File Path                       PID    Runtime      # DAGs    # Errors  Last Runtime    Last Run
------------------------------  -----  ---------  --------  ----------  --------------  -------------------
/opt/airflow/dags/transform.py                           1           0  0.43s           2026-01-30T21:12:15
================================================================================
[2026-01-30T21:13:12.631+0000] {manager.py:879} INFO - 
================================================================================
DAG File Processing Stats

File Path                       PID    Runtime      # DAGs    # Errors  Last Runtime    Last Run
------------------------------  -----  ---------  --------  ----------  --------------  -------------------
/opt/airflow/dags/transform.py                           1           0  0.41s           2026-01-30T21:12:46
================================================================================
[2026-01-30T21:13:42.813+0000] {manager.py:879} INFO - 
================================================================================
DAG File Processing Stats

File Path                       PID    Runtime      # DAGs    # Errors  Last Runtime    Last Run
------------------------------  -----  ---------  --------  ----------  --------------  -------------------
/opt/airflow/dags/transform.py                           1           0  0.49s           2026-01-30T21:13:17
================================================================================
[2026-01-30T21:14:12.993+0000] {manager.py:879} INFO - 
================================================================================
DAG File Processing Stats

File Path                       PID    Runtime      # DAGs    # Errors  Last Runtime    Last Run
------------------------------  -----  ---------  --------  ----------  --------------  -------------------
/opt/airflow/dags/transform.py                           1           0  0.59s           2026-01-30T21:13:47
================================================================================
[2026-01-30T21:14:43.272+0000] {manager.py:879} INFO - 
================================================================================
DAG File Processing Stats

File Path                       PID    Runtime      # DAGs    # Errors  Last Runtime    Last Run
------------------------------  -----  ---------  --------  ----------  --------------  -------------------
/opt/airflow/dags/transform.py                           1           0  0.48s           2026-01-30T21:14:18
================================================================================
[2026-01-30T21:15:13.274+0000] {manager.py:879} INFO - 
================================================================================
DAG File Processing Stats

File Path                       PID    Runtime      # DAGs    # Errors  Last Runtime    Last Run
------------------------------  -----  ---------  --------  ----------  --------------  -------------------
/opt/airflow/dags/transform.py                           1           0  0.45s           2026-01-30T21:14:49
================================================================================
[2026-01-30T21:15:41.870+0000] {manager.py:738} INFO - Searching for files in /opt/airflow/dags
[2026-01-30T21:15:41.894+0000] {manager.py:741} INFO - There are 1 files in /opt/airflow/dags
[2026-01-30T21:15:43.437+0000] {manager.py:879} INFO - 
================================================================================
DAG File Processing Stats

File Path                       PID    Runtime      # DAGs    # Errors  Last Runtime    Last Run
------------------------------  -----  ---------  --------  ----------  --------------  -------------------
/opt/airflow/dags/transform.py                           1           0  0.43s           2026-01-30T21:15:19
================================================================================
[2026-01-30T21:16:13.600+0000] {manager.py:879} INFO - 
================================================================================
DAG File Processing Stats

File Path                       PID    Runtime      # DAGs    # Errors  Last Runtime    Last Run
------------------------------  -----  ---------  --------  ----------  --------------  -------------------
/opt/airflow/dags/transform.py                           1           0  0.49s           2026-01-30T21:15:50
================================================================================
[2026-01-30T21:16:43.793+0000] {manager.py:879} INFO - 
================================================================================
DAG File Processing Stats

File Path                       PID    Runtime      # DAGs    # Errors  Last Runtime    Last Run
------------------------------  -----  ---------  --------  ----------  --------------  -------------------
/opt/airflow/dags/transform.py                           1           0  0.49s           2026-01-30T21:16:21
================================================================================
[2026-01-30T21:17:13.887+0000] {manager.py:879} INFO - 
================================================================================
DAG File Processing Stats

File Path                       PID    Runtime      # DAGs    # Errors  Last Runtime    Last Run
------------------------------  -----  ---------  --------  ----------  --------------  -------------------
/opt/airflow/dags/transform.py                           1           0  0.40s           2026-01-30T21:16:51
================================================================================
[2026-01-30T21:17:44.173+0000] {manager.py:879} INFO - 
================================================================================
DAG File Processing Stats

File Path                       PID    Runtime      # DAGs    # Errors  Last Runtime    Last Run
------------------------------  -----  ---------  --------  ----------  --------------  -------------------
/opt/airflow/dags/transform.py                           1           0  0.41s           2026-01-30T21:17:22
================================================================================
[2026-01-30T21:18:14.174+0000] {manager.py:879} INFO - 
================================================================================
DAG File Processing Stats

File Path                       PID    Runtime      # DAGs    # Errors  Last Runtime    Last Run
------------------------------  -----  ---------  --------  ----------  --------------  -------------------
/opt/airflow/dags/transform.py                           0           1  0.51s           2026-01-30T21:18:12
================================================================================
[2026-01-30T21:18:44.484+0000] {manager.py:879} INFO - 
================================================================================
DAG File Processing Stats

File Path                       PID    Runtime      # DAGs    # Errors  Last Runtime    Last Run
------------------------------  -----  ---------  --------  ----------  --------------  -------------------
/opt/airflow/dags/transform.py                           1           0  0.49s           2026-01-30T21:18:15
================================================================================
[2026-01-30T21:18:58.628+0000] {manager.py:451} INFO - Exiting gracefully upon receiving signal 15
[2026-01-30T21:19:27.011+0000] {manager.py:469} INFO - Processing files using up to 2 processes at a time 
[2026-01-30T21:19:27.012+0000] {manager.py:470} INFO - Process each file at most once every 30 seconds
[2026-01-30T21:19:27.013+0000] {manager.py:471} INFO - Checking for new files in /opt/airflow/dags every 300 seconds
[2026-01-30T21:19:27.014+0000] {manager.py:738} INFO - Searching for files in /opt/airflow/dags
[2026-01-30T21:19:27.053+0000] {manager.py:741} INFO - There are 1 files in /opt/airflow/dags
[2026-01-30T21:19:27.194+0000] {manager.py:879} INFO - 
================================================================================
DAG File Processing Stats

File Path                         PID  Runtime      # DAGs    # Errors  Last Runtime    Last Run
------------------------------  -----  ---------  --------  ----------  --------------  ----------
/opt/airflow/dags/transform.py    176  0.07s             0           0
================================================================================
[2026-01-30T21:19:57.359+0000] {manager.py:879} INFO - 
================================================================================
DAG File Processing Stats

File Path                       PID    Runtime      # DAGs    # Errors  Last Runtime    Last Run
------------------------------  -----  ---------  --------  ----------  --------------  -------------------
/opt/airflow/dags/transform.py                           1           0  1.83s           2026-01-30T21:19:28
================================================================================
[2026-01-30T21:20:27.578+0000] {manager.py:879} INFO - 
================================================================================
DAG File Processing Stats

File Path                       PID    Runtime      # DAGs    # Errors  Last Runtime    Last Run
------------------------------  -----  ---------  --------  ----------  --------------  -------------------
/opt/airflow/dags/transform.py                           1           0  0.48s           2026-01-30T21:19:59
================================================================================
[2026-01-30T21:20:58.048+0000] {manager.py:879} INFO - 
================================================================================
DAG File Processing Stats

File Path                       PID    Runtime      # DAGs    # Errors  Last Runtime    Last Run
------------------------------  -----  ---------  --------  ----------  --------------  -------------------
/opt/airflow/dags/transform.py                           1           0  0.45s           2026-01-30T21:20:30
================================================================================
[2026-01-30T21:21:28.258+0000] {manager.py:879} INFO - 
================================================================================
DAG File Processing Stats

File Path                       PID    Runtime      # DAGs    # Errors  Last Runtime    Last Run
------------------------------  -----  ---------  --------  ----------  --------------  -------------------
/opt/airflow/dags/transform.py                           1           0  0.55s           2026-01-30T21:21:01
================================================================================
[2026-01-30T21:21:58.550+0000] {manager.py:879} INFO - 
================================================================================
DAG File Processing Stats

File Path                       PID    Runtime      # DAGs    # Errors  Last Runtime    Last Run
------------------------------  -----  ---------  --------  ----------  --------------  -------------------
/opt/airflow/dags/transform.py                           1           0  0.45s           2026-01-30T21:21:31
================================================================================
[2026-01-30T21:22:28.625+0000] {manager.py:879} INFO - 
================================================================================
DAG File Processing Stats

File Path                       PID    Runtime      # DAGs    # Errors  Last Runtime    Last Run
------------------------------  -----  ---------  --------  ----------  --------------  -------------------
/opt/airflow/dags/transform.py                           1           0  0.44s           2026-01-30T21:22:02
================================================================================
[2026-01-30T21:22:58.879+0000] {manager.py:879} INFO - 
================================================================================
DAG File Processing Stats

File Path                       PID    Runtime      # DAGs    # Errors  Last Runtime    Last Run
------------------------------  -----  ---------  --------  ----------  --------------  -------------------
/opt/airflow/dags/transform.py                           1           0  0.38s           2026-01-30T21:22:33
================================================================================
[2026-01-30T21:23:28.884+0000] {manager.py:879} INFO - 
================================================================================
DAG File Processing Stats

File Path                       PID    Runtime      # DAGs    # Errors  Last Runtime    Last Run
------------------------------  -----  ---------  --------  ----------  --------------  -------------------
/opt/airflow/dags/transform.py                           1           0  0.40s           2026-01-30T21:23:03
================================================================================
[2026-01-30T21:23:59.051+0000] {manager.py:879} INFO - 
================================================================================
DAG File Processing Stats

File Path                       PID    Runtime      # DAGs    # Errors  Last Runtime    Last Run
------------------------------  -----  ---------  --------  ----------  --------------  -------------------
/opt/airflow/dags/transform.py                           1           0  0.46s           2026-01-30T21:23:34
================================================================================
[2026-01-30T21:24:27.112+0000] {manager.py:738} INFO - Searching for files in /opt/airflow/dags
[2026-01-30T21:24:27.142+0000] {manager.py:741} INFO - There are 1 files in /opt/airflow/dags
[2026-01-30T21:24:29.159+0000] {manager.py:879} INFO - 
================================================================================
DAG File Processing Stats

File Path                       PID    Runtime      # DAGs    # Errors  Last Runtime    Last Run
------------------------------  -----  ---------  --------  ----------  --------------  -------------------
/opt/airflow/dags/transform.py                           1           0  0.37s           2026-01-30T21:24:04
================================================================================
[2026-01-30T21:24:59.363+0000] {manager.py:879} INFO - 
================================================================================
DAG File Processing Stats

File Path                       PID    Runtime      # DAGs    # Errors  Last Runtime    Last Run
------------------------------  -----  ---------  --------  ----------  --------------  -------------------
/opt/airflow/dags/transform.py                           1           0  0.34s           2026-01-30T21:24:35
================================================================================
[2026-01-30T21:25:30.017+0000] {manager.py:879} INFO - 
================================================================================
DAG File Processing Stats

File Path                       PID    Runtime      # DAGs    # Errors  Last Runtime    Last Run
------------------------------  -----  ---------  --------  ----------  --------------  -------------------
/opt/airflow/dags/transform.py                           1           0  0.38s           2026-01-30T21:25:06
================================================================================
[2026-01-30T21:26:00.533+0000] {manager.py:879} INFO - 
================================================================================
DAG File Processing Stats

File Path                       PID    Runtime      # DAGs    # Errors  Last Runtime    Last Run
------------------------------  -----  ---------  --------  ----------  --------------  -------------------
/opt/airflow/dags/transform.py                           1           0  0.37s           2026-01-30T21:25:36
================================================================================
[2026-01-30T21:26:30.626+0000] {manager.py:879} INFO - 
================================================================================
DAG File Processing Stats

File Path                       PID    Runtime      # DAGs    # Errors  Last Runtime    Last Run
------------------------------  -----  ---------  --------  ----------  --------------  -------------------
/opt/airflow/dags/transform.py                           1           0  0.49s           2026-01-30T21:26:07
================================================================================
[2026-01-30T21:27:00.855+0000] {manager.py:879} INFO - 
================================================================================
DAG File Processing Stats

File Path                       PID    Runtime      # DAGs    # Errors  Last Runtime    Last Run
------------------------------  -----  ---------  --------  ----------  --------------  -------------------
/opt/airflow/dags/transform.py                           1           0  0.35s           2026-01-30T21:26:38
================================================================================
[2026-01-30T21:27:30.924+0000] {manager.py:879} INFO - 
================================================================================
DAG File Processing Stats

File Path                       PID    Runtime      # DAGs    # Errors  Last Runtime    Last Run
------------------------------  -----  ---------  --------  ----------  --------------  -------------------
/opt/airflow/dags/transform.py                           1           0  0.46s           2026-01-30T21:27:08
================================================================================
[2026-01-30T21:28:01.121+0000] {manager.py:879} INFO - 
================================================================================
DAG File Processing Stats

File Path                       PID    Runtime      # DAGs    # Errors  Last Runtime    Last Run
------------------------------  -----  ---------  --------  ----------  --------------  -------------------
/opt/airflow/dags/transform.py                           1           0  0.45s           2026-01-30T21:27:39
================================================================================
[2026-01-30T21:28:31.217+0000] {manager.py:879} INFO - 
================================================================================
DAG File Processing Stats

File Path                       PID    Runtime      # DAGs    # Errors  Last Runtime    Last Run
------------------------------  -----  ---------  --------  ----------  --------------  -------------------
/opt/airflow/dags/transform.py                           1           0  0.38s           2026-01-30T21:28:10
================================================================================
[2026-01-30T21:29:01.376+0000] {manager.py:879} INFO - 
================================================================================
DAG File Processing Stats

File Path                       PID    Runtime      # DAGs    # Errors  Last Runtime    Last Run
------------------------------  -----  ---------  --------  ----------  --------------  -------------------
/opt/airflow/dags/transform.py                           1           0  0.36s           2026-01-30T21:28:40
================================================================================
[2026-01-30T21:29:27.249+0000] {manager.py:738} INFO - Searching for files in /opt/airflow/dags
[2026-01-30T21:29:27.329+0000] {manager.py:741} INFO - There are 1 files in /opt/airflow/dags
[2026-01-30T21:29:31.954+0000] {manager.py:879} INFO - 
================================================================================
DAG File Processing Stats

File Path                       PID    Runtime      # DAGs    # Errors  Last Runtime    Last Run
------------------------------  -----  ---------  --------  ----------  --------------  -------------------
/opt/airflow/dags/transform.py                           1           0  0.32s           2026-01-30T21:29:11
================================================================================
[2026-01-30T21:30:02.512+0000] {manager.py:879} INFO - 
================================================================================
DAG File Processing Stats

File Path                       PID    Runtime      # DAGs    # Errors  Last Runtime    Last Run
------------------------------  -----  ---------  --------  ----------  --------------  -------------------
/opt/airflow/dags/transform.py                           1           0  0.35s           2026-01-30T21:29:41
================================================================================
[2026-01-30T21:30:32.594+0000] {manager.py:879} INFO - 
================================================================================
DAG File Processing Stats

File Path                       PID    Runtime      # DAGs    # Errors  Last Runtime    Last Run
------------------------------  -----  ---------  --------  ----------  --------------  -------------------
/opt/airflow/dags/transform.py                           1           0  0.55s           2026-01-30T21:30:12
================================================================================
[2026-01-30T21:31:02.768+0000] {manager.py:879} INFO - 
================================================================================
DAG File Processing Stats

File Path                       PID    Runtime      # DAGs    # Errors  Last Runtime    Last Run
------------------------------  -----  ---------  --------  ----------  --------------  -------------------
/opt/airflow/dags/transform.py                           1           0  0.30s           2026-01-30T21:30:42
================================================================================
[2026-01-30T21:31:33.170+0000] {manager.py:879} INFO - 
================================================================================
DAG File Processing Stats

File Path                       PID    Runtime      # DAGs    # Errors  Last Runtime    Last Run
------------------------------  -----  ---------  --------  ----------  --------------  -------------------
/opt/airflow/dags/transform.py                           1           0  0.35s           2026-01-30T21:31:13
================================================================================
[2026-01-30T21:32:03.687+0000] {manager.py:879} INFO - 
================================================================================
DAG File Processing Stats

File Path                       PID    Runtime      # DAGs    # Errors  Last Runtime    Last Run
------------------------------  -----  ---------  --------  ----------  --------------  -------------------
/opt/airflow/dags/transform.py                           1           0  0.36s           2026-01-30T21:31:43
================================================================================
[2026-01-30T21:32:34.216+0000] {manager.py:879} INFO - 
================================================================================
DAG File Processing Stats

File Path                       PID    Runtime      # DAGs    # Errors  Last Runtime    Last Run
------------------------------  -----  ---------  --------  ----------  --------------  -------------------
/opt/airflow/dags/transform.py                           1           0  0.32s           2026-01-30T21:32:14
================================================================================
[2026-01-30T21:33:04.265+0000] {manager.py:879} INFO - 
================================================================================
DAG File Processing Stats

File Path                       PID    Runtime      # DAGs    # Errors  Last Runtime    Last Run
------------------------------  -----  ---------  --------  ----------  --------------  -------------------
/opt/airflow/dags/transform.py                           1           0  0.47s           2026-01-30T21:32:45
================================================================================
[2026-01-30T21:33:34.425+0000] {manager.py:879} INFO - 
================================================================================
DAG File Processing Stats

File Path                       PID    Runtime      # DAGs    # Errors  Last Runtime    Last Run
------------------------------  -----  ---------  --------  ----------  --------------  -------------------
/opt/airflow/dags/transform.py                           1           0  0.34s           2026-01-30T21:33:15
================================================================================
[2026-01-30T21:34:04.449+0000] {manager.py:879} INFO - 
================================================================================
DAG File Processing Stats

File Path                       PID    Runtime      # DAGs    # Errors  Last Runtime    Last Run
------------------------------  -----  ---------  --------  ----------  --------------  -------------------
/opt/airflow/dags/transform.py                           1           0  0.34s           2026-01-30T21:33:46
================================================================================
[2026-01-30T21:34:27.561+0000] {manager.py:738} INFO - Searching for files in /opt/airflow/dags
[2026-01-30T21:34:27.580+0000] {manager.py:741} INFO - There are 1 files in /opt/airflow/dags
[2026-01-30T21:34:34.616+0000] {manager.py:879} INFO - 
================================================================================
DAG File Processing Stats

File Path                       PID    Runtime      # DAGs    # Errors  Last Runtime    Last Run
------------------------------  -----  ---------  --------  ----------  --------------  -------------------
/opt/airflow/dags/transform.py                           1           0  0.29s           2026-01-30T21:34:16
================================================================================
[2026-01-30T21:35:05.046+0000] {manager.py:879} INFO - 
================================================================================
DAG File Processing Stats

File Path                       PID    Runtime      # DAGs    # Errors  Last Runtime    Last Run
------------------------------  -----  ---------  --------  ----------  --------------  -------------------
/opt/airflow/dags/transform.py                           1           0  0.35s           2026-01-30T21:34:47
================================================================================
[2026-01-30T21:35:35.530+0000] {manager.py:879} INFO - 
================================================================================
DAG File Processing Stats

File Path                       PID    Runtime      # DAGs    # Errors  Last Runtime    Last Run
------------------------------  -----  ---------  --------  ----------  --------------  -------------------
/opt/airflow/dags/transform.py                           1           0  0.33s           2026-01-30T21:35:17
================================================================================
[2026-01-30T21:36:06.052+0000] {manager.py:879} INFO - 
================================================================================
DAG File Processing Stats

File Path                       PID    Runtime      # DAGs    # Errors  Last Runtime    Last Run
------------------------------  -----  ---------  --------  ----------  --------------  -------------------
/opt/airflow/dags/transform.py                           1           0  0.35s           2026-01-30T21:35:48
================================================================================
[2026-01-30T21:36:36.082+0000] {manager.py:879} INFO - 
================================================================================
DAG File Processing Stats

File Path                       PID    Runtime      # DAGs    # Errors  Last Runtime    Last Run
------------------------------  -----  ---------  --------  ----------  --------------  -------------------
/opt/airflow/dags/transform.py                           1           0  0.43s           2026-01-30T21:36:18
================================================================================
[2026-01-30T21:37:06.251+0000] {manager.py:879} INFO - 
================================================================================
DAG File Processing Stats

File Path                       PID    Runtime      # DAGs    # Errors  Last Runtime    Last Run
------------------------------  -----  ---------  --------  ----------  --------------  -------------------
/opt/airflow/dags/transform.py                           1           0  0.32s           2026-01-30T21:36:49
================================================================================
[2026-01-30T21:37:36.752+0000] {manager.py:879} INFO - 
================================================================================
DAG File Processing Stats

File Path                       PID    Runtime      # DAGs    # Errors  Last Runtime    Last Run
------------------------------  -----  ---------  --------  ----------  --------------  -------------------
/opt/airflow/dags/transform.py                           1           0  0.35s           2026-01-30T21:37:19
================================================================================
[2026-01-30T21:38:07.435+0000] {manager.py:879} INFO - 
================================================================================
DAG File Processing Stats

File Path                       PID    Runtime      # DAGs    # Errors  Last Runtime    Last Run
------------------------------  -----  ---------  --------  ----------  --------------  -------------------
/opt/airflow/dags/transform.py                           1           0  0.29s           2026-01-30T21:37:50
================================================================================
[2026-01-30T21:38:37.837+0000] {manager.py:879} INFO - 
================================================================================
DAG File Processing Stats

File Path                       PID    Runtime      # DAGs    # Errors  Last Runtime    Last Run
------------------------------  -----  ---------  --------  ----------  --------------  -------------------
/opt/airflow/dags/transform.py                           1           0  0.31s           2026-01-30T21:38:21
================================================================================
[2026-01-30T21:39:08.347+0000] {manager.py:879} INFO - 
================================================================================
DAG File Processing Stats

File Path                       PID    Runtime      # DAGs    # Errors  Last Runtime    Last Run
------------------------------  -----  ---------  --------  ----------  --------------  -------------------
/opt/airflow/dags/transform.py                           1           0  0.34s           2026-01-30T21:38:51
================================================================================
[2026-01-30T21:39:27.802+0000] {manager.py:738} INFO - Searching for files in /opt/airflow/dags
[2026-01-30T21:39:27.821+0000] {manager.py:741} INFO - There are 1 files in /opt/airflow/dags
[2026-01-30T21:39:38.889+0000] {manager.py:879} INFO - 
================================================================================
DAG File Processing Stats

File Path                       PID    Runtime      # DAGs    # Errors  Last Runtime    Last Run
------------------------------  -----  ---------  --------  ----------  --------------  -------------------
/opt/airflow/dags/transform.py                           1           0  0.30s           2026-01-30T21:39:22
================================================================================
[2026-01-30T21:40:09.295+0000] {manager.py:879} INFO - 
================================================================================
DAG File Processing Stats

File Path                       PID    Runtime      # DAGs    # Errors  Last Runtime    Last Run
------------------------------  -----  ---------  --------  ----------  --------------  -------------------
/opt/airflow/dags/transform.py                           1           0  0.37s           2026-01-30T21:39:52
================================================================================
[2026-01-30T21:40:39.803+0000] {manager.py:879} INFO - 
================================================================================
DAG File Processing Stats

File Path                       PID    Runtime      # DAGs    # Errors  Last Runtime    Last Run
------------------------------  -----  ---------  --------  ----------  --------------  -------------------
/opt/airflow/dags/transform.py                           1           0  0.34s           2026-01-30T21:40:23
================================================================================
[2026-01-30T21:41:10.296+0000] {manager.py:879} INFO - 
================================================================================
DAG File Processing Stats

File Path                       PID    Runtime      # DAGs    # Errors  Last Runtime    Last Run
------------------------------  -----  ---------  --------  ----------  --------------  -------------------
/opt/airflow/dags/transform.py                           1           0  0.33s           2026-01-30T21:40:53
================================================================================
[2026-01-30T21:41:40.927+0000] {manager.py:879} INFO - 
================================================================================
DAG File Processing Stats

File Path                       PID    Runtime      # DAGs    # Errors  Last Runtime    Last Run
------------------------------  -----  ---------  --------  ----------  --------------  -------------------
/opt/airflow/dags/transform.py                           1           0  0.40s           2026-01-30T21:41:24
================================================================================
[2026-01-30T21:42:11.435+0000] {manager.py:879} INFO - 
================================================================================
DAG File Processing Stats

File Path                       PID    Runtime      # DAGs    # Errors  Last Runtime    Last Run
------------------------------  -----  ---------  --------  ----------  --------------  -------------------
/opt/airflow/dags/transform.py                           1           0  0.32s           2026-01-30T21:41:54
================================================================================
[2026-01-30T21:42:41.860+0000] {manager.py:879} INFO - 
================================================================================
DAG File Processing Stats

File Path                       PID    Runtime      # DAGs    # Errors  Last Runtime    Last Run
------------------------------  -----  ---------  --------  ----------  --------------  -------------------
/opt/airflow/dags/transform.py                           1           0  0.32s           2026-01-30T21:42:25
================================================================================
[2026-01-30T21:43:12.417+0000] {manager.py:879} INFO - 
================================================================================
DAG File Processing Stats

File Path                       PID    Runtime      # DAGs    # Errors  Last Runtime    Last Run
------------------------------  -----  ---------  --------  ----------  --------------  -------------------
/opt/airflow/dags/transform.py                           1           0  0.39s           2026-01-30T21:42:55
================================================================================
[2026-01-30T21:43:42.466+0000] {manager.py:879} INFO - 
================================================================================
DAG File Processing Stats

File Path                       PID    Runtime      # DAGs    # Errors  Last Runtime    Last Run
------------------------------  -----  ---------  --------  ----------  --------------  -------------------
/opt/airflow/dags/transform.py                           1           0  0.45s           2026-01-30T21:43:26
================================================================================
[2026-01-30T21:44:12.621+0000] {manager.py:879} INFO - 
================================================================================
DAG File Processing Stats

File Path                       PID    Runtime      # DAGs    # Errors  Last Runtime    Last Run
------------------------------  -----  ---------  --------  ----------  --------------  -------------------
/opt/airflow/dags/transform.py                           1           0  0.53s           2026-01-30T21:43:57
================================================================================
[2026-01-30T21:44:28.244+0000] {manager.py:738} INFO - Searching for files in /opt/airflow/dags
[2026-01-30T21:44:28.265+0000] {manager.py:741} INFO - There are 1 files in /opt/airflow/dags
[2026-01-30T21:44:42.696+0000] {manager.py:879} INFO - 
================================================================================
DAG File Processing Stats

File Path                       PID    Runtime      # DAGs    # Errors  Last Runtime    Last Run
------------------------------  -----  ---------  --------  ----------  --------------  -------------------
/opt/airflow/dags/transform.py                           1           0  0.34s           2026-01-30T21:44:27
================================================================================
[2026-01-30T21:44:59.417+0000] {manager.py:451} INFO - Exiting gracefully upon receiving signal 15
[2026-02-01T08:56:47.238+0000] {manager.py:469} INFO - Processing files using up to 2 processes at a time 
[2026-02-01T08:56:47.238+0000] {manager.py:470} INFO - Process each file at most once every 30 seconds
[2026-02-01T08:56:47.239+0000] {manager.py:471} INFO - Checking for new files in /opt/airflow/dags every 300 seconds
[2026-02-01T08:56:47.239+0000] {manager.py:738} INFO - Searching for files in /opt/airflow/dags
[2026-02-01T08:56:47.242+0000] {manager.py:741} INFO - There are 1 files in /opt/airflow/dags
[2026-02-01T08:56:47.368+0000] {manager.py:879} INFO - 
================================================================================
DAG File Processing Stats

File Path                         PID  Runtime      # DAGs    # Errors  Last Runtime    Last Run
------------------------------  -----  ---------  --------  ----------  --------------  ----------
/opt/airflow/dags/transform.py    166  0.05s             0           0
================================================================================
[2026-02-01T08:57:17.513+0000] {manager.py:879} INFO - 
================================================================================
DAG File Processing Stats

File Path                       PID    Runtime      # DAGs    # Errors  Last Runtime    Last Run
------------------------------  -----  ---------  --------  ----------  --------------  -------------------
/opt/airflow/dags/transform.py                           1           0  1.76s           2026-02-01T08:56:49
================================================================================
[2026-02-01T08:57:47.778+0000] {manager.py:879} INFO - 
================================================================================
DAG File Processing Stats

File Path                       PID    Runtime      # DAGs    # Errors  Last Runtime    Last Run
------------------------------  -----  ---------  --------  ----------  --------------  -------------------
/opt/airflow/dags/transform.py                           1           0  0.40s           2026-02-01T08:57:19
================================================================================
[2026-02-01T08:58:18.097+0000] {manager.py:879} INFO - 
================================================================================
DAG File Processing Stats

File Path                       PID    Runtime      # DAGs    # Errors  Last Runtime    Last Run
------------------------------  -----  ---------  --------  ----------  --------------  -------------------
/opt/airflow/dags/transform.py                           1           0  0.58s           2026-02-01T08:57:50
================================================================================
[2026-02-01T08:58:48.224+0000] {manager.py:879} INFO - 
================================================================================
DAG File Processing Stats

File Path                       PID    Runtime      # DAGs    # Errors  Last Runtime    Last Run
------------------------------  -----  ---------  --------  ----------  --------------  -------------------
/opt/airflow/dags/transform.py                           1           0  0.36s           2026-02-01T08:58:20
================================================================================
[2026-02-01T08:59:18.507+0000] {manager.py:879} INFO - 
================================================================================
DAG File Processing Stats

File Path                       PID    Runtime      # DAGs    # Errors  Last Runtime    Last Run
------------------------------  -----  ---------  --------  ----------  --------------  -------------------
/opt/airflow/dags/transform.py                           1           0  0.35s           2026-02-01T08:58:51
================================================================================
[2026-02-01T08:59:49.158+0000] {manager.py:879} INFO - 
================================================================================
DAG File Processing Stats

File Path                       PID    Runtime      # DAGs    # Errors  Last Runtime    Last Run
------------------------------  -----  ---------  --------  ----------  --------------  -------------------
/opt/airflow/dags/transform.py                           1           0  0.36s           2026-02-01T08:59:22
================================================================================
[2026-02-01T09:00:19.699+0000] {manager.py:879} INFO - 
================================================================================
DAG File Processing Stats

File Path                       PID    Runtime      # DAGs    # Errors  Last Runtime    Last Run
------------------------------  -----  ---------  --------  ----------  --------------  -------------------
/opt/airflow/dags/transform.py                           1           0  0.35s           2026-02-01T08:59:52
================================================================================
[2026-02-01T09:00:50.328+0000] {manager.py:879} INFO - 
================================================================================
DAG File Processing Stats

File Path                       PID    Runtime      # DAGs    # Errors  Last Runtime    Last Run
------------------------------  -----  ---------  --------  ----------  --------------  -------------------
/opt/airflow/dags/transform.py                           1           0  0.37s           2026-02-01T09:00:23
================================================================================
[2026-02-01T09:01:20.943+0000] {manager.py:879} INFO - 
================================================================================
DAG File Processing Stats

File Path                       PID    Runtime      # DAGs    # Errors  Last Runtime    Last Run
------------------------------  -----  ---------  --------  ----------  --------------  -------------------
/opt/airflow/dags/transform.py                           1           0  0.38s           2026-02-01T09:00:54
================================================================================
[2026-02-01T09:01:47.510+0000] {manager.py:738} INFO - Searching for files in /opt/airflow/dags
[2026-02-01T09:01:47.517+0000] {manager.py:741} INFO - There are 1 files in /opt/airflow/dags
[2026-02-01T09:01:51.581+0000] {manager.py:879} INFO - 
================================================================================
DAG File Processing Stats

File Path                       PID    Runtime      # DAGs    # Errors  Last Runtime    Last Run
------------------------------  -----  ---------  --------  ----------  --------------  -------------------
/opt/airflow/dags/transform.py                           1           0  0.38s           2026-02-01T09:01:24
================================================================================
[2026-02-01T09:02:22.189+0000] {manager.py:879} INFO - 
================================================================================
DAG File Processing Stats

File Path                       PID    Runtime      # DAGs    # Errors  Last Runtime    Last Run
------------------------------  -----  ---------  --------  ----------  --------------  -------------------
/opt/airflow/dags/transform.py                           1           0  0.35s           2026-02-01T09:01:55
================================================================================
[2026-02-01T09:02:52.833+0000] {manager.py:879} INFO - 
================================================================================
DAG File Processing Stats

File Path                       PID    Runtime      # DAGs    # Errors  Last Runtime    Last Run
------------------------------  -----  ---------  --------  ----------  --------------  -------------------
/opt/airflow/dags/transform.py                           1           0  0.36s           2026-02-01T09:02:25
================================================================================
[2026-02-01T09:03:23.486+0000] {manager.py:879} INFO - 
================================================================================
DAG File Processing Stats

File Path                       PID    Runtime      # DAGs    # Errors  Last Runtime    Last Run
------------------------------  -----  ---------  --------  ----------  --------------  -------------------
/opt/airflow/dags/transform.py                           1           0  0.37s           2026-02-01T09:02:56
================================================================================
[2026-02-01T09:03:54.087+0000] {manager.py:879} INFO - 
================================================================================
DAG File Processing Stats

File Path                       PID    Runtime      # DAGs    # Errors  Last Runtime    Last Run
------------------------------  -----  ---------  --------  ----------  --------------  -------------------
/opt/airflow/dags/transform.py                           1           0  0.36s           2026-02-01T09:03:27
================================================================================
[2026-02-01T09:04:24.680+0000] {manager.py:879} INFO - 
================================================================================
DAG File Processing Stats

File Path                       PID    Runtime      # DAGs    # Errors  Last Runtime    Last Run
------------------------------  -----  ---------  --------  ----------  --------------  -------------------
/opt/airflow/dags/transform.py                           1           0  0.36s           2026-02-01T09:03:57
================================================================================
[2026-02-01T09:04:55.261+0000] {manager.py:879} INFO - 
================================================================================
DAG File Processing Stats

File Path                       PID    Runtime      # DAGs    # Errors  Last Runtime    Last Run
------------------------------  -----  ---------  --------  ----------  --------------  -------------------
/opt/airflow/dags/transform.py                           1           0  0.34s           2026-02-01T09:04:28
================================================================================
[2026-02-01T09:05:25.866+0000] {manager.py:879} INFO - 
================================================================================
DAG File Processing Stats

File Path                       PID    Runtime      # DAGs    # Errors  Last Runtime    Last Run
------------------------------  -----  ---------  --------  ----------  --------------  -------------------
/opt/airflow/dags/transform.py                           1           0  0.36s           2026-02-01T09:04:58
================================================================================
[2026-02-01T09:05:56.470+0000] {manager.py:879} INFO - 
================================================================================
DAG File Processing Stats

File Path                       PID    Runtime      # DAGs    # Errors  Last Runtime    Last Run
------------------------------  -----  ---------  --------  ----------  --------------  -------------------
/opt/airflow/dags/transform.py                           1           0  0.34s           2026-02-01T09:05:29
================================================================================
[2026-02-01T09:06:27.085+0000] {manager.py:879} INFO - 
================================================================================
DAG File Processing Stats

File Path                       PID    Runtime      # DAGs    # Errors  Last Runtime    Last Run
------------------------------  -----  ---------  --------  ----------  --------------  -------------------
/opt/airflow/dags/transform.py                           1           0  0.38s           2026-02-01T09:06:00
================================================================================
[2026-02-01T09:06:47.619+0000] {manager.py:738} INFO - Searching for files in /opt/airflow/dags
[2026-02-01T09:06:47.621+0000] {manager.py:741} INFO - There are 1 files in /opt/airflow/dags
[2026-02-01T09:06:57.723+0000] {manager.py:879} INFO - 
================================================================================
DAG File Processing Stats

File Path                       PID    Runtime      # DAGs    # Errors  Last Runtime    Last Run
------------------------------  -----  ---------  --------  ----------  --------------  -------------------
/opt/airflow/dags/transform.py                           1           0  0.37s           2026-02-01T09:06:30
================================================================================
[2026-02-01T09:07:28.337+0000] {manager.py:879} INFO - 
================================================================================
DAG File Processing Stats

File Path                       PID    Runtime      # DAGs    # Errors  Last Runtime    Last Run
------------------------------  -----  ---------  --------  ----------  --------------  -------------------
/opt/airflow/dags/transform.py                           1           0  0.36s           2026-02-01T09:07:01
================================================================================
[2026-02-01T09:07:58.964+0000] {manager.py:879} INFO - 
================================================================================
DAG File Processing Stats

File Path                       PID    Runtime      # DAGs    # Errors  Last Runtime    Last Run
------------------------------  -----  ---------  --------  ----------  --------------  -------------------
/opt/airflow/dags/transform.py                           1           0  0.34s           2026-02-01T09:07:32
================================================================================
[2026-02-01T09:08:29.563+0000] {manager.py:879} INFO - 
================================================================================
DAG File Processing Stats

File Path                       PID    Runtime      # DAGs    # Errors  Last Runtime    Last Run
------------------------------  -----  ---------  --------  ----------  --------------  -------------------
/opt/airflow/dags/transform.py                           1           0  0.35s           2026-02-01T09:08:02
================================================================================
[2026-02-01T09:47:17.605+0000] {manager.py:738} INFO - Searching for files in /opt/airflow/dags
[2026-02-01T09:47:17.607+0000] {manager.py:741} INFO - There are 1 files in /opt/airflow/dags
[2026-02-01T09:47:22.680+0000] {manager.py:879} INFO - 
================================================================================
DAG File Processing Stats

File Path                       PID    Runtime      # DAGs    # Errors  Last Runtime    Last Run
------------------------------  -----  ---------  --------  ----------  --------------  -------------------
/opt/airflow/dags/transform.py                           1           0  1.06s           2026-02-01T09:47:18
================================================================================
[2026-02-01T12:41:28.593+0000] {manager.py:738} INFO - Searching for files in /opt/airflow/dags
[2026-02-01T12:41:28.597+0000] {manager.py:741} INFO - There are 1 files in /opt/airflow/dags
[2026-02-01T12:41:33.587+0000] {manager.py:879} INFO - 
================================================================================
DAG File Processing Stats

File Path                       PID    Runtime      # DAGs    # Errors  Last Runtime    Last Run
------------------------------  -----  ---------  --------  ----------  --------------  -------------------
/opt/airflow/dags/transform.py                           1           0  0.94s           2026-02-01T12:41:29
================================================================================
[2026-02-01T12:42:03.894+0000] {manager.py:879} INFO - 
================================================================================
DAG File Processing Stats

File Path                       PID    Runtime      # DAGs    # Errors  Last Runtime    Last Run
------------------------------  -----  ---------  --------  ----------  --------------  -------------------
/opt/airflow/dags/transform.py                           1           0  0.34s           2026-02-01T12:42:00
================================================================================
[2026-02-01T12:42:34.451+0000] {manager.py:879} INFO - 
================================================================================
DAG File Processing Stats

File Path                       PID    Runtime      # DAGs    # Errors  Last Runtime    Last Run
------------------------------  -----  ---------  --------  ----------  --------------  -------------------
/opt/airflow/dags/transform.py                           1           0  0.35s           2026-02-01T12:42:30
================================================================================
[2026-02-01T12:43:05.002+0000] {manager.py:879} INFO - 
================================================================================
DAG File Processing Stats

File Path                       PID    Runtime      # DAGs    # Errors  Last Runtime    Last Run
------------------------------  -----  ---------  --------  ----------  --------------  -------------------
/opt/airflow/dags/transform.py                           1           0  0.41s           2026-02-01T12:43:01
================================================================================
[2026-02-01T12:43:35.013+0000] {manager.py:879} INFO - 
================================================================================
DAG File Processing Stats

File Path                       PID    Runtime      # DAGs    # Errors  Last Runtime    Last Run
------------------------------  -----  ---------  --------  ----------  --------------  -------------------
/opt/airflow/dags/transform.py                           1           0  0.41s           2026-02-01T12:43:31
================================================================================
[2026-02-01T12:44:05.302+0000] {manager.py:879} INFO - 
================================================================================
DAG File Processing Stats

File Path                       PID    Runtime      # DAGs    # Errors  Last Runtime    Last Run
------------------------------  -----  ---------  --------  ----------  --------------  -------------------
/opt/airflow/dags/transform.py                           1           0  0.36s           2026-02-01T12:44:02
================================================================================
[2026-02-01T12:44:35.408+0000] {manager.py:879} INFO - 
================================================================================
DAG File Processing Stats

File Path                       PID    Runtime      # DAGs    # Errors  Last Runtime    Last Run
------------------------------  -----  ---------  --------  ----------  --------------  -------------------
/opt/airflow/dags/transform.py                           1           0  0.56s           2026-02-01T12:44:33
================================================================================
[2026-02-01T12:45:06.064+0000] {manager.py:879} INFO - 
================================================================================
DAG File Processing Stats

File Path                       PID    Runtime      # DAGs    # Errors  Last Runtime    Last Run
------------------------------  -----  ---------  --------  ----------  --------------  -------------------
/opt/airflow/dags/transform.py                           1           0  0.49s           2026-02-01T12:45:04
================================================================================
[2026-02-01T12:45:36.271+0000] {manager.py:879} INFO - 
================================================================================
DAG File Processing Stats

File Path                       PID    Runtime      # DAGs    # Errors  Last Runtime    Last Run
------------------------------  -----  ---------  --------  ----------  --------------  -------------------
/opt/airflow/dags/transform.py                           1           0  0.37s           2026-02-01T12:45:34
================================================================================
[2026-02-01T12:46:06.921+0000] {manager.py:879} INFO - 
================================================================================
DAG File Processing Stats

File Path                       PID    Runtime      # DAGs    # Errors  Last Runtime    Last Run
------------------------------  -----  ---------  --------  ----------  --------------  -------------------
/opt/airflow/dags/transform.py                           1           0  0.36s           2026-02-01T12:46:05
================================================================================
[2026-02-01T12:46:29.066+0000] {manager.py:738} INFO - Searching for files in /opt/airflow/dags
[2026-02-01T12:46:29.067+0000] {manager.py:741} INFO - There are 1 files in /opt/airflow/dags
[2026-02-01T12:46:36.967+0000] {manager.py:879} INFO - 
================================================================================
DAG File Processing Stats

File Path                       PID    Runtime      # DAGs    # Errors  Last Runtime    Last Run
------------------------------  -----  ---------  --------  ----------  --------------  -------------------
/opt/airflow/dags/transform.py                           1           0  0.45s           2026-02-01T12:46:35
================================================================================
[2026-02-01T12:47:07.234+0000] {manager.py:879} INFO - 
================================================================================
DAG File Processing Stats

File Path                       PID    Runtime      # DAGs    # Errors  Last Runtime    Last Run
------------------------------  -----  ---------  --------  ----------  --------------  -------------------
/opt/airflow/dags/transform.py                           1           0  0.36s           2026-02-01T12:47:06
================================================================================
[2026-02-01T12:47:37.871+0000] {manager.py:879} INFO - 
================================================================================
DAG File Processing Stats

File Path                       PID    Runtime      # DAGs    # Errors  Last Runtime    Last Run
------------------------------  -----  ---------  --------  ----------  --------------  -------------------
/opt/airflow/dags/transform.py                           1           0  0.34s           2026-02-01T12:47:37
================================================================================
[2026-02-01T12:48:08.466+0000] {manager.py:879} INFO - 
================================================================================
DAG File Processing Stats

File Path                       PID    Runtime      # DAGs    # Errors  Last Runtime    Last Run
------------------------------  -----  ---------  --------  ----------  --------------  -------------------
/opt/airflow/dags/transform.py                           1           0  0.40s           2026-02-01T12:48:07
================================================================================
[2026-02-01T12:48:39.115+0000] {manager.py:879} INFO - 
================================================================================
DAG File Processing Stats

File Path                       PID    Runtime      # DAGs    # Errors  Last Runtime    Last Run
------------------------------  -----  ---------  --------  ----------  --------------  -------------------
/opt/airflow/dags/transform.py                           1           0  0.34s           2026-02-01T12:48:38
================================================================================
[2026-02-01T12:49:09.734+0000] {manager.py:879} INFO - 
================================================================================
DAG File Processing Stats

File Path                       PID    Runtime      # DAGs    # Errors  Last Runtime    Last Run
------------------------------  -----  ---------  --------  ----------  --------------  -------------------
/opt/airflow/dags/transform.py                           1           0  0.34s           2026-02-01T12:49:09
================================================================================
[2026-02-01T12:49:40.353+0000] {manager.py:879} INFO - 
================================================================================
DAG File Processing Stats

File Path                       PID    Runtime      # DAGs    # Errors  Last Runtime    Last Run
------------------------------  -----  ---------  --------  ----------  --------------  -------------------
/opt/airflow/dags/transform.py                           1           0  0.34s           2026-02-01T12:49:39
================================================================================
[2026-02-01T12:50:10.945+0000] {manager.py:879} INFO - 
================================================================================
DAG File Processing Stats

File Path                       PID    Runtime      # DAGs    # Errors  Last Runtime    Last Run
------------------------------  -----  ---------  --------  ----------  --------------  -------------------
/opt/airflow/dags/transform.py                           1           0  0.38s           2026-02-01T12:50:10
================================================================================
[2026-02-01T12:50:41.557+0000] {manager.py:879} INFO - 
================================================================================
DAG File Processing Stats

File Path                       PID    Runtime      # DAGs    # Errors  Last Runtime    Last Run
------------------------------  -----  ---------  --------  ----------  --------------  -------------------
/opt/airflow/dags/transform.py                           1           0  0.38s           2026-02-01T12:50:40
================================================================================
[2026-02-01T12:51:12.153+0000] {manager.py:879} INFO - 
================================================================================
DAG File Processing Stats

File Path                       PID    Runtime      # DAGs    # Errors  Last Runtime    Last Run
------------------------------  -----  ---------  --------  ----------  --------------  -------------------
/opt/airflow/dags/transform.py                           1           0  0.35s           2026-02-01T12:51:11
================================================================================
[2026-02-01T12:51:29.301+0000] {manager.py:738} INFO - Searching for files in /opt/airflow/dags
[2026-02-01T12:51:29.306+0000] {manager.py:741} INFO - There are 1 files in /opt/airflow/dags
[2026-02-01T12:51:42.747+0000] {manager.py:879} INFO - 
================================================================================
DAG File Processing Stats

File Path                       PID    Runtime      # DAGs    # Errors  Last Runtime    Last Run
------------------------------  -----  ---------  --------  ----------  --------------  -------------------
/opt/airflow/dags/transform.py                           1           0  0.38s           2026-02-01T12:51:42
================================================================================
[2026-02-01T12:52:13.377+0000] {manager.py:879} INFO - 
================================================================================
DAG File Processing Stats

File Path                       PID    Runtime      # DAGs    # Errors  Last Runtime    Last Run
------------------------------  -----  ---------  --------  ----------  --------------  -------------------
/opt/airflow/dags/transform.py                           1           0  0.34s           2026-02-01T12:52:12
================================================================================
[2026-02-01T12:52:43.989+0000] {manager.py:879} INFO - 
================================================================================
DAG File Processing Stats

File Path                       PID    Runtime      # DAGs    # Errors  Last Runtime    Last Run
------------------------------  -----  ---------  --------  ----------  --------------  -------------------
/opt/airflow/dags/transform.py                           1           0  0.38s           2026-02-01T12:52:43
================================================================================
[2026-02-01T12:53:14.621+0000] {manager.py:879} INFO - 
================================================================================
DAG File Processing Stats

File Path                       PID    Runtime      # DAGs    # Errors  Last Runtime    Last Run
------------------------------  -----  ---------  --------  ----------  --------------  -------------------
/opt/airflow/dags/transform.py                           1           0  0.35s           2026-02-01T12:53:13
================================================================================
[2026-02-01T12:53:45.221+0000] {manager.py:879} INFO - 
================================================================================
DAG File Processing Stats

File Path                       PID    Runtime      # DAGs    # Errors  Last Runtime    Last Run
------------------------------  -----  ---------  --------  ----------  --------------  -------------------
/opt/airflow/dags/transform.py                           1           0  0.34s           2026-02-01T12:53:44
================================================================================
[2026-02-01T12:54:15.831+0000] {manager.py:879} INFO - 
================================================================================
DAG File Processing Stats

File Path                       PID    Runtime      # DAGs    # Errors  Last Runtime    Last Run
------------------------------  -----  ---------  --------  ----------  --------------  -------------------
/opt/airflow/dags/transform.py                           1           0  0.36s           2026-02-01T12:54:15
================================================================================
[2026-02-01T12:54:46.395+0000] {manager.py:879} INFO - 
================================================================================
DAG File Processing Stats

File Path                       PID    Runtime      # DAGs    # Errors  Last Runtime    Last Run
------------------------------  -----  ---------  --------  ----------  --------------  -------------------
/opt/airflow/dags/transform.py                           1           0  0.42s           2026-02-01T12:54:45
================================================================================
[2026-02-01T12:55:17.035+0000] {manager.py:879} INFO - 
================================================================================
DAG File Processing Stats

File Path                       PID    Runtime      # DAGs    # Errors  Last Runtime    Last Run
------------------------------  -----  ---------  --------  ----------  --------------  -------------------
/opt/airflow/dags/transform.py                           1           0  0.33s           2026-02-01T12:55:16
================================================================================
[2026-02-01T12:55:47.636+0000] {manager.py:879} INFO - 
================================================================================
DAG File Processing Stats

File Path                       PID    Runtime      # DAGs    # Errors  Last Runtime    Last Run
------------------------------  -----  ---------  --------  ----------  --------------  -------------------
/opt/airflow/dags/transform.py                           1           0  0.40s           2026-02-01T12:55:47
================================================================================
[2026-02-01T12:56:17.648+0000] {manager.py:879} INFO - 
================================================================================
DAG File Processing Stats

File Path                       PID    Runtime      # DAGs    # Errors  Last Runtime    Last Run
------------------------------  -----  ---------  --------  ----------  --------------  -------------------
/opt/airflow/dags/transform.py                           1           0  0.37s           2026-02-01T12:56:17
================================================================================
[2026-02-01T12:56:29.389+0000] {manager.py:738} INFO - Searching for files in /opt/airflow/dags
[2026-02-01T12:56:29.396+0000] {manager.py:741} INFO - There are 1 files in /opt/airflow/dags
[2026-02-01T12:56:47.937+0000] {manager.py:879} INFO - 
================================================================================
DAG File Processing Stats

File Path                         PID  Runtime      # DAGs    # Errors  Last Runtime    Last Run
------------------------------  -----  ---------  --------  ----------  --------------  -------------------
/opt/airflow/dags/transform.py    504  0.02s             1           0  0.37s           2026-02-01T12:56:17
================================================================================
[2026-02-01T12:57:18.175+0000] {manager.py:879} INFO - 
================================================================================
DAG File Processing Stats

File Path                       PID    Runtime      # DAGs    # Errors  Last Runtime    Last Run
------------------------------  -----  ---------  --------  ----------  --------------  -------------------
/opt/airflow/dags/transform.py                           1           0  0.37s           2026-02-01T12:56:48
================================================================================
[2026-02-01T12:57:48.852+0000] {manager.py:879} INFO - 
================================================================================
DAG File Processing Stats

File Path                       PID    Runtime      # DAGs    # Errors  Last Runtime    Last Run
------------------------------  -----  ---------  --------  ----------  --------------  -------------------
/opt/airflow/dags/transform.py                           1           0  0.37s           2026-02-01T12:57:18
================================================================================
[2026-02-01T12:58:19.469+0000] {manager.py:879} INFO - 
================================================================================
DAG File Processing Stats

File Path                       PID    Runtime      # DAGs    # Errors  Last Runtime    Last Run
------------------------------  -----  ---------  --------  ----------  --------------  -------------------
/opt/airflow/dags/transform.py                           1           0  0.38s           2026-02-01T12:57:49
================================================================================
[2026-02-01T12:58:50.076+0000] {manager.py:879} INFO - 
================================================================================
DAG File Processing Stats

File Path                       PID    Runtime      # DAGs    # Errors  Last Runtime    Last Run
------------------------------  -----  ---------  --------  ----------  --------------  -------------------
/opt/airflow/dags/transform.py                           1           0  0.36s           2026-02-01T12:58:20
================================================================================
[2026-02-01T12:59:20.671+0000] {manager.py:879} INFO - 
================================================================================
DAG File Processing Stats

File Path                       PID    Runtime      # DAGs    # Errors  Last Runtime    Last Run
------------------------------  -----  ---------  --------  ----------  --------------  -------------------
/opt/airflow/dags/transform.py                           1           0  0.37s           2026-02-01T12:58:50
================================================================================
[2026-02-01T12:59:51.219+0000] {manager.py:879} INFO - 
================================================================================
DAG File Processing Stats

File Path                       PID    Runtime      # DAGs    # Errors  Last Runtime    Last Run
------------------------------  -----  ---------  --------  ----------  --------------  -------------------
/opt/airflow/dags/transform.py                           1           0  0.38s           2026-02-01T12:59:21
================================================================================
[2026-02-01T13:00:21.768+0000] {manager.py:879} INFO - 
================================================================================
DAG File Processing Stats

File Path                       PID    Runtime      # DAGs    # Errors  Last Runtime    Last Run
------------------------------  -----  ---------  --------  ----------  --------------  -------------------
/opt/airflow/dags/transform.py                           1           0  0.38s           2026-02-01T12:59:51
================================================================================
[2026-02-01T13:00:52.419+0000] {manager.py:879} INFO - 
================================================================================
DAG File Processing Stats

File Path                       PID    Runtime      # DAGs    # Errors  Last Runtime    Last Run
------------------------------  -----  ---------  --------  ----------  --------------  -------------------
/opt/airflow/dags/transform.py                           1           0  0.36s           2026-02-01T13:00:22
================================================================================
[2026-02-01T13:01:22.991+0000] {manager.py:879} INFO - 
================================================================================
DAG File Processing Stats

File Path                       PID    Runtime      # DAGs    # Errors  Last Runtime    Last Run
------------------------------  -----  ---------  --------  ----------  --------------  -------------------
/opt/airflow/dags/transform.py                           1           0  0.38s           2026-02-01T13:00:53
================================================================================
[2026-02-01T13:01:29.406+0000] {manager.py:738} INFO - Searching for files in /opt/airflow/dags
[2026-02-01T13:01:29.410+0000] {manager.py:741} INFO - There are 1 files in /opt/airflow/dags
[2026-02-01T13:01:53.584+0000] {manager.py:879} INFO - 
================================================================================
DAG File Processing Stats

File Path                       PID    Runtime      # DAGs    # Errors  Last Runtime    Last Run
------------------------------  -----  ---------  --------  ----------  --------------  -------------------
/opt/airflow/dags/transform.py                           1           0  0.36s           2026-02-01T13:01:23
================================================================================
[2026-02-01T13:02:24.214+0000] {manager.py:879} INFO - 
================================================================================
DAG File Processing Stats

File Path                       PID    Runtime      # DAGs    # Errors  Last Runtime    Last Run
------------------------------  -----  ---------  --------  ----------  --------------  -------------------
/opt/airflow/dags/transform.py                           1           0  0.37s           2026-02-01T13:01:54
================================================================================
[2026-02-01T13:02:54.842+0000] {manager.py:879} INFO - 
================================================================================
DAG File Processing Stats

File Path                       PID    Runtime      # DAGs    # Errors  Last Runtime    Last Run
------------------------------  -----  ---------  --------  ----------  --------------  -------------------
/opt/airflow/dags/transform.py                           1           0  0.39s           2026-02-01T13:02:24
================================================================================
[2026-02-01T13:03:25.499+0000] {manager.py:879} INFO - 
================================================================================
DAG File Processing Stats

File Path                       PID    Runtime      # DAGs    # Errors  Last Runtime    Last Run
------------------------------  -----  ---------  --------  ----------  --------------  -------------------
/opt/airflow/dags/transform.py                           1           0  0.36s           2026-02-01T13:02:55
================================================================================
[2026-02-01T13:03:56.080+0000] {manager.py:879} INFO - 
================================================================================
DAG File Processing Stats

File Path                       PID    Runtime      # DAGs    # Errors  Last Runtime    Last Run
------------------------------  -----  ---------  --------  ----------  --------------  -------------------
/opt/airflow/dags/transform.py                           1           0  0.34s           2026-02-01T13:03:26
================================================================================
[2026-02-01T13:04:26.704+0000] {manager.py:879} INFO - 
================================================================================
DAG File Processing Stats

File Path                       PID    Runtime      # DAGs    # Errors  Last Runtime    Last Run
------------------------------  -----  ---------  --------  ----------  --------------  -------------------
/opt/airflow/dags/transform.py                           1           0  0.42s           2026-02-01T13:03:56
================================================================================
[2026-02-01T13:04:57.339+0000] {manager.py:879} INFO - 
================================================================================
DAG File Processing Stats

File Path                       PID    Runtime      # DAGs    # Errors  Last Runtime    Last Run
------------------------------  -----  ---------  --------  ----------  --------------  -------------------
/opt/airflow/dags/transform.py                           1           0  0.37s           2026-02-01T13:04:27
================================================================================
